[ 2017-05-17T00:08:23+08:00 ] 127.0.0.1 /
INFO: [ app_init ] --START--
INFO: Run Behavior\BuildLiteBehavior [ RunTime:0.000034s ]
INFO: [ app_init ] --END-- [ RunTime:0.000564s ]
INFO: [ app_begin ] --START--
INFO: Run Behavior\ReadHtmlCacheBehavior [ RunTime:0.000763s ]
INFO: [ app_begin ] --END-- [ RunTime:0.000932s ]
NOTIC: [2] Missing argument 1 for Library\Form\CreateForm::exec(), called in D:\program\dodi\tp3\Application\Home\Controller\IndexController.class.php on line 7 and defined D:\program\dodi\tp3\Application\Library\Form\CreateForm.class.php 第 32 行.

[ 2017-05-17T00:09:02+08:00 ] 127.0.0.1 /
INFO: [ app_init ] --START--
INFO: Run Behavior\BuildLiteBehavior [ RunTime:0.000035s ]
INFO: [ app_init ] --END-- [ RunTime:0.000552s ]
INFO: [ app_begin ] --START--
INFO: Run Behavior\ReadHtmlCacheBehavior [ RunTime:0.000671s ]
INFO: [ app_begin ] --END-- [ RunTime:0.000864s ]
NOTIC: [2] Missing argument 1 for Library\Form\CreateForm::exec(), called in D:\program\dodi\tp3\Application\Home\Controller\IndexController.class.php on line 7 and defined D:\program\dodi\tp3\Application\Library\Form\CreateForm.class.php 第 32 行.

[ 2017-05-17T00:09:14+08:00 ] 127.0.0.1 /
INFO: [ app_init ] --START--
INFO: Run Behavior\BuildLiteBehavior [ RunTime:0.000060s ]
INFO: [ app_init ] --END-- [ RunTime:0.000761s ]
INFO: [ app_begin ] --START--
INFO: Run Behavior\ReadHtmlCacheBehavior [ RunTime:0.000666s ]
INFO: [ app_begin ] --END-- [ RunTime:0.000880s ]
NOTIC: [2] Missing argument 1 for Library\Form\CreateForm::exec(), called in D:\program\dodi\tp3\Application\Home\Controller\IndexController.class.php on line 7 and defined D:\program\dodi\tp3\Application\Library\Form\CreateForm.class.php 第 32 行.

[ 2017-05-17T00:12:08+08:00 ] 127.0.0.1 /
INFO: [ app_init ] --START--
INFO: Run Behavior\BuildLiteBehavior [ RunTime:0.000034s ]
INFO: [ app_init ] --END-- [ RunTime:0.000571s ]
INFO: [ app_begin ] --START--
INFO: Run Behavior\ReadHtmlCacheBehavior [ RunTime:0.000771s ]
INFO: [ app_begin ] --END-- [ RunTime:0.000937s ]
NOTIC: [2] Missing argument 1 for Library\Form\CreateForm::exec(), called in D:\program\dodi\tp3\Application\Home\Controller\IndexController.class.php on line 7 and defined D:\program\dodi\tp3\Application\Library\Form\CreateForm.class.php 第 32 行.

[ 2017-05-17T00:15:11+08:00 ] 127.0.0.1 /
INFO: [ app_init ] --START--
INFO: Run Behavior\BuildLiteBehavior [ RunTime:0.000033s ]
INFO: [ app_init ] --END-- [ RunTime:0.000553s ]
INFO: [ app_begin ] --START--
INFO: Run Behavior\ReadHtmlCacheBehavior [ RunTime:0.001006s ]
INFO: [ app_begin ] --END-- [ RunTime:0.001308s ]
NOTIC: [2] Missing argument 1 for Library\Form\CreateForm::exec(), called in D:\program\dodi\tp3\Application\Home\Controller\IndexController.class.php on line 7 and defined D:\program\dodi\tp3\Application\Library\Form\CreateForm.class.php 第 32 行.

