[ 2017-05-19T00:06:55+08:00 ] 127.0.0.1 /
INFO: [ app_init ] --START--
INFO: Run Behavior\BuildLiteBehavior [ RunTime:0.000031s ]
INFO: [ app_init ] --END-- [ RunTime:0.001524s ]
INFO: [ app_begin ] --START--
INFO: Run Behavior\ReadHtmlCacheBehavior [ RunTime:0.000865s ]
INFO: [ app_begin ] --END-- [ RunTime:0.001033s ]
SQL: SHOW COLUMNS FROM `tp_goods_category` [ RunTime:0.0144s ]
NOTIC: [8] Undefined offset: 0 D:\program\dodi\tp3\ThinkPHP\Library\Think\Model.class.php 第 222 行.
NOTIC: [8] Undefined index: auto D:\program\dodi\tp3\ThinkPHP\Library\Think\Model.class.php 第 1128 行.

[ 2017-05-19T00:07:13+08:00 ] 127.0.0.1 /
INFO: [ app_init ] --START--
INFO: Run Behavior\BuildLiteBehavior [ RunTime:0.000050s ]
INFO: [ app_init ] --END-- [ RunTime:0.000773s ]
INFO: [ app_begin ] --START--
INFO: Run Behavior\ReadHtmlCacheBehavior [ RunTime:0.000716s ]
INFO: [ app_begin ] --END-- [ RunTime:0.000962s ]
SQL: SHOW COLUMNS FROM `tp_goods_category` [ RunTime:0.0040s ]
NOTIC: [8] Undefined offset: 0 D:\program\dodi\tp3\ThinkPHP\Library\Think\Model.class.php 第 222 行.
NOTIC: [8] Undefined index: auto D:\program\dodi\tp3\ThinkPHP\Library\Think\Model.class.php 第 1128 行.

[ 2017-05-19T00:07:14+08:00 ] 127.0.0.1 /
INFO: [ app_init ] --START--
INFO: Run Behavior\BuildLiteBehavior [ RunTime:0.000101s ]
INFO: [ app_init ] --END-- [ RunTime:0.000852s ]
INFO: [ app_begin ] --START--
INFO: Run Behavior\ReadHtmlCacheBehavior [ RunTime:0.000482s ]
INFO: [ app_begin ] --END-- [ RunTime:0.000643s ]
SQL: SHOW COLUMNS FROM `tp_goods_category` [ RunTime:0.0013s ]
NOTIC: [8] Undefined offset: 0 D:\program\dodi\tp3\ThinkPHP\Library\Think\Model.class.php 第 222 行.
NOTIC: [8] Undefined index: auto D:\program\dodi\tp3\ThinkPHP\Library\Think\Model.class.php 第 1128 行.

[ 2017-05-19T00:07:15+08:00 ] 127.0.0.1 /
INFO: [ app_init ] --START--
INFO: Run Behavior\BuildLiteBehavior [ RunTime:0.000029s ]
INFO: [ app_init ] --END-- [ RunTime:0.000448s ]
INFO: [ app_begin ] --START--
INFO: Run Behavior\ReadHtmlCacheBehavior [ RunTime:0.000475s ]
INFO: [ app_begin ] --END-- [ RunTime:0.000617s ]
SQL: SHOW COLUMNS FROM `tp_goods_category` [ RunTime:0.0009s ]
NOTIC: [8] Undefined offset: 0 D:\program\dodi\tp3\ThinkPHP\Library\Think\Model.class.php 第 222 行.
NOTIC: [8] Undefined index: auto D:\program\dodi\tp3\ThinkPHP\Library\Think\Model.class.php 第 1128 行.

[ 2017-05-19T00:07:33+08:00 ] 127.0.0.1 /
INFO: [ app_init ] --START--
INFO: Run Behavior\BuildLiteBehavior [ RunTime:0.000029s ]
INFO: [ app_init ] --END-- [ RunTime:0.000445s ]
INFO: [ app_begin ] --START--
INFO: Run Behavior\ReadHtmlCacheBehavior [ RunTime:0.000448s ]
INFO: [ app_begin ] --END-- [ RunTime:0.000589s ]
SQL: SHOW COLUMNS FROM `tp_goods_category` [ RunTime:0.0026s ]
NOTIC: [8] Undefined index: auto D:\program\dodi\tp3\ThinkPHP\Library\Think\Model.class.php 第 1128 行.

[ 2017-05-19T00:07:35+08:00 ] 127.0.0.1 /
INFO: [ app_init ] --START--
INFO: Run Behavior\BuildLiteBehavior [ RunTime:0.000050s ]
INFO: [ app_init ] --END-- [ RunTime:0.000574s ]
INFO: [ app_begin ] --START--
INFO: Run Behavior\ReadHtmlCacheBehavior [ RunTime:0.000540s ]
INFO: [ app_begin ] --END-- [ RunTime:0.000710s ]
SQL: SHOW COLUMNS FROM `tp_goods_category` [ RunTime:0.0009s ]
NOTIC: [8] Undefined index: auto D:\program\dodi\tp3\ThinkPHP\Library\Think\Model.class.php 第 1128 行.

[ 2017-05-19T00:07:35+08:00 ] 127.0.0.1 /
INFO: [ app_init ] --START--
INFO: Run Behavior\BuildLiteBehavior [ RunTime:0.000031s ]
INFO: [ app_init ] --END-- [ RunTime:0.000458s ]
INFO: [ app_begin ] --START--
INFO: Run Behavior\ReadHtmlCacheBehavior [ RunTime:0.000482s ]
INFO: [ app_begin ] --END-- [ RunTime:0.000646s ]
SQL: SHOW COLUMNS FROM `tp_goods_category` [ RunTime:0.0023s ]
NOTIC: [8] Undefined index: auto D:\program\dodi\tp3\ThinkPHP\Library\Think\Model.class.php 第 1128 行.

[ 2017-05-19T00:07:35+08:00 ] 127.0.0.1 /
INFO: [ app_init ] --START--
INFO: Run Behavior\BuildLiteBehavior [ RunTime:0.000030s ]
INFO: [ app_init ] --END-- [ RunTime:0.000469s ]
INFO: [ app_begin ] --START--
INFO: Run Behavior\ReadHtmlCacheBehavior [ RunTime:0.000647s ]
INFO: [ app_begin ] --END-- [ RunTime:0.000876s ]
SQL: SHOW COLUMNS FROM `tp_goods_category` [ RunTime:0.0013s ]
NOTIC: [8] Undefined index: auto D:\program\dodi\tp3\ThinkPHP\Library\Think\Model.class.php 第 1128 行.

[ 2017-05-19T00:07:45+08:00 ] 127.0.0.1 /
INFO: [ app_init ] --START--
INFO: Run Behavior\BuildLiteBehavior [ RunTime:0.000050s ]
INFO: [ app_init ] --END-- [ RunTime:0.000650s ]
INFO: [ app_begin ] --START--
INFO: Run Behavior\ReadHtmlCacheBehavior [ RunTime:0.000509s ]
INFO: [ app_begin ] --END-- [ RunTime:0.000697s ]
SQL: SHOW COLUMNS FROM `tp_goods_category` [ RunTime:0.0082s ]
NOTIC: [8] Undefined index: auto D:\program\dodi\tp3\ThinkPHP\Library\Think\Model.class.php 第 1128 行.

[ 2017-05-19T00:07:46+08:00 ] 127.0.0.1 /
INFO: [ app_init ] --START--
INFO: Run Behavior\BuildLiteBehavior [ RunTime:0.000031s ]
INFO: [ app_init ] --END-- [ RunTime:0.000569s ]
INFO: [ app_begin ] --START--
INFO: Run Behavior\ReadHtmlCacheBehavior [ RunTime:0.000454s ]
INFO: [ app_begin ] --END-- [ RunTime:0.000596s ]
SQL: SHOW COLUMNS FROM `tp_goods_category` [ RunTime:0.0010s ]
NOTIC: [8] Undefined index: auto D:\program\dodi\tp3\ThinkPHP\Library\Think\Model.class.php 第 1128 行.

[ 2017-05-19T00:07:46+08:00 ] 127.0.0.1 /
INFO: [ app_init ] --START--
INFO: Run Behavior\BuildLiteBehavior [ RunTime:0.000117s ]
INFO: [ app_init ] --END-- [ RunTime:0.002108s ]
INFO: [ app_begin ] --START--
INFO: Run Behavior\ReadHtmlCacheBehavior [ RunTime:0.000837s ]
INFO: [ app_begin ] --END-- [ RunTime:0.001102s ]
SQL: SHOW COLUMNS FROM `tp_goods_category` [ RunTime:0.0012s ]
NOTIC: [8] Undefined index: auto D:\program\dodi\tp3\ThinkPHP\Library\Think\Model.class.php 第 1128 行.

[ 2017-05-19T00:07:46+08:00 ] 127.0.0.1 /
INFO: [ app_init ] --START--
INFO: Run Behavior\BuildLiteBehavior [ RunTime:0.000030s ]
INFO: [ app_init ] --END-- [ RunTime:0.000443s ]
INFO: [ app_begin ] --START--
INFO: Run Behavior\ReadHtmlCacheBehavior [ RunTime:0.000448s ]
INFO: [ app_begin ] --END-- [ RunTime:0.000589s ]
SQL: SHOW COLUMNS FROM `tp_goods_category` [ RunTime:0.0009s ]
NOTIC: [8] Undefined index: auto D:\program\dodi\tp3\ThinkPHP\Library\Think\Model.class.php 第 1128 行.

[ 2017-05-19T00:07:53+08:00 ] 127.0.0.1 /
INFO: [ app_init ] --START--
INFO: Run Behavior\BuildLiteBehavior [ RunTime:0.000036s ]
INFO: [ app_init ] --END-- [ RunTime:0.000631s ]
INFO: [ app_begin ] --START--
INFO: Run Behavior\ReadHtmlCacheBehavior [ RunTime:0.000597s ]
INFO: [ app_begin ] --END-- [ RunTime:0.000791s ]
SQL: SHOW COLUMNS FROM `tp_goods_category` [ RunTime:0.0008s ]

[ 2017-05-19T00:08:09+08:00 ] 127.0.0.1 /
INFO: [ app_init ] --START--
INFO: Run Behavior\BuildLiteBehavior [ RunTime:0.000062s ]
INFO: [ app_init ] --END-- [ RunTime:0.000663s ]
INFO: [ app_begin ] --START--
INFO: Run Behavior\ReadHtmlCacheBehavior [ RunTime:0.000755s ]
INFO: [ app_begin ] --END-- [ RunTime:0.000993s ]
SQL: SHOW COLUMNS FROM `tp_goods_category` [ RunTime:0.0011s ]

[ 2017-05-19T00:08:19+08:00 ] 127.0.0.1 /
INFO: [ app_init ] --START--
INFO: Run Behavior\BuildLiteBehavior [ RunTime:0.000049s ]
INFO: [ app_init ] --END-- [ RunTime:0.000570s ]
INFO: [ app_begin ] --START--
INFO: Run Behavior\ReadHtmlCacheBehavior [ RunTime:0.000579s ]
INFO: [ app_begin ] --END-- [ RunTime:0.000783s ]
SQL: SHOW COLUMNS FROM `tp_goods_category` [ RunTime:0.0009s ]
NOTIC: [8] Undefined index: auto D:\program\dodi\tp3\ThinkPHP\Library\Think\Model.class.php 第 1128 行.

[ 2017-05-19T00:08:31+08:00 ] 127.0.0.1 /
INFO: [ app_init ] --START--
INFO: Run Behavior\BuildLiteBehavior [ RunTime:0.000030s ]
INFO: [ app_init ] --END-- [ RunTime:0.000447s ]
INFO: [ app_begin ] --START--
INFO: Run Behavior\ReadHtmlCacheBehavior [ RunTime:0.000445s ]
INFO: [ app_begin ] --END-- [ RunTime:0.000598s ]
SQL: SHOW COLUMNS FROM `tp_goods_category` [ RunTime:0.0025s ]

[ 2017-05-19T00:09:40+08:00 ] 127.0.0.1 /
INFO: [ app_init ] --START--
INFO: Run Behavior\BuildLiteBehavior [ RunTime:0.000032s ]
INFO: [ app_init ] --END-- [ RunTime:0.000633s ]
INFO: [ app_begin ] --START--
INFO: Run Behavior\ReadHtmlCacheBehavior [ RunTime:0.000940s ]
INFO: [ app_begin ] --END-- [ RunTime:0.001123s ]
SQL: SHOW COLUMNS FROM `tp_goods_category` [ RunTime:0.0011s ]

[ 2017-05-19T00:09:41+08:00 ] 127.0.0.1 /
INFO: [ app_init ] --START--
INFO: Run Behavior\BuildLiteBehavior [ RunTime:0.000041s ]
INFO: [ app_init ] --END-- [ RunTime:0.000637s ]
INFO: [ app_begin ] --START--
INFO: Run Behavior\ReadHtmlCacheBehavior [ RunTime:0.000521s ]
INFO: [ app_begin ] --END-- [ RunTime:0.000681s ]
SQL: SHOW COLUMNS FROM `tp_goods_category` [ RunTime:0.0012s ]

[ 2017-05-19T00:09:41+08:00 ] 127.0.0.1 /
INFO: [ app_init ] --START--
INFO: Run Behavior\BuildLiteBehavior [ RunTime:0.000050s ]
INFO: [ app_init ] --END-- [ RunTime:0.001244s ]
INFO: [ app_begin ] --START--
INFO: Run Behavior\ReadHtmlCacheBehavior [ RunTime:0.001337s ]
INFO: [ app_begin ] --END-- [ RunTime:0.001722s ]
SQL: SHOW COLUMNS FROM `tp_goods_category` [ RunTime:0.0007s ]

[ 2017-05-19T00:09:41+08:00 ] 127.0.0.1 /
INFO: [ app_init ] --START--
INFO: Run Behavior\BuildLiteBehavior [ RunTime:0.000039s ]
INFO: [ app_init ] --END-- [ RunTime:0.001058s ]
INFO: [ app_begin ] --START--
INFO: Run Behavior\ReadHtmlCacheBehavior [ RunTime:0.000854s ]
INFO: [ app_begin ] --END-- [ RunTime:0.001110s ]
SQL: SHOW COLUMNS FROM `tp_goods_category` [ RunTime:0.0009s ]

[ 2017-05-19T00:11:12+08:00 ] 127.0.0.1 /
INFO: [ app_init ] --START--
INFO: Run Behavior\BuildLiteBehavior [ RunTime:0.000036s ]
INFO: [ app_init ] --END-- [ RunTime:0.000973s ]
INFO: [ app_begin ] --START--
INFO: Run Behavior\ReadHtmlCacheBehavior [ RunTime:0.000607s ]
INFO: [ app_begin ] --END-- [ RunTime:0.000814s ]
SQL: SHOW COLUMNS FROM `tp_goods_category` [ RunTime:0.0012s ]

[ 2017-05-19T00:11:17+08:00 ] 127.0.0.1 /
INFO: [ app_init ] --START--
INFO: Run Behavior\BuildLiteBehavior [ RunTime:0.000036s ]
INFO: [ app_init ] --END-- [ RunTime:0.000601s ]
INFO: [ app_begin ] --START--
INFO: Run Behavior\ReadHtmlCacheBehavior [ RunTime:0.000578s ]
INFO: [ app_begin ] --END-- [ RunTime:0.000758s ]
SQL: SHOW COLUMNS FROM `tp_goods_category` [ RunTime:0.0011s ]

[ 2017-05-19T00:11:18+08:00 ] 127.0.0.1 /
INFO: [ app_init ] --START--
INFO: Run Behavior\BuildLiteBehavior [ RunTime:0.000033s ]
INFO: [ app_init ] --END-- [ RunTime:0.000832s ]
INFO: [ app_begin ] --START--
INFO: Run Behavior\ReadHtmlCacheBehavior [ RunTime:0.000499s ]
INFO: [ app_begin ] --END-- [ RunTime:0.000666s ]
SQL: SHOW COLUMNS FROM `tp_goods_category` [ RunTime:0.0008s ]

[ 2017-05-19T00:11:18+08:00 ] 127.0.0.1 /
INFO: [ app_init ] --START--
INFO: Run Behavior\BuildLiteBehavior [ RunTime:0.000030s ]
INFO: [ app_init ] --END-- [ RunTime:0.000607s ]
INFO: [ app_begin ] --START--
INFO: Run Behavior\ReadHtmlCacheBehavior [ RunTime:0.000506s ]
INFO: [ app_begin ] --END-- [ RunTime:0.000659s ]
SQL: SHOW COLUMNS FROM `tp_goods_category` [ RunTime:0.0007s ]

[ 2017-05-19T00:11:23+08:00 ] 127.0.0.1 /
INFO: [ app_init ] --START--
INFO: Run Behavior\BuildLiteBehavior [ RunTime:0.000054s ]
INFO: [ app_init ] --END-- [ RunTime:0.000905s ]
INFO: [ app_begin ] --START--
INFO: Run Behavior\ReadHtmlCacheBehavior [ RunTime:0.000633s ]
INFO: [ app_begin ] --END-- [ RunTime:0.000839s ]
SQL: SHOW COLUMNS FROM `tp_goods_category` [ RunTime:0.0008s ]
SQL: SELECT * FROM `tp_goods_category` WHERE `name` = 'asdf' LIMIT 1   [ RunTime:0.0112s ]
NOTIC: [8] Undefined index: auto D:\program\dodi\tp3\ThinkPHP\Library\Think\Model.class.php 第 1128 行.

[ 2017-05-19T00:11:24+08:00 ] 127.0.0.1 /
INFO: [ app_init ] --START--
INFO: Run Behavior\BuildLiteBehavior [ RunTime:0.000035s ]
INFO: [ app_init ] --END-- [ RunTime:0.000458s ]
INFO: [ app_begin ] --START--
INFO: Run Behavior\ReadHtmlCacheBehavior [ RunTime:0.000487s ]
INFO: [ app_begin ] --END-- [ RunTime:0.000633s ]
SQL: SHOW COLUMNS FROM `tp_goods_category` [ RunTime:0.0010s ]
SQL: SELECT * FROM `tp_goods_category` WHERE `name` = 'asdf' LIMIT 1   [ RunTime:0.0007s ]
NOTIC: [8] Undefined index: auto D:\program\dodi\tp3\ThinkPHP\Library\Think\Model.class.php 第 1128 行.

[ 2017-05-19T00:11:24+08:00 ] 127.0.0.1 /
INFO: [ app_init ] --START--
INFO: Run Behavior\BuildLiteBehavior [ RunTime:0.000031s ]
INFO: [ app_init ] --END-- [ RunTime:0.000453s ]
INFO: [ app_begin ] --START--
INFO: Run Behavior\ReadHtmlCacheBehavior [ RunTime:0.000454s ]
INFO: [ app_begin ] --END-- [ RunTime:0.000598s ]
SQL: SHOW COLUMNS FROM `tp_goods_category` [ RunTime:0.0008s ]
SQL: SELECT * FROM `tp_goods_category` WHERE `name` = 'asdf' LIMIT 1   [ RunTime:0.0006s ]
NOTIC: [8] Undefined index: auto D:\program\dodi\tp3\ThinkPHP\Library\Think\Model.class.php 第 1128 行.

[ 2017-05-19T00:13:57+08:00 ] 127.0.0.1 /
INFO: [ app_init ] --START--
INFO: Run Behavior\BuildLiteBehavior [ RunTime:0.000050s ]
INFO: [ app_init ] --END-- [ RunTime:0.000756s ]
INFO: [ app_begin ] --START--
INFO: Run Behavior\ReadHtmlCacheBehavior [ RunTime:0.003676s ]
INFO: [ app_begin ] --END-- [ RunTime:0.004434s ]
SQL: SHOW COLUMNS FROM `tp_goods_category` [ RunTime:0.0009s ]
SQL: SELECT * FROM `tp_goods_category` WHERE `name` = '科普' LIMIT 1   [ RunTime:0.0014s ]

[ 2017-05-19T00:13:58+08:00 ] 127.0.0.1 /
INFO: [ app_init ] --START--
INFO: Run Behavior\BuildLiteBehavior [ RunTime:0.000030s ]
INFO: [ app_init ] --END-- [ RunTime:0.000449s ]
INFO: [ app_begin ] --START--
INFO: Run Behavior\ReadHtmlCacheBehavior [ RunTime:0.000447s ]
INFO: [ app_begin ] --END-- [ RunTime:0.000589s ]
SQL: SHOW COLUMNS FROM `tp_goods_category` [ RunTime:0.0018s ]
SQL: SELECT * FROM `tp_goods_category` WHERE `name` = '科普' LIMIT 1   [ RunTime:0.0014s ]

[ 2017-05-19T00:13:58+08:00 ] 127.0.0.1 /
INFO: [ app_init ] --START--
INFO: Run Behavior\BuildLiteBehavior [ RunTime:0.000053s ]
INFO: [ app_init ] --END-- [ RunTime:0.000620s ]
INFO: [ app_begin ] --START--
INFO: Run Behavior\ReadHtmlCacheBehavior [ RunTime:0.000668s ]
INFO: [ app_begin ] --END-- [ RunTime:0.000888s ]
SQL: SHOW COLUMNS FROM `tp_goods_category` [ RunTime:0.0009s ]
SQL: SELECT * FROM `tp_goods_category` WHERE `name` = '科普' LIMIT 1   [ RunTime:0.0018s ]

[ 2017-05-19T00:13:59+08:00 ] 127.0.0.1 /
INFO: [ app_init ] --START--
INFO: Run Behavior\BuildLiteBehavior [ RunTime:0.000031s ]
INFO: [ app_init ] --END-- [ RunTime:0.000541s ]
INFO: [ app_begin ] --START--
INFO: Run Behavior\ReadHtmlCacheBehavior [ RunTime:0.000478s ]
INFO: [ app_begin ] --END-- [ RunTime:0.000625s ]
SQL: SHOW COLUMNS FROM `tp_goods_category` [ RunTime:0.0007s ]
SQL: SELECT * FROM `tp_goods_category` WHERE `name` = '科普' LIMIT 1   [ RunTime:0.0017s ]

[ 2017-05-19T00:13:59+08:00 ] 127.0.0.1 /
INFO: [ app_init ] --START--
INFO: Run Behavior\BuildLiteBehavior [ RunTime:0.000050s ]
INFO: [ app_init ] --END-- [ RunTime:0.001006s ]
INFO: [ app_begin ] --START--
INFO: Run Behavior\ReadHtmlCacheBehavior [ RunTime:0.000547s ]
INFO: [ app_begin ] --END-- [ RunTime:0.000712s ]
SQL: SHOW COLUMNS FROM `tp_goods_category` [ RunTime:0.0012s ]
SQL: SELECT * FROM `tp_goods_category` WHERE `name` = '科普' LIMIT 1   [ RunTime:0.0021s ]

[ 2017-05-19T00:14:05+08:00 ] 127.0.0.1 /
INFO: [ app_init ] --START--
INFO: Run Behavior\BuildLiteBehavior [ RunTime:0.000031s ]
INFO: [ app_init ] --END-- [ RunTime:0.000463s ]
INFO: [ app_begin ] --START--
INFO: Run Behavior\ReadHtmlCacheBehavior [ RunTime:0.000455s ]
INFO: [ app_begin ] --END-- [ RunTime:0.000597s ]
SQL: SHOW COLUMNS FROM `tp_goods_category` [ RunTime:0.0007s ]
SQL: SELECT * FROM `tp_goods_category` WHERE `name` = '科普ee' LIMIT 1   [ RunTime:0.0014s ]
NOTIC: [8] Undefined index: auto D:\program\dodi\tp3\ThinkPHP\Library\Think\Model.class.php 第 1128 行.

[ 2017-05-19T00:14:10+08:00 ] 127.0.0.1 /
INFO: [ app_init ] --START--
INFO: Run Behavior\BuildLiteBehavior [ RunTime:0.000113s ]
INFO: [ app_init ] --END-- [ RunTime:0.000994s ]
INFO: [ app_begin ] --START--
INFO: Run Behavior\ReadHtmlCacheBehavior [ RunTime:0.000627s ]
INFO: [ app_begin ] --END-- [ RunTime:0.000848s ]
SQL: SHOW COLUMNS FROM `tp_goods_category` [ RunTime:0.0018s ]
SQL: SELECT * FROM `tp_goods_category` WHERE `name` = '科普' LIMIT 1   [ RunTime:0.0014s ]

[ 2017-05-19T00:14:10+08:00 ] 127.0.0.1 /
INFO: [ app_init ] --START--
INFO: Run Behavior\BuildLiteBehavior [ RunTime:0.000031s ]
INFO: [ app_init ] --END-- [ RunTime:0.000604s ]
INFO: [ app_begin ] --START--
INFO: Run Behavior\ReadHtmlCacheBehavior [ RunTime:0.000589s ]
INFO: [ app_begin ] --END-- [ RunTime:0.000738s ]
SQL: SHOW COLUMNS FROM `tp_goods_category` [ RunTime:0.0013s ]
SQL: SELECT * FROM `tp_goods_category` WHERE `name` = '科普' LIMIT 1   [ RunTime:0.0008s ]

[ 2017-05-19T00:14:10+08:00 ] 127.0.0.1 /
INFO: [ app_init ] --START--
INFO: Run Behavior\BuildLiteBehavior [ RunTime:0.000052s ]
INFO: [ app_init ] --END-- [ RunTime:0.000681s ]
INFO: [ app_begin ] --START--
INFO: Run Behavior\ReadHtmlCacheBehavior [ RunTime:0.000864s ]
INFO: [ app_begin ] --END-- [ RunTime:0.001130s ]
SQL: SHOW COLUMNS FROM `tp_goods_category` [ RunTime:0.0011s ]
SQL: SELECT * FROM `tp_goods_category` WHERE `name` = '科普' LIMIT 1   [ RunTime:0.0010s ]

[ 2017-05-19T00:14:10+08:00 ] 127.0.0.1 /
INFO: [ app_init ] --START--
INFO: Run Behavior\BuildLiteBehavior [ RunTime:0.000077s ]
INFO: [ app_init ] --END-- [ RunTime:0.000866s ]
INFO: [ app_begin ] --START--
INFO: Run Behavior\ReadHtmlCacheBehavior [ RunTime:0.000644s ]
INFO: [ app_begin ] --END-- [ RunTime:0.000862s ]
SQL: SHOW COLUMNS FROM `tp_goods_category` [ RunTime:0.0008s ]
SQL: SELECT * FROM `tp_goods_category` WHERE `name` = '科普' LIMIT 1   [ RunTime:0.0005s ]

[ 2017-05-19T00:14:10+08:00 ] 127.0.0.1 /
INFO: [ app_init ] --START--
INFO: Run Behavior\BuildLiteBehavior [ RunTime:0.000031s ]
INFO: [ app_init ] --END-- [ RunTime:0.000458s ]
INFO: [ app_begin ] --START--
INFO: Run Behavior\ReadHtmlCacheBehavior [ RunTime:0.000468s ]
INFO: [ app_begin ] --END-- [ RunTime:0.000611s ]
SQL: SHOW COLUMNS FROM `tp_goods_category` [ RunTime:0.0012s ]
SQL: SELECT * FROM `tp_goods_category` WHERE `name` = '科普' LIMIT 1   [ RunTime:0.0007s ]

[ 2017-05-19T00:14:32+08:00 ] 127.0.0.1 /
INFO: [ app_init ] --START--
INFO: Run Behavior\BuildLiteBehavior [ RunTime:0.000052s ]
INFO: [ app_init ] --END-- [ RunTime:0.000743s ]
INFO: [ app_begin ] --START--
INFO: Run Behavior\ReadHtmlCacheBehavior [ RunTime:0.000593s ]
INFO: [ app_begin ] --END-- [ RunTime:0.000790s ]
SQL: SHOW COLUMNS FROM `tp_goods_category` [ RunTime:0.0011s ]
SQL: SELECT * FROM `tp_goods_category` WHERE ( id=843 ) AND `name` = '科普' LIMIT 1   [ RunTime:0.0082s ]

[ 2017-05-19T00:14:33+08:00 ] 127.0.0.1 /
INFO: [ app_init ] --START--
INFO: Run Behavior\BuildLiteBehavior [ RunTime:0.000033s ]
INFO: [ app_init ] --END-- [ RunTime:0.000451s ]
INFO: [ app_begin ] --START--
INFO: Run Behavior\ReadHtmlCacheBehavior [ RunTime:0.000454s ]
INFO: [ app_begin ] --END-- [ RunTime:0.000596s ]
SQL: SHOW COLUMNS FROM `tp_goods_category` [ RunTime:0.0017s ]
SQL: SELECT * FROM `tp_goods_category` WHERE ( id=843 ) AND `name` = '科普' LIMIT 1   [ RunTime:0.0004s ]

[ 2017-05-19T00:14:33+08:00 ] 127.0.0.1 /
INFO: [ app_init ] --START--
INFO: Run Behavior\BuildLiteBehavior [ RunTime:0.000042s ]
INFO: [ app_init ] --END-- [ RunTime:0.000863s ]
INFO: [ app_begin ] --START--
INFO: Run Behavior\ReadHtmlCacheBehavior [ RunTime:0.000760s ]
INFO: [ app_begin ] --END-- [ RunTime:0.001008s ]
SQL: SHOW COLUMNS FROM `tp_goods_category` [ RunTime:0.0008s ]
SQL: SELECT * FROM `tp_goods_category` WHERE ( id=843 ) AND `name` = '科普' LIMIT 1   [ RunTime:0.0004s ]

[ 2017-05-19T00:14:33+08:00 ] 127.0.0.1 /
INFO: [ app_init ] --START--
INFO: Run Behavior\BuildLiteBehavior [ RunTime:0.000053s ]
INFO: [ app_init ] --END-- [ RunTime:0.000787s ]
INFO: [ app_begin ] --START--
INFO: Run Behavior\ReadHtmlCacheBehavior [ RunTime:0.000587s ]
INFO: [ app_begin ] --END-- [ RunTime:0.000799s ]
SQL: SHOW COLUMNS FROM `tp_goods_category` [ RunTime:0.0007s ]
SQL: SELECT * FROM `tp_goods_category` WHERE ( id=843 ) AND `name` = '科普' LIMIT 1   [ RunTime:0.0003s ]

[ 2017-05-19T00:14:33+08:00 ] 127.0.0.1 /
INFO: [ app_init ] --START--
INFO: Run Behavior\BuildLiteBehavior [ RunTime:0.000030s ]
INFO: [ app_init ] --END-- [ RunTime:0.000441s ]
INFO: [ app_begin ] --START--
INFO: Run Behavior\ReadHtmlCacheBehavior [ RunTime:0.000777s ]
INFO: [ app_begin ] --END-- [ RunTime:0.001038s ]
SQL: SHOW COLUMNS FROM `tp_goods_category` [ RunTime:0.0006s ]
SQL: SELECT * FROM `tp_goods_category` WHERE ( id=843 ) AND `name` = '科普' LIMIT 1   [ RunTime:0.0003s ]

[ 2017-05-19T00:14:56+08:00 ] 127.0.0.1 /
INFO: [ app_init ] --START--
INFO: Run Behavior\BuildLiteBehavior [ RunTime:0.000030s ]
INFO: [ app_init ] --END-- [ RunTime:0.000448s ]
INFO: [ app_begin ] --START--
INFO: Run Behavior\ReadHtmlCacheBehavior [ RunTime:0.001240s ]
INFO: [ app_begin ] --END-- [ RunTime:0.001593s ]
SQL: SHOW COLUMNS FROM `tp_goods_category` [ RunTime:0.0009s ]
SQL: SELECT * FROM `tp_goods_category` WHERE `name` = '科普' AND `id` <> 843 LIMIT 1   [ RunTime:0.0094s ]

[ 2017-05-19T00:14:57+08:00 ] 127.0.0.1 /
INFO: [ app_init ] --START--
INFO: Run Behavior\BuildLiteBehavior [ RunTime:0.000106s ]
INFO: [ app_init ] --END-- [ RunTime:0.000788s ]
INFO: [ app_begin ] --START--
INFO: Run Behavior\ReadHtmlCacheBehavior [ RunTime:0.000607s ]
INFO: [ app_begin ] --END-- [ RunTime:0.000808s ]
SQL: SHOW COLUMNS FROM `tp_goods_category` [ RunTime:0.0006s ]
SQL: SELECT * FROM `tp_goods_category` WHERE `name` = '科普' AND `id` <> 843 LIMIT 1   [ RunTime:0.0008s ]

[ 2017-05-19T00:14:57+08:00 ] 127.0.0.1 /
INFO: [ app_init ] --START--
INFO: Run Behavior\BuildLiteBehavior [ RunTime:0.000049s ]
INFO: [ app_init ] --END-- [ RunTime:0.000510s ]
INFO: [ app_begin ] --START--
INFO: Run Behavior\ReadHtmlCacheBehavior [ RunTime:0.000527s ]
INFO: [ app_begin ] --END-- [ RunTime:0.000673s ]
SQL: SHOW COLUMNS FROM `tp_goods_category` [ RunTime:0.0022s ]
SQL: SELECT * FROM `tp_goods_category` WHERE `name` = '科普' AND `id` <> 843 LIMIT 1   [ RunTime:0.0006s ]

[ 2017-05-19T00:14:57+08:00 ] 127.0.0.1 /
INFO: [ app_init ] --START--
INFO: Run Behavior\BuildLiteBehavior [ RunTime:0.000030s ]
INFO: [ app_init ] --END-- [ RunTime:0.000446s ]
INFO: [ app_begin ] --START--
INFO: Run Behavior\ReadHtmlCacheBehavior [ RunTime:0.000535s ]
INFO: [ app_begin ] --END-- [ RunTime:0.000678s ]
SQL: SHOW COLUMNS FROM `tp_goods_category` [ RunTime:0.0022s ]
SQL: SELECT * FROM `tp_goods_category` WHERE `name` = '科普' AND `id` <> 843 LIMIT 1   [ RunTime:0.0007s ]

[ 2017-05-19T00:17:08+08:00 ] 127.0.0.1 /
INFO: [ app_init ] --START--
INFO: Run Behavior\BuildLiteBehavior [ RunTime:0.000031s ]
INFO: [ app_init ] --END-- [ RunTime:0.000483s ]
INFO: [ app_begin ] --START--
INFO: Run Behavior\ReadHtmlCacheBehavior [ RunTime:0.000541s ]
INFO: [ app_begin ] --END-- [ RunTime:0.000684s ]
SQL: SHOW COLUMNS FROM `tp_goods_category` [ RunTime:0.0011s ]
SQL: SELECT * FROM `tp_goods_category` WHERE `name` = '科普' AND `id` <> 843 LIMIT 1   [ RunTime:0.0008s ]

[ 2017-05-19T00:17:09+08:00 ] 127.0.0.1 /
INFO: [ app_init ] --START--
INFO: Run Behavior\BuildLiteBehavior [ RunTime:0.000029s ]
INFO: [ app_init ] --END-- [ RunTime:0.000446s ]
INFO: [ app_begin ] --START--
INFO: Run Behavior\ReadHtmlCacheBehavior [ RunTime:0.000573s ]
INFO: [ app_begin ] --END-- [ RunTime:0.000764s ]
SQL: SHOW COLUMNS FROM `tp_goods_category` [ RunTime:0.0025s ]
SQL: SELECT * FROM `tp_goods_category` WHERE `name` = '科普' AND `id` <> 843 LIMIT 1   [ RunTime:0.0007s ]

[ 2017-05-19T00:17:09+08:00 ] 127.0.0.1 /
INFO: [ app_init ] --START--
INFO: Run Behavior\BuildLiteBehavior [ RunTime:0.000048s ]
INFO: [ app_init ] --END-- [ RunTime:0.000569s ]
INFO: [ app_begin ] --START--
INFO: Run Behavior\ReadHtmlCacheBehavior [ RunTime:0.000583s ]
INFO: [ app_begin ] --END-- [ RunTime:0.000771s ]
SQL: SHOW COLUMNS FROM `tp_goods_category` [ RunTime:0.0008s ]
SQL: SELECT * FROM `tp_goods_category` WHERE `name` = '科普' AND `id` <> 843 LIMIT 1   [ RunTime:0.0014s ]

[ 2017-05-19T00:17:09+08:00 ] 127.0.0.1 /
INFO: [ app_init ] --START--
INFO: Run Behavior\BuildLiteBehavior [ RunTime:0.000030s ]
INFO: [ app_init ] --END-- [ RunTime:0.000447s ]
INFO: [ app_begin ] --START--
INFO: Run Behavior\ReadHtmlCacheBehavior [ RunTime:0.000878s ]
INFO: [ app_begin ] --END-- [ RunTime:0.001183s ]
SQL: SHOW COLUMNS FROM `tp_goods_category` [ RunTime:0.0008s ]
SQL: SELECT * FROM `tp_goods_category` WHERE `name` = '科普' AND `id` <> 843 LIMIT 1   [ RunTime:0.0008s ]

[ 2017-05-19T00:17:10+08:00 ] 127.0.0.1 /
INFO: [ app_init ] --START--
INFO: Run Behavior\BuildLiteBehavior [ RunTime:0.000117s ]
INFO: [ app_init ] --END-- [ RunTime:0.002436s ]
INFO: [ app_begin ] --START--
INFO: Run Behavior\ReadHtmlCacheBehavior [ RunTime:0.002018s ]
INFO: [ app_begin ] --END-- [ RunTime:0.002487s ]
SQL: SHOW COLUMNS FROM `tp_goods_category` [ RunTime:0.0022s ]
SQL: SELECT * FROM `tp_goods_category` WHERE `name` = '科普' AND `id` <> 843 LIMIT 1   [ RunTime:0.0024s ]

[ 2017-05-19T00:17:10+08:00 ] 127.0.0.1 /
INFO: [ app_init ] --START--
INFO: Run Behavior\BuildLiteBehavior [ RunTime:0.000030s ]
INFO: [ app_init ] --END-- [ RunTime:0.000455s ]
INFO: [ app_begin ] --START--
INFO: Run Behavior\ReadHtmlCacheBehavior [ RunTime:0.000457s ]
INFO: [ app_begin ] --END-- [ RunTime:0.000630s ]
SQL: SHOW COLUMNS FROM `tp_goods_category` [ RunTime:0.0022s ]
SQL: SELECT * FROM `tp_goods_category` WHERE `name` = '科普' AND `id` <> 843 LIMIT 1   [ RunTime:0.0006s ]

[ 2017-05-19T00:17:17+08:00 ] 127.0.0.1 /
INFO: [ app_init ] --START--
INFO: Run Behavior\BuildLiteBehavior [ RunTime:0.000032s ]
INFO: [ app_init ] --END-- [ RunTime:0.000463s ]
INFO: [ app_begin ] --START--
INFO: Run Behavior\ReadHtmlCacheBehavior [ RunTime:0.000464s ]
INFO: [ app_begin ] --END-- [ RunTime:0.000611s ]
SQL: SHOW COLUMNS FROM `tp_goods_category` [ RunTime:0.0007s ]
NOTIC: [2] preg_match(): Delimiter must not be alphanumeric or backslash D:\program\dodi\tp3\ThinkPHP\Library\Think\Model.class.php 第 1117 行.

[ 2017-05-19T00:17:17+08:00 ] 127.0.0.1 /
INFO: [ app_init ] --START--
INFO: Run Behavior\BuildLiteBehavior [ RunTime:0.000030s ]
INFO: [ app_init ] --END-- [ RunTime:0.000467s ]
INFO: [ app_begin ] --START--
INFO: Run Behavior\ReadHtmlCacheBehavior [ RunTime:0.000570s ]
INFO: [ app_begin ] --END-- [ RunTime:0.000734s ]
SQL: SHOW COLUMNS FROM `tp_goods_category` [ RunTime:0.0007s ]
NOTIC: [2] preg_match(): Delimiter must not be alphanumeric or backslash D:\program\dodi\tp3\ThinkPHP\Library\Think\Model.class.php 第 1117 行.

[ 2017-05-19T00:17:18+08:00 ] 127.0.0.1 /
INFO: [ app_init ] --START--
INFO: Run Behavior\BuildLiteBehavior [ RunTime:0.000029s ]
INFO: [ app_init ] --END-- [ RunTime:0.000477s ]
INFO: [ app_begin ] --START--
INFO: Run Behavior\ReadHtmlCacheBehavior [ RunTime:0.000452s ]
INFO: [ app_begin ] --END-- [ RunTime:0.000593s ]
SQL: SHOW COLUMNS FROM `tp_goods_category` [ RunTime:0.0006s ]
NOTIC: [2] preg_match(): Delimiter must not be alphanumeric or backslash D:\program\dodi\tp3\ThinkPHP\Library\Think\Model.class.php 第 1117 行.

[ 2017-05-19T00:17:18+08:00 ] 127.0.0.1 /
INFO: [ app_init ] --START--
INFO: Run Behavior\BuildLiteBehavior [ RunTime:0.000035s ]
INFO: [ app_init ] --END-- [ RunTime:0.000566s ]
INFO: [ app_begin ] --START--
INFO: Run Behavior\ReadHtmlCacheBehavior [ RunTime:0.000480s ]
INFO: [ app_begin ] --END-- [ RunTime:0.000631s ]
SQL: SHOW COLUMNS FROM `tp_goods_category` [ RunTime:0.0011s ]
NOTIC: [2] preg_match(): Delimiter must not be alphanumeric or backslash D:\program\dodi\tp3\ThinkPHP\Library\Think\Model.class.php 第 1117 行.

[ 2017-05-19T00:17:23+08:00 ] 127.0.0.1 /
INFO: [ app_init ] --START--
INFO: Run Behavior\BuildLiteBehavior [ RunTime:0.000031s ]
INFO: [ app_init ] --END-- [ RunTime:0.000560s ]
INFO: [ app_begin ] --START--
INFO: Run Behavior\ReadHtmlCacheBehavior [ RunTime:0.000491s ]
INFO: [ app_begin ] --END-- [ RunTime:0.000642s ]
SQL: SHOW COLUMNS FROM `tp_goods_category` [ RunTime:0.0017s ]
NOTIC: [2] preg_match(): Delimiter must not be alphanumeric or backslash D:\program\dodi\tp3\ThinkPHP\Library\Think\Model.class.php 第 1117 行.

[ 2017-05-19T00:17:24+08:00 ] 127.0.0.1 /
INFO: [ app_init ] --START--
INFO: Run Behavior\BuildLiteBehavior [ RunTime:0.000050s ]
INFO: [ app_init ] --END-- [ RunTime:0.000694s ]
INFO: [ app_begin ] --START--
INFO: Run Behavior\ReadHtmlCacheBehavior [ RunTime:0.000870s ]
INFO: [ app_begin ] --END-- [ RunTime:0.001152s ]
SQL: SHOW COLUMNS FROM `tp_goods_category` [ RunTime:0.0028s ]
NOTIC: [2] preg_match(): Delimiter must not be alphanumeric or backslash D:\program\dodi\tp3\ThinkPHP\Library\Think\Model.class.php 第 1117 行.

[ 2017-05-19T00:17:24+08:00 ] 127.0.0.1 /
INFO: [ app_init ] --START--
INFO: Run Behavior\BuildLiteBehavior [ RunTime:0.000042s ]
INFO: [ app_init ] --END-- [ RunTime:0.000597s ]
INFO: [ app_begin ] --START--
INFO: Run Behavior\ReadHtmlCacheBehavior [ RunTime:0.000550s ]
INFO: [ app_begin ] --END-- [ RunTime:0.000715s ]
SQL: SHOW COLUMNS FROM `tp_goods_category` [ RunTime:0.0022s ]
NOTIC: [2] preg_match(): Delimiter must not be alphanumeric or backslash D:\program\dodi\tp3\ThinkPHP\Library\Think\Model.class.php 第 1117 行.

[ 2017-05-19T00:17:39+08:00 ] 127.0.0.1 /
INFO: [ app_init ] --START--
INFO: Run Behavior\BuildLiteBehavior [ RunTime:0.000031s ]
INFO: [ app_init ] --END-- [ RunTime:0.000517s ]
INFO: [ app_begin ] --START--
INFO: Run Behavior\ReadHtmlCacheBehavior [ RunTime:0.000449s ]
INFO: [ app_begin ] --END-- [ RunTime:0.000591s ]
SQL: SHOW COLUMNS FROM `tp_goods_category` [ RunTime:0.0010s ]
SQL: SELECT * FROM `tp_goods_category` WHERE `name` = '科普1' AND `id` <> 843 LIMIT 1   [ RunTime:0.0006s ]
NOTIC: [8] Undefined index: auto D:\program\dodi\tp3\ThinkPHP\Library\Think\Model.class.php 第 1128 行.

[ 2017-05-19T00:17:39+08:00 ] 127.0.0.1 /
INFO: [ app_init ] --START--
INFO: Run Behavior\BuildLiteBehavior [ RunTime:0.000053s ]
INFO: [ app_init ] --END-- [ RunTime:0.000742s ]
INFO: [ app_begin ] --START--
INFO: Run Behavior\ReadHtmlCacheBehavior [ RunTime:0.000581s ]
INFO: [ app_begin ] --END-- [ RunTime:0.000762s ]
SQL: SHOW COLUMNS FROM `tp_goods_category` [ RunTime:0.0016s ]
SQL: SELECT * FROM `tp_goods_category` WHERE `name` = '科普1' AND `id` <> 843 LIMIT 1   [ RunTime:0.0009s ]
NOTIC: [8] Undefined index: auto D:\program\dodi\tp3\ThinkPHP\Library\Think\Model.class.php 第 1128 行.

[ 2017-05-19T00:17:39+08:00 ] 127.0.0.1 /
INFO: [ app_init ] --START--
INFO: Run Behavior\BuildLiteBehavior [ RunTime:0.000049s ]
INFO: [ app_init ] --END-- [ RunTime:0.000581s ]
INFO: [ app_begin ] --START--
INFO: Run Behavior\ReadHtmlCacheBehavior [ RunTime:0.000507s ]
INFO: [ app_begin ] --END-- [ RunTime:0.000660s ]
SQL: SHOW COLUMNS FROM `tp_goods_category` [ RunTime:0.0018s ]
SQL: SELECT * FROM `tp_goods_category` WHERE `name` = '科普1' AND `id` <> 843 LIMIT 1   [ RunTime:0.0007s ]
NOTIC: [8] Undefined index: auto D:\program\dodi\tp3\ThinkPHP\Library\Think\Model.class.php 第 1128 行.

[ 2017-05-19T00:17:45+08:00 ] 127.0.0.1 /
INFO: [ app_init ] --START--
INFO: Run Behavior\BuildLiteBehavior [ RunTime:0.000029s ]
INFO: [ app_init ] --END-- [ RunTime:0.000452s ]
INFO: [ app_begin ] --START--
INFO: Run Behavior\ReadHtmlCacheBehavior [ RunTime:0.000636s ]
INFO: [ app_begin ] --END-- [ RunTime:0.000834s ]
SQL: SHOW COLUMNS FROM `tp_goods_category` [ RunTime:0.0007s ]
SQL: SELECT * FROM `tp_goods_category` WHERE `name` = '科普' AND `id` <> 843 LIMIT 1   [ RunTime:0.0007s ]

[ 2017-05-19T00:17:46+08:00 ] 127.0.0.1 /
INFO: [ app_init ] --START--
INFO: Run Behavior\BuildLiteBehavior [ RunTime:0.000030s ]
INFO: [ app_init ] --END-- [ RunTime:0.000443s ]
INFO: [ app_begin ] --START--
INFO: Run Behavior\ReadHtmlCacheBehavior [ RunTime:0.000456s ]
INFO: [ app_begin ] --END-- [ RunTime:0.000603s ]
SQL: SHOW COLUMNS FROM `tp_goods_category` [ RunTime:0.0016s ]
SQL: SELECT * FROM `tp_goods_category` WHERE `name` = '科普' AND `id` <> 843 LIMIT 1   [ RunTime:0.0016s ]

[ 2017-05-19T00:17:46+08:00 ] 127.0.0.1 /
INFO: [ app_init ] --START--
INFO: Run Behavior\BuildLiteBehavior [ RunTime:0.000033s ]
INFO: [ app_init ] --END-- [ RunTime:0.000800s ]
INFO: [ app_begin ] --START--
INFO: Run Behavior\ReadHtmlCacheBehavior [ RunTime:0.000461s ]
INFO: [ app_begin ] --END-- [ RunTime:0.000608s ]
SQL: SHOW COLUMNS FROM `tp_goods_category` [ RunTime:0.0007s ]
SQL: SELECT * FROM `tp_goods_category` WHERE `name` = '科普' AND `id` <> 843 LIMIT 1   [ RunTime:0.0008s ]

[ 2017-05-19T00:17:46+08:00 ] 127.0.0.1 /
INFO: [ app_init ] --START--
INFO: Run Behavior\BuildLiteBehavior [ RunTime:0.000031s ]
INFO: [ app_init ] --END-- [ RunTime:0.000583s ]
INFO: [ app_begin ] --START--
INFO: Run Behavior\ReadHtmlCacheBehavior [ RunTime:0.000478s ]
INFO: [ app_begin ] --END-- [ RunTime:0.000629s ]
SQL: SHOW COLUMNS FROM `tp_goods_category` [ RunTime:0.0008s ]
SQL: SELECT * FROM `tp_goods_category` WHERE `name` = '科普' AND `id` <> 843 LIMIT 1   [ RunTime:0.0008s ]

[ 2017-05-19T00:18:20+08:00 ] 127.0.0.1 /
INFO: [ app_init ] --START--
INFO: Run Behavior\BuildLiteBehavior [ RunTime:0.000047s ]
INFO: [ app_init ] --END-- [ RunTime:0.000637s ]
INFO: [ app_begin ] --START--
INFO: Run Behavior\ReadHtmlCacheBehavior [ RunTime:0.000626s ]
INFO: [ app_begin ] --END-- [ RunTime:0.000809s ]
SQL: SHOW COLUMNS FROM `tp_goods_category` [ RunTime:0.0010s ]
SQL: SELECT * FROM `tp_goods_category` WHERE `name` = '科普' AND `id` <> 843 LIMIT 1   [ RunTime:0.0006s ]

[ 2017-05-19T00:18:21+08:00 ] 127.0.0.1 /
INFO: [ app_init ] --START--
INFO: Run Behavior\BuildLiteBehavior [ RunTime:0.000039s ]
INFO: [ app_init ] --END-- [ RunTime:0.000593s ]
INFO: [ app_begin ] --START--
INFO: Run Behavior\ReadHtmlCacheBehavior [ RunTime:0.000562s ]
INFO: [ app_begin ] --END-- [ RunTime:0.000890s ]
SQL: SHOW COLUMNS FROM `tp_goods_category` [ RunTime:0.0006s ]
SQL: SELECT * FROM `tp_goods_category` WHERE `name` = '科普' AND `id` <> 843 LIMIT 1   [ RunTime:0.0008s ]

[ 2017-05-19T00:18:21+08:00 ] 127.0.0.1 /
INFO: [ app_init ] --START--
INFO: Run Behavior\BuildLiteBehavior [ RunTime:0.000119s ]
INFO: [ app_init ] --END-- [ RunTime:0.002222s ]
INFO: [ app_begin ] --START--
INFO: Run Behavior\ReadHtmlCacheBehavior [ RunTime:0.000680s ]
INFO: [ app_begin ] --END-- [ RunTime:0.000897s ]
SQL: SHOW COLUMNS FROM `tp_goods_category` [ RunTime:0.0006s ]
SQL: SELECT * FROM `tp_goods_category` WHERE `name` = '科普' AND `id` <> 843 LIMIT 1   [ RunTime:0.0005s ]

[ 2017-05-19T00:18:21+08:00 ] 127.0.0.1 /
INFO: [ app_init ] --START--
INFO: Run Behavior\BuildLiteBehavior [ RunTime:0.000046s ]
INFO: [ app_init ] --END-- [ RunTime:0.000525s ]
INFO: [ app_begin ] --START--
INFO: Run Behavior\ReadHtmlCacheBehavior [ RunTime:0.000457s ]
INFO: [ app_begin ] --END-- [ RunTime:0.000598s ]
SQL: SHOW COLUMNS FROM `tp_goods_category` [ RunTime:0.0008s ]
SQL: SELECT * FROM `tp_goods_category` WHERE `name` = '科普' AND `id` <> 843 LIMIT 1   [ RunTime:0.0006s ]

[ 2017-05-19T00:18:27+08:00 ] 127.0.0.1 /
INFO: [ app_init ] --START--
INFO: Run Behavior\BuildLiteBehavior [ RunTime:0.000054s ]
INFO: [ app_init ] --END-- [ RunTime:0.000778s ]
INFO: [ app_begin ] --START--
INFO: Run Behavior\ReadHtmlCacheBehavior [ RunTime:0.000524s ]
INFO: [ app_begin ] --END-- [ RunTime:0.000695s ]
SQL: SHOW COLUMNS FROM `tp_goods_category` [ RunTime:0.0007s ]
SQL: SELECT * FROM `tp_goods_category` WHERE `name` = '科普' AND `id` <> 843 LIMIT 1   [ RunTime:0.0015s ]

[ 2017-05-19T00:18:27+08:00 ] 127.0.0.1 /
INFO: [ app_init ] --START--
INFO: Run Behavior\BuildLiteBehavior [ RunTime:0.000046s ]
INFO: [ app_init ] --END-- [ RunTime:0.000640s ]
INFO: [ app_begin ] --START--
INFO: Run Behavior\ReadHtmlCacheBehavior [ RunTime:0.000617s ]
INFO: [ app_begin ] --END-- [ RunTime:0.000842s ]
SQL: SHOW COLUMNS FROM `tp_goods_category` [ RunTime:0.0008s ]
SQL: SELECT * FROM `tp_goods_category` WHERE `name` = '科普' AND `id` <> 843 LIMIT 1   [ RunTime:0.0020s ]

[ 2017-05-19T00:18:28+08:00 ] 127.0.0.1 /
INFO: [ app_init ] --START--
INFO: Run Behavior\BuildLiteBehavior [ RunTime:0.000043s ]
INFO: [ app_init ] --END-- [ RunTime:0.000500s ]
INFO: [ app_begin ] --START--
INFO: Run Behavior\ReadHtmlCacheBehavior [ RunTime:0.000474s ]
INFO: [ app_begin ] --END-- [ RunTime:0.000617s ]
SQL: SHOW COLUMNS FROM `tp_goods_category` [ RunTime:0.0010s ]
SQL: SELECT * FROM `tp_goods_category` WHERE `name` = '科普' AND `id` <> 843 LIMIT 1   [ RunTime:0.0008s ]

[ 2017-05-19T00:18:32+08:00 ] 127.0.0.1 /
INFO: [ app_init ] --START--
INFO: Run Behavior\BuildLiteBehavior [ RunTime:0.000032s ]
INFO: [ app_init ] --END-- [ RunTime:0.000569s ]
INFO: [ app_begin ] --START--
INFO: Run Behavior\ReadHtmlCacheBehavior [ RunTime:0.000512s ]
INFO: [ app_begin ] --END-- [ RunTime:0.000675s ]
SQL: SHOW COLUMNS FROM `tp_goods_category` [ RunTime:0.0011s ]
SQL: SELECT * FROM `tp_goods_category` WHERE `name` = '科普' AND `id` <> 843 LIMIT 1   [ RunTime:0.0007s ]

[ 2017-05-19T00:18:32+08:00 ] 127.0.0.1 /
INFO: [ app_init ] --START--
INFO: Run Behavior\BuildLiteBehavior [ RunTime:0.000040s ]
INFO: [ app_init ] --END-- [ RunTime:0.000579s ]
INFO: [ app_begin ] --START--
INFO: Run Behavior\ReadHtmlCacheBehavior [ RunTime:0.000477s ]
INFO: [ app_begin ] --END-- [ RunTime:0.000649s ]
SQL: SHOW COLUMNS FROM `tp_goods_category` [ RunTime:0.0007s ]
SQL: SELECT * FROM `tp_goods_category` WHERE `name` = '科普' AND `id` <> 843 LIMIT 1   [ RunTime:0.0011s ]

[ 2017-05-19T00:51:35+08:00 ] 127.0.0.1 /
ERR: 1064:You have an error in your SQL syntax; check the manual that corresponds to your MySQL server version for the right syntax to use near 'key = "PRI"' at line 1
 [ SQL语句 ] : show columns from tp_goods_category where key = "PRI"

[ 2017-05-19T01:00:04+08:00 ] 127.0.0.1 /
ERR: 1064:You have an error in your SQL syntax; check the manual that corresponds to your MySQL server version for the right syntax to use near '%d' at line 1
 [ SQL语句 ] : select * from tp_goods_category where id=%d

[ 2017-05-19T01:02:24+08:00 ] 127.0.0.1 /
ERR: SQLSTATE[HY093]: Invalid parameter number: Columns/Parameters are 1-based

[ 2017-05-19T01:03:05+08:00 ] 127.0.0.1 /
ERR: 1146:Table 'xjshop.tp_' doesn't exist
 [ SQL语句 ] : SELECT * FROM `tp_` WHERE ( id=12 ) 

[ 2017-05-19T01:03:06+08:00 ] 127.0.0.1 /
ERR: 1146:Table 'xjshop.tp_' doesn't exist
 [ SQL语句 ] : SELECT * FROM `tp_` WHERE ( id=12 ) 

[ 2017-05-19T01:03:29+08:00 ] 127.0.0.1 /
ERR: 1054:Unknown column 'id' in 'where clause'
 [ SQL语句 ] : SELECT * FROM `tp_goods` WHERE ( id=12 ) 

[ 2017-05-19T01:03:59+08:00 ] 127.0.0.1 /
ERR: 1054:Unknown column '手机' in 'where clause'
 [ SQL语句 ] : SELECT * FROM `tp_goods` WHERE ( goods_id=12 and goods_name=手机 ) 

