[ 2017-06-14T00:04:17+08:00 ] 127.0.0.1 /Admin/Goods/ajaxGetSpecItemHtml.html
INFO: [ app_begin ] --START--
INFO: Run Behavior\ReadHtmlCacheBehavior [ RunTime:0.000662s ]
INFO: [ app_begin ] --END-- [ RunTime:0.000808s ]
INFO: [ action_begin ] --START--
INFO: Run Admin\Behaviors\AuthBehavior [ RunTime:0.000713s ]
INFO: [ action_begin ] --END-- [ RunTime:0.000864s ]
SQL: SHOW COLUMNS FROM `xianj_spec_items` [ RunTime:0.0009s ]
SQL: SELECT * FROM `xianj_spec_items` WHERE `id` IN ('1','2','3') ORDER BY spec_id asc  [ RunTime:0.0004s ]
SQL: SHOW COLUMNS FROM `xianj_spec` [ RunTime:0.0021s ]
SQL: SELECT * FROM `xianj_spec` WHERE `id` IN ('1') ORDER BY id asc  [ RunTime:0.0009s ]

[ 2017-06-14T00:06:00+08:00 ] 127.0.0.1 /Admin/Goods/ajaxGetSpecItemHtml.html
INFO: [ app_begin ] --START--
INFO: Run Behavior\ReadHtmlCacheBehavior [ RunTime:0.001027s ]
INFO: [ app_begin ] --END-- [ RunTime:0.001266s ]
INFO: [ action_begin ] --START--
INFO: Run Admin\Behaviors\AuthBehavior [ RunTime:0.000914s ]
INFO: [ action_begin ] --END-- [ RunTime:0.001073s ]
SQL: SHOW COLUMNS FROM `xianj_spec_items` [ RunTime:0.0016s ]
SQL: SELECT * FROM `xianj_spec_items` WHERE `id` IN ('1','2','3') ORDER BY spec_id asc  [ RunTime:0.0005s ]
SQL: SHOW COLUMNS FROM `xianj_spec` [ RunTime:0.0006s ]
SQL: SELECT * FROM `xianj_spec` WHERE `id` IN ('1') ORDER BY id asc  [ RunTime:0.0006s ]

[ 2017-06-14T00:34:53+08:00 ] 127.0.0.1 /Admin/Goods/edit/id/3.html
ERR: Think\Model:relation方法不存在！

[ 2017-06-14T00:35:11+08:00 ] 127.0.0.1 /Admin/Goods/edit/id/3.html
ERR: Think\Model:relation方法不存在！

[ 2017-06-14T00:35:13+08:00 ] 127.0.0.1 /Admin/Goods/edit/id/3.html
ERR: Think\Model:relation方法不存在！

[ 2017-06-14T00:35:26+08:00 ] 127.0.0.1 /Admin/Goods/edit/id/3.html
ERR: Think\Model:relation方法不存在！

[ 2017-06-14T00:35:27+08:00 ] 127.0.0.1 /Admin/Goods/edit/id/3.html
ERR: Think\Model:relation方法不存在！

[ 2017-06-14T00:36:07+08:00 ] 127.0.0.1 /Admin/Goods/edit/id/3.html
ERR: 1146:Table 'xjshop_db.xianj_attr_item' doesn't exist
 [ SQL语句 ] : SHOW COLUMNS FROM `xianj_attr_item`

[ 2017-06-14T01:12:16+08:00 ] 127.0.0.1 /Admin/Goods/ajaxGetSpecItemHtml.html
INFO: [ app_begin ] --START--
INFO: Run Behavior\ReadHtmlCacheBehavior [ RunTime:0.000456s ]
INFO: [ app_begin ] --END-- [ RunTime:0.000585s ]
INFO: [ action_begin ] --START--
INFO: Run Admin\Behaviors\AuthBehavior [ RunTime:0.000923s ]
INFO: [ action_begin ] --END-- [ RunTime:0.001135s ]
SQL: SHOW COLUMNS FROM `xianj_spec_items` [ RunTime:0.0008s ]
SQL: SELECT * FROM `xianj_spec_items` WHERE `id` IN ('1','2','3') ORDER BY spec_id asc  [ RunTime:0.0009s ]
SQL: SHOW COLUMNS FROM `xianj_spec` [ RunTime:0.0009s ]
SQL: SELECT * FROM `xianj_spec` WHERE `id` IN ('1') ORDER BY id asc  [ RunTime:0.0005s ]

[ 2017-06-14T17:52:07+08:00 ] 127.0.0.1 /tp3/Admin/Goods/edit/id/21.html
ERR: 1064:You have an error in your SQL syntax; check the manual that corresponds to your MySQL server version for the right syntax to use near ') ORDER BY spec_id asc' at line 1
 [ SQL语句 ] : SELECT * FROM `xianj_spec_items` WHERE `id` IN () ORDER BY spec_id asc 

[ 2017-06-14T18:21:28+08:00 ] 127.0.0.1 /tp3/Admin/Article/index.html
ERR: 无法加载控制器:Article

[ 2017-06-14T18:25:18+08:00 ] 127.0.0.1 /tp3/Admin/Category/tables-simple.html
ERR: 非法操作:tables-simple

[ 2017-06-14T18:25:44+08:00 ] 127.0.0.1 /tp3/Admin/Article/index.html
ERR: 无法加载控制器:Article

[ 2017-06-14T18:28:40+08:00 ] 127.0.0.1 /tp3/Admin/Article/index.html
ERR: 无法加载控制器:Article

