[ 2017-06-07T00:02:00+08:00 ] 127.0.0.1 /Admin/Goods/ajaxUpload.html
INFO: [ app_begin ] --START--
INFO: Run Behavior\ReadHtmlCacheBehavior [ RunTime:0.000683s ]
INFO: [ app_begin ] --END-- [ RunTime:0.000831s ]
INFO: [ action_begin ] --START--
INFO: Run Admin\Behaviors\AuthBehavior [ RunTime:0.001026s ]
INFO: [ action_begin ] --END-- [ RunTime:0.001210s ]
NOTIC: [2] call_user_func() expects parameter 1 to be a valid callback, no array or string given D:\program\dodi\tp3\ThinkPHP\Library\Think\Upload.class.php 第 170 行.

[ 2017-06-07T00:02:11+08:00 ] 127.0.0.1 /Admin/Goods/ajaxUpload.html
INFO: [ app_begin ] --START--
INFO: Run Behavior\ReadHtmlCacheBehavior [ RunTime:0.002311s ]
INFO: [ app_begin ] --END-- [ RunTime:0.002755s ]
INFO: [ action_begin ] --START--
INFO: Run Admin\Behaviors\AuthBehavior [ RunTime:0.001860s ]
INFO: [ action_begin ] --END-- [ RunTime:0.002069s ]
NOTIC: [2] call_user_func() expects parameter 1 to be a valid callback, no array or string given D:\program\dodi\tp3\ThinkPHP\Library\Think\Upload.class.php 第 170 行.

[ 2017-06-07T00:03:40+08:00 ] 127.0.0.1 /Admin/Goods/ajaxUpload.html
INFO: [ app_begin ] --START--
INFO: Run Behavior\ReadHtmlCacheBehavior [ RunTime:0.000995s ]
INFO: [ app_begin ] --END-- [ RunTime:0.001245s ]
INFO: [ action_begin ] --START--
INFO: Run Admin\Behaviors\AuthBehavior [ RunTime:0.001151s ]
INFO: [ action_begin ] --END-- [ RunTime:0.001374s ]
NOTIC: [2] call_user_func() expects parameter 1 to be a valid callback, no array or string given D:\program\dodi\tp3\ThinkPHP\Library\Think\Upload.class.php 第 170 行.

[ 2017-06-07T00:03:49+08:00 ] 127.0.0.1 /Admin/Goods/ajaxUpload.html
INFO: [ app_begin ] --START--
INFO: Run Behavior\ReadHtmlCacheBehavior [ RunTime:0.001010s ]
INFO: [ app_begin ] --END-- [ RunTime:0.001183s ]
INFO: [ action_begin ] --START--
INFO: Run Admin\Behaviors\AuthBehavior [ RunTime:0.002744s ]
INFO: [ action_begin ] --END-- [ RunTime:0.002979s ]
NOTIC: [2] call_user_func() expects parameter 1 to be a valid callback, no array or string given D:\program\dodi\tp3\ThinkPHP\Library\Think\Upload.class.php 第 170 行.

[ 2017-06-07T00:04:00+08:00 ] 127.0.0.1 /Admin/Goods/ajaxUpload.html
INFO: [ app_begin ] --START--
INFO: Run Behavior\ReadHtmlCacheBehavior [ RunTime:0.001165s ]
INFO: [ app_begin ] --END-- [ RunTime:0.001349s ]
INFO: [ action_begin ] --START--
INFO: Run Admin\Behaviors\AuthBehavior [ RunTime:0.001196s ]
INFO: [ action_begin ] --END-- [ RunTime:0.001324s ]

[ 2017-06-07T00:04:05+08:00 ] 127.0.0.1 /Admin/Goods/ajaxUpload.html
INFO: [ app_begin ] --START--
INFO: Run Behavior\ReadHtmlCacheBehavior [ RunTime:0.003238s ]
INFO: [ app_begin ] --END-- [ RunTime:0.003650s ]
INFO: [ action_begin ] --START--
INFO: Run Admin\Behaviors\AuthBehavior [ RunTime:0.002380s ]
INFO: [ action_begin ] --END-- [ RunTime:0.002626s ]
NOTIC: [2] call_user_func() expects parameter 1 to be a valid callback, no array or string given D:\program\dodi\tp3\ThinkPHP\Library\Think\Upload.class.php 第 170 行.

[ 2017-06-07T01:18:06+08:00 ] 127.0.0.1 /Admin/Goods/ajaxGetSpecItemHtml.html
INFO: [ app_begin ] --START--
INFO: Run Behavior\ReadHtmlCacheBehavior [ RunTime:0.000775s ]
INFO: [ app_begin ] --END-- [ RunTime:0.000915s ]
INFO: [ action_begin ] --START--
INFO: Run Admin\Behaviors\AuthBehavior [ RunTime:0.001539s ]
INFO: [ action_begin ] --END-- [ RunTime:0.001766s ]
NOTIC: [2] Missing argument 1 for I(), called in D:\program\dodi\tp3\Application\Admin\Controller\GoodsController.class.php on line 29 and defined D:\program\dodi\tp3\ThinkPHP\Common\functions.php 第 271 行.
NOTIC: [8] Undefined variable: name D:\program\dodi\tp3\ThinkPHP\Common\functions.php 第 273 行.
NOTIC: [8] Undefined variable: name D:\program\dodi\tp3\ThinkPHP\Common\functions.php 第 278 行.
NOTIC: [8] Undefined variable: name D:\program\dodi\tp3\ThinkPHP\Common\functions.php 第 339 行.
INFO: [ app_end ] --START--
INFO: Run Behavior\ShowPageTraceBehavior [ RunTime:0.000773s ]
INFO: [ app_end ] --END-- [ RunTime:0.000903s ]

[ 2017-06-07T01:18:12+08:00 ] 127.0.0.1 /Admin/Goods/ajaxGetSpecItemHtml.html
INFO: [ app_begin ] --START--
INFO: Run Behavior\ReadHtmlCacheBehavior [ RunTime:0.000574s ]
INFO: [ app_begin ] --END-- [ RunTime:0.000695s ]
INFO: [ action_begin ] --START--
INFO: Run Admin\Behaviors\AuthBehavior [ RunTime:0.000955s ]
INFO: [ action_begin ] --END-- [ RunTime:0.001075s ]
NOTIC: [2] Missing argument 1 for I(), called in D:\program\dodi\tp3\Application\Admin\Controller\GoodsController.class.php on line 29 and defined D:\program\dodi\tp3\ThinkPHP\Common\functions.php 第 271 行.
NOTIC: [8] Undefined variable: name D:\program\dodi\tp3\ThinkPHP\Common\functions.php 第 273 行.
NOTIC: [8] Undefined variable: name D:\program\dodi\tp3\ThinkPHP\Common\functions.php 第 278 行.
NOTIC: [8] Undefined variable: name D:\program\dodi\tp3\ThinkPHP\Common\functions.php 第 339 行.
INFO: [ app_end ] --START--
INFO: Run Behavior\ShowPageTraceBehavior [ RunTime:0.000590s ]
INFO: [ app_end ] --END-- [ RunTime:0.000701s ]

[ 2017-06-07T01:18:16+08:00 ] 127.0.0.1 /Admin/Goods/ajaxGetSpecItemHtml.html
INFO: [ app_begin ] --START--
INFO: Run Behavior\ReadHtmlCacheBehavior [ RunTime:0.000764s ]
INFO: [ app_begin ] --END-- [ RunTime:0.000910s ]
INFO: [ action_begin ] --START--
INFO: Run Admin\Behaviors\AuthBehavior [ RunTime:0.000928s ]
INFO: [ action_begin ] --END-- [ RunTime:0.001049s ]
NOTIC: [2] Missing argument 1 for I(), called in D:\program\dodi\tp3\Application\Admin\Controller\GoodsController.class.php on line 29 and defined D:\program\dodi\tp3\ThinkPHP\Common\functions.php 第 271 行.
NOTIC: [8] Undefined variable: name D:\program\dodi\tp3\ThinkPHP\Common\functions.php 第 273 行.
NOTIC: [8] Undefined variable: name D:\program\dodi\tp3\ThinkPHP\Common\functions.php 第 278 行.
NOTIC: [8] Undefined variable: name D:\program\dodi\tp3\ThinkPHP\Common\functions.php 第 339 行.
INFO: [ app_end ] --START--
INFO: Run Behavior\ShowPageTraceBehavior [ RunTime:0.000589s ]
INFO: [ app_end ] --END-- [ RunTime:0.000701s ]

[ 2017-06-07T01:19:31+08:00 ] 127.0.0.1 /Admin/Goods/ajaxGetSpecItemHtml.html
INFO: [ app_begin ] --START--
INFO: Run Behavior\ReadHtmlCacheBehavior [ RunTime:0.000576s ]
INFO: [ app_begin ] --END-- [ RunTime:0.000714s ]
INFO: [ action_begin ] --START--
INFO: Run Admin\Behaviors\AuthBehavior [ RunTime:0.001042s ]
INFO: [ action_begin ] --END-- [ RunTime:0.001188s ]
INFO: [ app_end ] --START--
INFO: Run Behavior\ShowPageTraceBehavior [ RunTime:0.000589s ]
INFO: [ app_end ] --END-- [ RunTime:0.000704s ]

[ 2017-06-07T01:19:32+08:00 ] 127.0.0.1 /Admin/Goods/ajaxGetSpecItemHtml.html
INFO: [ app_begin ] --START--
INFO: Run Behavior\ReadHtmlCacheBehavior [ RunTime:0.000587s ]
INFO: [ app_begin ] --END-- [ RunTime:0.000712s ]
INFO: [ action_begin ] --START--
INFO: Run Admin\Behaviors\AuthBehavior [ RunTime:0.000920s ]
INFO: [ action_begin ] --END-- [ RunTime:0.001040s ]
INFO: [ app_end ] --START--
INFO: Run Behavior\ShowPageTraceBehavior [ RunTime:0.000597s ]
INFO: [ app_end ] --END-- [ RunTime:0.000711s ]

[ 2017-06-07T01:23:20+08:00 ] 127.0.0.1 /Admin/Goods/ajaxGetSpecItemHtml.html
INFO: [ app_begin ] --START--
INFO: Run Behavior\ReadHtmlCacheBehavior [ RunTime:0.000940s ]
INFO: [ app_begin ] --END-- [ RunTime:0.001120s ]
INFO: [ action_begin ] --START--
INFO: Run Admin\Behaviors\AuthBehavior [ RunTime:0.001307s ]
INFO: [ action_begin ] --END-- [ RunTime:0.001580s ]
INFO: [ app_end ] --START--
INFO: Run Behavior\ShowPageTraceBehavior [ RunTime:0.002495s ]
INFO: [ app_end ] --END-- [ RunTime:0.002827s ]

[ 2017-06-07T01:23:31+08:00 ] 127.0.0.1 /Admin/Goods/ajaxGetSpecItemHtml.html
INFO: [ app_begin ] --START--
INFO: Run Behavior\ReadHtmlCacheBehavior [ RunTime:0.000577s ]
INFO: [ app_begin ] --END-- [ RunTime:0.000699s ]
INFO: [ action_begin ] --START--
INFO: Run Admin\Behaviors\AuthBehavior [ RunTime:0.000753s ]
INFO: [ action_begin ] --END-- [ RunTime:0.000872s ]
INFO: [ app_end ] --START--
INFO: Run Behavior\ShowPageTraceBehavior [ RunTime:0.000658s ]
INFO: [ app_end ] --END-- [ RunTime:0.000786s ]

[ 2017-06-07T01:24:55+08:00 ] 127.0.0.1 /Admin/Goods/ajaxGetSpecItemHtml.html
INFO: [ app_begin ] --START--
INFO: Run Behavior\ReadHtmlCacheBehavior [ RunTime:0.001139s ]
INFO: [ app_begin ] --END-- [ RunTime:0.001353s ]
INFO: [ action_begin ] --START--
INFO: Run Admin\Behaviors\AuthBehavior [ RunTime:0.001672s ]
INFO: [ action_begin ] --END-- [ RunTime:0.001828s ]
INFO: [ app_end ] --START--
INFO: Run Behavior\ShowPageTraceBehavior [ RunTime:0.000659s ]
INFO: [ app_end ] --END-- [ RunTime:0.000793s ]

[ 2017-06-07T01:24:59+08:00 ] 127.0.0.1 /Admin/Goods/ajaxGetSpecItemHtml.html
INFO: [ app_begin ] --START--
INFO: Run Behavior\ReadHtmlCacheBehavior [ RunTime:0.000591s ]
INFO: [ app_begin ] --END-- [ RunTime:0.000712s ]
INFO: [ action_begin ] --START--
INFO: Run Admin\Behaviors\AuthBehavior [ RunTime:0.001009s ]
INFO: [ action_begin ] --END-- [ RunTime:0.001129s ]
INFO: [ app_end ] --START--
INFO: Run Behavior\ShowPageTraceBehavior [ RunTime:0.000584s ]
INFO: [ app_end ] --END-- [ RunTime:0.000702s ]

[ 2017-06-07T01:25:08+08:00 ] 127.0.0.1 /Admin/Goods/ajaxGetSpecItemHtml.html
INFO: [ app_begin ] --START--
INFO: Run Behavior\ReadHtmlCacheBehavior [ RunTime:0.000604s ]
INFO: [ app_begin ] --END-- [ RunTime:0.000745s ]
INFO: [ action_begin ] --START--
INFO: Run Admin\Behaviors\AuthBehavior [ RunTime:0.001009s ]
INFO: [ action_begin ] --END-- [ RunTime:0.001131s ]
INFO: [ app_end ] --START--
INFO: Run Behavior\ShowPageTraceBehavior [ RunTime:0.000813s ]
INFO: [ app_end ] --END-- [ RunTime:0.000965s ]

[ 2017-06-07T01:25:50+08:00 ] 127.0.0.1 /Admin/Goods/ajaxGetSpecItemHtml.html
INFO: [ app_begin ] --START--
INFO: Run Behavior\ReadHtmlCacheBehavior [ RunTime:0.000586s ]
INFO: [ app_begin ] --END-- [ RunTime:0.000711s ]
INFO: [ action_begin ] --START--
INFO: Run Admin\Behaviors\AuthBehavior [ RunTime:0.001006s ]
INFO: [ action_begin ] --END-- [ RunTime:0.001124s ]
INFO: [ app_end ] --START--
INFO: Run Behavior\ShowPageTraceBehavior [ RunTime:0.000739s ]
INFO: [ app_end ] --END-- [ RunTime:0.000920s ]

[ 2017-06-07T01:26:50+08:00 ] 127.0.0.1 /Admin/Goods/ajaxGetSpecItemHtml.html
INFO: [ app_begin ] --START--
INFO: Run Behavior\ReadHtmlCacheBehavior [ RunTime:0.000559s ]
INFO: [ app_begin ] --END-- [ RunTime:0.000680s ]
INFO: [ action_begin ] --START--
INFO: Run Admin\Behaviors\AuthBehavior [ RunTime:0.001710s ]
INFO: [ action_begin ] --END-- [ RunTime:0.002022s ]
INFO: [ app_end ] --START--
INFO: Run Behavior\ShowPageTraceBehavior [ RunTime:0.000768s ]
INFO: [ app_end ] --END-- [ RunTime:0.000939s ]

[ 2017-06-07T01:27:14+08:00 ] 127.0.0.1 /Admin/Goods/ajaxGetSpecItemHtml.html
INFO: [ app_begin ] --START--
INFO: Run Behavior\ReadHtmlCacheBehavior [ RunTime:0.000869s ]
INFO: [ app_begin ] --END-- [ RunTime:0.001087s ]
INFO: [ action_begin ] --START--
INFO: Run Admin\Behaviors\AuthBehavior [ RunTime:0.001904s ]
INFO: [ action_begin ] --END-- [ RunTime:0.002222s ]
INFO: [ app_end ] --START--
INFO: Run Behavior\ShowPageTraceBehavior [ RunTime:0.002154s ]
INFO: [ app_end ] --END-- [ RunTime:0.002416s ]

[ 2017-06-07T01:27:47+08:00 ] 127.0.0.1 /Admin/Goods/ajaxGetSpecItemHtml.html
INFO: [ app_begin ] --START--
INFO: Run Behavior\ReadHtmlCacheBehavior [ RunTime:0.000732s ]
INFO: [ app_begin ] --END-- [ RunTime:0.000902s ]
INFO: [ action_begin ] --START--
INFO: Run Admin\Behaviors\AuthBehavior [ RunTime:0.001428s ]
INFO: [ action_begin ] --END-- [ RunTime:0.001657s ]
INFO: [ app_end ] --START--
INFO: Run Behavior\ShowPageTraceBehavior [ RunTime:0.001224s ]
INFO: [ app_end ] --END-- [ RunTime:0.001456s ]

[ 2017-06-07T01:33:07+08:00 ] 127.0.0.1 /Admin/Goods/ajaxGetSpecItemHtml.html
INFO: [ app_begin ] --START--
INFO: Run Behavior\ReadHtmlCacheBehavior [ RunTime:0.001609s ]
INFO: [ app_begin ] --END-- [ RunTime:0.002028s ]
INFO: [ action_begin ] --START--
INFO: Run Admin\Behaviors\AuthBehavior [ RunTime:0.000966s ]
INFO: [ action_begin ] --END-- [ RunTime:0.001094s ]
SQL: SHOW COLUMNS FROM `xianj_spec_items` [ RunTime:0.0009s ]
SQL: SELECT * FROM `xianj_spec_items` WHERE `id` IN ('2','3','6','7') ORDER BY spec_id asc  [ RunTime:0.0004s ]

[ 2017-06-07T01:37:12+08:00 ] 127.0.0.1 /Admin/Goods/ajaxGetSpecItemHtml.html
INFO: [ app_begin ] --START--
INFO: Run Behavior\ReadHtmlCacheBehavior [ RunTime:0.001174s ]
INFO: [ app_begin ] --END-- [ RunTime:0.001464s ]
INFO: [ action_begin ] --START--
INFO: Run Admin\Behaviors\AuthBehavior [ RunTime:0.001776s ]
INFO: [ action_begin ] --END-- [ RunTime:0.002013s ]
SQL: SHOW COLUMNS FROM `xianj_spec_items` [ RunTime:0.0020s ]
SQL: SELECT * FROM `xianj_spec_items` WHERE `id` IN ('1','2','6','7') ORDER BY spec_id asc  [ RunTime:0.0011s ]

[ 2017-06-07T01:37:32+08:00 ] 127.0.0.1 /Admin/Goods/ajaxGetSpecItemHtml.html
INFO: [ app_begin ] --START--
INFO: Run Behavior\ReadHtmlCacheBehavior [ RunTime:0.000924s ]
INFO: [ app_begin ] --END-- [ RunTime:0.001116s ]
INFO: [ action_begin ] --START--
INFO: Run Admin\Behaviors\AuthBehavior [ RunTime:0.002079s ]
INFO: [ action_begin ] --END-- [ RunTime:0.002368s ]
SQL: SHOW COLUMNS FROM `xianj_spec_items` [ RunTime:0.0011s ]
SQL: SELECT * FROM `xianj_spec_items` WHERE `id` IN ('1','2','6','7') ORDER BY spec_id asc  [ RunTime:0.0004s ]

[ 2017-06-07T01:38:16+08:00 ] 127.0.0.1 /Admin/Goods/ajaxGetSpecItemHtml.html
INFO: [ app_begin ] --START--
INFO: Run Behavior\ReadHtmlCacheBehavior [ RunTime:0.000632s ]
INFO: [ app_begin ] --END-- [ RunTime:0.000841s ]
INFO: [ action_begin ] --START--
INFO: Run Admin\Behaviors\AuthBehavior [ RunTime:0.001538s ]
INFO: [ action_begin ] --END-- [ RunTime:0.001772s ]
SQL: SHOW COLUMNS FROM `xianj_spec_items` [ RunTime:0.0009s ]
SQL: SELECT * FROM `xianj_spec_items` WHERE `id` IN ('1','2','6','7') ORDER BY spec_id asc  [ RunTime:0.0005s ]

[ 2017-06-07T01:40:19+08:00 ] 127.0.0.1 /Admin/Goods/ajaxGetSpecItemHtml.html
INFO: [ app_begin ] --START--
INFO: Run Behavior\ReadHtmlCacheBehavior [ RunTime:0.001343s ]
INFO: [ app_begin ] --END-- [ RunTime:0.001586s ]
INFO: [ action_begin ] --START--
INFO: Run Admin\Behaviors\AuthBehavior [ RunTime:0.001298s ]
INFO: [ action_begin ] --END-- [ RunTime:0.001523s ]
SQL: SHOW COLUMNS FROM `xianj_spec_items` [ RunTime:0.0008s ]
SQL: SELECT * FROM `xianj_spec_items` WHERE `id` IN ('1','2','6','7') ORDER BY spec_id asc  [ RunTime:0.0009s ]
SQL: SHOW COLUMNS FROM `xianj_spec` [ RunTime:0.0006s ]
SQL: SELECT * FROM `xianj_spec` ORDER BY id asc  [ RunTime:0.0005s ]

[ 2017-06-07T01:51:22+08:00 ] 127.0.0.1 /Admin/Goods/ajaxGetSpecItemHtml.html
INFO: [ app_begin ] --START--
INFO: Run Behavior\ReadHtmlCacheBehavior [ RunTime:0.001097s ]
INFO: [ app_begin ] --END-- [ RunTime:0.001332s ]
INFO: [ action_begin ] --START--
INFO: Run Admin\Behaviors\AuthBehavior [ RunTime:0.001832s ]
INFO: [ action_begin ] --END-- [ RunTime:0.002045s ]
SQL: SHOW COLUMNS FROM `xianj_spec_items` [ RunTime:0.0011s ]
SQL: SELECT * FROM `xianj_spec_items` WHERE `id` IN ('1','2','3','6','7') ORDER BY spec_id asc  [ RunTime:0.0013s ]
SQL: SHOW COLUMNS FROM `xianj_spec` [ RunTime:0.0007s ]
SQL: SELECT * FROM `xianj_spec` ORDER BY id asc  [ RunTime:0.0003s ]

[ 2017-06-07T01:53:49+08:00 ] 127.0.0.1 /Admin/Goods/ajaxGetSpecItemHtml.html
INFO: [ app_begin ] --START--
INFO: Run Behavior\ReadHtmlCacheBehavior [ RunTime:0.001164s ]
INFO: [ app_begin ] --END-- [ RunTime:0.001541s ]
INFO: [ action_begin ] --START--
INFO: Run Admin\Behaviors\AuthBehavior [ RunTime:0.001220s ]
INFO: [ action_begin ] --END-- [ RunTime:0.001367s ]
SQL: SHOW COLUMNS FROM `xianj_spec_items` [ RunTime:0.0007s ]
SQL: SELECT * FROM `xianj_spec_items` WHERE `id` IN ('1','2','6','7') ORDER BY spec_id asc  [ RunTime:0.0004s ]
SQL: SHOW COLUMNS FROM `xianj_spec` [ RunTime:0.0006s ]
SQL: SELECT * FROM `xianj_spec` ORDER BY id asc  [ RunTime:0.0003s ]

[ 2017-06-07T01:54:39+08:00 ] 127.0.0.1 /Admin/Goods/ajaxGetSpecItemHtml.html
INFO: [ app_begin ] --START--
INFO: Run Behavior\ReadHtmlCacheBehavior [ RunTime:0.000955s ]
INFO: [ app_begin ] --END-- [ RunTime:0.001200s ]
INFO: [ action_begin ] --START--
INFO: Run Admin\Behaviors\AuthBehavior [ RunTime:0.001154s ]
INFO: [ action_begin ] --END-- [ RunTime:0.001334s ]
SQL: SHOW COLUMNS FROM `xianj_spec_items` [ RunTime:0.0022s ]
SQL: SELECT * FROM `xianj_spec_items` WHERE `id` IN ('1','2','6','7') ORDER BY spec_id asc  [ RunTime:0.0005s ]
SQL: SHOW COLUMNS FROM `xianj_spec` [ RunTime:0.0019s ]
SQL: SELECT * FROM `xianj_spec` ORDER BY id asc  [ RunTime:0.0003s ]

[ 2017-06-07T01:55:06+08:00 ] 127.0.0.1 /Admin/Goods/ajaxGetSpecItemHtml.html
INFO: [ app_begin ] --START--
INFO: Run Behavior\ReadHtmlCacheBehavior [ RunTime:0.001098s ]
INFO: [ app_begin ] --END-- [ RunTime:0.001449s ]
INFO: [ action_begin ] --START--
INFO: Run Admin\Behaviors\AuthBehavior [ RunTime:0.002451s ]
INFO: [ action_begin ] --END-- [ RunTime:0.003041s ]
SQL: SHOW COLUMNS FROM `xianj_spec_items` [ RunTime:0.0010s ]
SQL: SELECT * FROM `xianj_spec_items` WHERE `id` IN ('1','2','6','7') ORDER BY spec_id asc  [ RunTime:0.0005s ]
SQL: SHOW COLUMNS FROM `xianj_spec` [ RunTime:0.0007s ]
SQL: SELECT * FROM `xianj_spec` ORDER BY id asc  [ RunTime:0.0003s ]

[ 2017-06-07T01:55:45+08:00 ] 127.0.0.1 /Admin/Goods/ajaxGetSpecItemHtml.html
INFO: [ app_begin ] --START--
INFO: Run Behavior\ReadHtmlCacheBehavior [ RunTime:0.001072s ]
INFO: [ app_begin ] --END-- [ RunTime:0.001601s ]
INFO: [ action_begin ] --START--
INFO: Run Admin\Behaviors\AuthBehavior [ RunTime:0.001939s ]
INFO: [ action_begin ] --END-- [ RunTime:0.002167s ]
SQL: SHOW COLUMNS FROM `xianj_spec_items` [ RunTime:0.0010s ]
SQL: SELECT * FROM `xianj_spec_items` WHERE `id` IN ('1','2','6','7') ORDER BY spec_id asc  [ RunTime:0.0009s ]
SQL: SHOW COLUMNS FROM `xianj_spec` [ RunTime:0.0006s ]
SQL: SELECT * FROM `xianj_spec` ORDER BY id asc  [ RunTime:0.0003s ]

[ 2017-06-07T01:58:34+08:00 ] 127.0.0.1 /Admin/Goods/ajaxGetSpecItemHtml.html
INFO: [ app_begin ] --START--
INFO: Run Behavior\ReadHtmlCacheBehavior [ RunTime:0.000651s ]
INFO: [ app_begin ] --END-- [ RunTime:0.000814s ]
INFO: [ action_begin ] --START--
INFO: Run Admin\Behaviors\AuthBehavior [ RunTime:0.000869s ]
INFO: [ action_begin ] --END-- [ RunTime:0.001009s ]
SQL: SHOW COLUMNS FROM `xianj_spec_items` [ RunTime:0.0013s ]
SQL: SELECT * FROM `xianj_spec_items` WHERE `id` IN ('2','6','7') ORDER BY spec_id asc  [ RunTime:0.0005s ]
SQL: SHOW COLUMNS FROM `xianj_spec` [ RunTime:0.0006s ]
SQL: SELECT * FROM `xianj_spec` ORDER BY id asc  [ RunTime:0.0003s ]

[ 2017-06-07T02:01:40+08:00 ] 127.0.0.1 /Admin/Goods/ajaxUpload.html
INFO: [ app_begin ] --START--
INFO: Run Behavior\ReadHtmlCacheBehavior [ RunTime:0.000601s ]
INFO: [ app_begin ] --END-- [ RunTime:0.000725s ]
INFO: [ action_begin ] --START--
INFO: Run Admin\Behaviors\AuthBehavior [ RunTime:0.003650s ]
INFO: [ action_begin ] --END-- [ RunTime:0.004094s ]
NOTIC: [2] call_user_func() expects parameter 1 to be a valid callback, no array or string given D:\program\dodi\tp3\ThinkPHP\Library\Think\Upload.class.php 第 170 行.

[ 2017-06-07T08:58:04+08:00 ] 127.0.0.1 /tp3/Admin/Goods/ajaxUpload.html
INFO: [ app_begin ] --START--
INFO: Run Behavior\ReadHtmlCacheBehavior [ RunTime:0.001302s ]
INFO: [ app_begin ] --END-- [ RunTime:0.001597s ]
INFO: [ action_begin ] --START--
INFO: Run Admin\Behaviors\AuthBehavior [ RunTime:0.003863s ]
INFO: [ action_begin ] --END-- [ RunTime:0.004154s ]
NOTIC: [2] call_user_func() expects parameter 1 to be a valid callback, no array or string given F:\website\demo\tp3\ThinkPHP\Library\Think\Upload.class.php 第 170 行.

[ 2017-06-07T08:58:07+08:00 ] 127.0.0.1 /tp3/Admin/Goods/ajaxUpload.html
INFO: [ app_begin ] --START--
INFO: Run Behavior\ReadHtmlCacheBehavior [ RunTime:0.002428s ]
INFO: [ app_begin ] --END-- [ RunTime:0.002715s ]
INFO: [ action_begin ] --START--
INFO: Run Admin\Behaviors\AuthBehavior [ RunTime:0.004660s ]
INFO: [ action_begin ] --END-- [ RunTime:0.004957s ]
NOTIC: [2] call_user_func() expects parameter 1 to be a valid callback, no array or string given F:\website\demo\tp3\ThinkPHP\Library\Think\Upload.class.php 第 170 行.

[ 2017-06-07T08:58:09+08:00 ] 127.0.0.1 /tp3/Admin/Goods/ajaxUpload.html
INFO: [ app_begin ] --START--
INFO: Run Behavior\ReadHtmlCacheBehavior [ RunTime:0.001811s ]
INFO: [ app_begin ] --END-- [ RunTime:0.001987s ]
INFO: [ action_begin ] --START--
INFO: Run Admin\Behaviors\AuthBehavior [ RunTime:0.005548s ]
INFO: [ action_begin ] --END-- [ RunTime:0.005784s ]
NOTIC: [2] call_user_func() expects parameter 1 to be a valid callback, no array or string given F:\website\demo\tp3\ThinkPHP\Library\Think\Upload.class.php 第 170 行.

[ 2017-06-07T08:59:05+08:00 ] 127.0.0.1 /tp3/Admin/Goods/ajaxGetSpecItemHtml.html
INFO: [ app_begin ] --START--
INFO: Run Behavior\ReadHtmlCacheBehavior [ RunTime:0.001715s ]
INFO: [ app_begin ] --END-- [ RunTime:0.001912s ]
INFO: [ action_begin ] --START--
INFO: Run Admin\Behaviors\AuthBehavior [ RunTime:0.003834s ]
INFO: [ action_begin ] --END-- [ RunTime:0.003994s ]
SQL: SHOW COLUMNS FROM `xianj_spec_items` [ RunTime:0.0016s ]
SQL: SELECT * FROM `xianj_spec_items` WHERE `id` IN ('20','19') ORDER BY spec_id asc  [ RunTime:0.0006s ]
SQL: SHOW COLUMNS FROM `xianj_spec` [ RunTime:0.0013s ]
SQL: SELECT * FROM `xianj_spec` ORDER BY id asc  [ RunTime:0.0004s ]

[ 2017-06-07T08:59:12+08:00 ] 127.0.0.1 /tp3/Admin/Goods/ajaxGetSpecItemHtml.html
INFO: [ app_begin ] --START--
INFO: Run Behavior\ReadHtmlCacheBehavior [ RunTime:0.002780s ]
INFO: [ app_begin ] --END-- [ RunTime:0.002954s ]
INFO: [ action_begin ] --START--
INFO: Run Admin\Behaviors\AuthBehavior [ RunTime:0.003059s ]
INFO: [ action_begin ] --END-- [ RunTime:0.003230s ]
SQL: SHOW COLUMNS FROM `xianj_spec_items` [ RunTime:0.0012s ]
SQL: SELECT * FROM `xianj_spec_items` WHERE `id` IN ('20','19') ORDER BY spec_id asc  [ RunTime:0.0005s ]
SQL: SHOW COLUMNS FROM `xianj_spec` [ RunTime:0.0013s ]
SQL: SELECT * FROM `xianj_spec` ORDER BY id asc  [ RunTime:0.0004s ]

[ 2017-06-07T08:59:17+08:00 ] 127.0.0.1 /tp3/Admin/Goods/ajaxGetSpecItemHtml.html
INFO: [ app_begin ] --START--
INFO: Run Behavior\ReadHtmlCacheBehavior [ RunTime:0.001660s ]
INFO: [ app_begin ] --END-- [ RunTime:0.001821s ]
INFO: [ action_begin ] --START--
INFO: Run Admin\Behaviors\AuthBehavior [ RunTime:0.004371s ]
INFO: [ action_begin ] --END-- [ RunTime:0.004548s ]
SQL: SHOW COLUMNS FROM `xianj_spec_items` [ RunTime:0.0014s ]
SQL: SELECT * FROM `xianj_spec_items` WHERE `id` IN ('20') ORDER BY spec_id asc  [ RunTime:0.0004s ]
SQL: SHOW COLUMNS FROM `xianj_spec` [ RunTime:0.0016s ]
SQL: SELECT * FROM `xianj_spec` ORDER BY id asc  [ RunTime:0.0005s ]

[ 2017-06-07T09:05:27+08:00 ] 127.0.0.1 /tp3/Admin/Goods/ajaxGetSpecItemHtml.html
INFO: [ app_begin ] --START--
INFO: Run Behavior\ReadHtmlCacheBehavior [ RunTime:0.001838s ]
INFO: [ app_begin ] --END-- [ RunTime:0.002083s ]
INFO: [ action_begin ] --START--
INFO: Run Admin\Behaviors\AuthBehavior [ RunTime:0.001408s ]
INFO: [ action_begin ] --END-- [ RunTime:0.001582s ]
SQL: SHOW COLUMNS FROM `xianj_spec_items` [ RunTime:0.0013s ]
SQL: SELECT * FROM `xianj_spec_items` WHERE `id` IN ('19','20') ORDER BY spec_id asc  [ RunTime:0.0005s ]
SQL: SHOW COLUMNS FROM `xianj_spec` [ RunTime:0.0022s ]
SQL: SELECT * FROM `xianj_spec` ORDER BY id asc  [ RunTime:0.0007s ]

[ 2017-06-07T13:08:29+08:00 ] 127.0.0.1 /tp3/Admin/Goods/ajaxGetSpecItemHtml.html
INFO: [ app_begin ] --START--
INFO: Run Behavior\ReadHtmlCacheBehavior [ RunTime:0.001045s ]
INFO: [ app_begin ] --END-- [ RunTime:0.001215s ]
INFO: [ action_begin ] --START--
INFO: Run Admin\Behaviors\AuthBehavior [ RunTime:0.003793s ]
INFO: [ action_begin ] --END-- [ RunTime:0.004246s ]
SQL: SHOW COLUMNS FROM `xianj_spec_items` [ RunTime:0.0028s ]
SQL: SELECT * FROM `xianj_spec_items` WHERE `id` IN ('21','22','20','19') ORDER BY spec_id asc  [ RunTime:0.0007s ]
SQL: SHOW COLUMNS FROM `xianj_spec` [ RunTime:0.0018s ]
SQL: SELECT * FROM `xianj_spec` ORDER BY id asc  [ RunTime:0.0004s ]

[ 2017-06-07T13:08:35+08:00 ] 127.0.0.1 /tp3/Admin/Goods/ajaxGetSpecItemHtml.html
INFO: [ app_begin ] --START--
INFO: Run Behavior\ReadHtmlCacheBehavior [ RunTime:0.001491s ]
INFO: [ app_begin ] --END-- [ RunTime:0.001874s ]
INFO: [ action_begin ] --START--
INFO: Run Admin\Behaviors\AuthBehavior [ RunTime:0.002646s ]
INFO: [ action_begin ] --END-- [ RunTime:0.003124s ]
SQL: SHOW COLUMNS FROM `xianj_spec_items` [ RunTime:0.0017s ]
SQL: SELECT * FROM `xianj_spec_items` WHERE `id` IN ('19') ORDER BY spec_id asc  [ RunTime:0.0008s ]
SQL: SHOW COLUMNS FROM `xianj_spec` [ RunTime:0.0014s ]
SQL: SELECT * FROM `xianj_spec` ORDER BY id asc  [ RunTime:0.0006s ]

[ 2017-06-07T13:11:26+08:00 ] 127.0.0.1 /tp3/Admin/Goods/ajaxGetSpecItemHtml.html
INFO: [ app_begin ] --START--
INFO: Run Behavior\ReadHtmlCacheBehavior [ RunTime:0.000918s ]
INFO: [ app_begin ] --END-- [ RunTime:0.001080s ]
INFO: [ action_begin ] --START--
INFO: Run Admin\Behaviors\AuthBehavior [ RunTime:0.001302s ]
INFO: [ action_begin ] --END-- [ RunTime:0.001463s ]
SQL: SHOW COLUMNS FROM `xianj_spec_items` [ RunTime:0.0027s ]
SQL: SELECT * FROM `xianj_spec_items` WHERE `id` IN ('21') ORDER BY spec_id asc  [ RunTime:0.0007s ]
SQL: SHOW COLUMNS FROM `xianj_spec` [ RunTime:0.0024s ]
SQL: SELECT * FROM `xianj_spec` ORDER BY id asc  [ RunTime:0.0006s ]

[ 2017-06-07T13:12:49+08:00 ] 127.0.0.1 /tp3/Admin/Goods/ajaxGetSpecItemHtml.html
INFO: [ app_begin ] --START--
INFO: Run Behavior\ReadHtmlCacheBehavior [ RunTime:0.001490s ]
INFO: [ app_begin ] --END-- [ RunTime:0.001813s ]
INFO: [ action_begin ] --START--
INFO: Run Admin\Behaviors\AuthBehavior [ RunTime:0.002607s ]
INFO: [ action_begin ] --END-- [ RunTime:0.003024s ]
SQL: SHOW COLUMNS FROM `xianj_spec_items` [ RunTime:0.0012s ]
SQL: SELECT * FROM `xianj_spec_items` WHERE `id` IN ('21') ORDER BY spec_id asc  [ RunTime:0.0005s ]
SQL: SHOW COLUMNS FROM `xianj_spec` [ RunTime:0.0009s ]
SQL: SELECT * FROM `xianj_spec` ORDER BY id asc  [ RunTime:0.0005s ]

[ 2017-06-07T13:13:18+08:00 ] 127.0.0.1 /tp3/Admin/Goods/ajaxGetSpecItemHtml.html
INFO: [ app_begin ] --START--
INFO: Run Behavior\ReadHtmlCacheBehavior [ RunTime:0.001273s ]
INFO: [ app_begin ] --END-- [ RunTime:0.002431s ]
INFO: [ action_begin ] --START--
INFO: Run Admin\Behaviors\AuthBehavior [ RunTime:0.001396s ]
INFO: [ action_begin ] --END-- [ RunTime:0.001551s ]
SQL: SHOW COLUMNS FROM `xianj_spec_items` [ RunTime:0.0009s ]
SQL: SELECT * FROM `xianj_spec_items` WHERE `id` IN ('21','22') ORDER BY spec_id asc  [ RunTime:0.0005s ]
SQL: SHOW COLUMNS FROM `xianj_spec` [ RunTime:0.0008s ]
SQL: SELECT * FROM `xianj_spec` ORDER BY id asc  [ RunTime:0.0005s ]

[ 2017-06-07T13:14:16+08:00 ] 127.0.0.1 /tp3/Admin/Goods/ajaxGetSpecItemHtml.html
INFO: [ app_begin ] --START--
INFO: Run Behavior\ReadHtmlCacheBehavior [ RunTime:0.000928s ]
INFO: [ app_begin ] --END-- [ RunTime:0.001088s ]

[ 2017-06-07T13:14:27+08:00 ] 127.0.0.1 /tp3/Admin/Goods/ajaxGetSpecItemHtml.html
INFO: [ app_begin ] --START--
INFO: Run Behavior\ReadHtmlCacheBehavior [ RunTime:0.000998s ]
INFO: [ app_begin ] --END-- [ RunTime:0.001220s ]
INFO: [ action_begin ] --START--
INFO: Run Admin\Behaviors\AuthBehavior [ RunTime:0.003788s ]
INFO: [ action_begin ] --END-- [ RunTime:0.004155s ]
SQL: SHOW COLUMNS FROM `xianj_spec_items` [ RunTime:0.0011s ]
SQL: SELECT * FROM `xianj_spec_items` WHERE `id` IN ('23','19') ORDER BY spec_id asc  [ RunTime:0.0018s ]
SQL: SHOW COLUMNS FROM `xianj_spec` [ RunTime:0.0008s ]
SQL: SELECT * FROM `xianj_spec` WHERE `id` IN ('2','24') ORDER BY id asc  [ RunTime:0.0005s ]

[ 2017-06-07T13:14:31+08:00 ] 127.0.0.1 /tp3/Admin/Goods/ajaxGetSpecItemHtml.html
INFO: [ app_begin ] --START--
INFO: Run Behavior\ReadHtmlCacheBehavior [ RunTime:0.001132s ]
INFO: [ app_begin ] --END-- [ RunTime:0.001300s ]
INFO: [ action_begin ] --START--
INFO: Run Admin\Behaviors\AuthBehavior [ RunTime:0.001404s ]
INFO: [ action_begin ] --END-- [ RunTime:0.001622s ]
SQL: SHOW COLUMNS FROM `xianj_spec_items` [ RunTime:0.0012s ]
SQL: SELECT * FROM `xianj_spec_items` WHERE `id` IN ('21') ORDER BY spec_id asc  [ RunTime:0.0009s ]
SQL: SHOW COLUMNS FROM `xianj_spec` [ RunTime:0.0008s ]
SQL: SELECT * FROM `xianj_spec` WHERE `id` IN ('2') ORDER BY id asc  [ RunTime:0.0004s ]

[ 2017-06-07T13:14:35+08:00 ] 127.0.0.1 /tp3/Admin/Goods/ajaxGetSpecItemHtml.html
INFO: [ app_begin ] --START--
INFO: Run Behavior\ReadHtmlCacheBehavior [ RunTime:0.001528s ]
INFO: [ app_begin ] --END-- [ RunTime:0.001833s ]
INFO: [ action_begin ] --START--
INFO: Run Admin\Behaviors\AuthBehavior [ RunTime:0.002067s ]
INFO: [ action_begin ] --END-- [ RunTime:0.002494s ]
SQL: SHOW COLUMNS FROM `xianj_spec_items` [ RunTime:0.0013s ]
SQL: SELECT * FROM `xianj_spec_items` WHERE `id` IN ('20','19') ORDER BY spec_id asc  [ RunTime:0.0007s ]
SQL: SHOW COLUMNS FROM `xianj_spec` [ RunTime:0.0009s ]
SQL: SELECT * FROM `xianj_spec` WHERE `id` IN ('24') ORDER BY id asc  [ RunTime:0.0012s ]

[ 2017-06-07T13:15:19+08:00 ] 127.0.0.1 /tp3/Admin/Goods/ajaxGetSpecItemHtml.html
INFO: [ app_begin ] --START--
INFO: Run Behavior\ReadHtmlCacheBehavior [ RunTime:0.001069s ]
INFO: [ app_begin ] --END-- [ RunTime:0.001253s ]
INFO: [ action_begin ] --START--
INFO: Run Admin\Behaviors\AuthBehavior [ RunTime:0.001479s ]
INFO: [ action_begin ] --END-- [ RunTime:0.001769s ]
SQL: SHOW COLUMNS FROM `xianj_spec_items` [ RunTime:0.0008s ]
SQL: SELECT * FROM `xianj_spec_items` WHERE `id` IN ('21','22','20','19') ORDER BY spec_id asc  [ RunTime:0.0005s ]
SQL: SHOW COLUMNS FROM `xianj_spec` [ RunTime:0.0011s ]
SQL: SELECT * FROM `xianj_spec` WHERE `id` IN ('2','24') ORDER BY id asc  [ RunTime:0.0006s ]

[ 2017-06-07T13:18:41+08:00 ] 127.0.0.1 /tp3/Admin/Goods/ajaxGetSpecItemHtml.html
INFO: [ app_begin ] --START--
INFO: Run Behavior\ReadHtmlCacheBehavior [ RunTime:0.001023s ]
INFO: [ app_begin ] --END-- [ RunTime:0.001196s ]
INFO: [ action_begin ] --START--
INFO: Run Admin\Behaviors\AuthBehavior [ RunTime:0.001543s ]
INFO: [ action_begin ] --END-- [ RunTime:0.001711s ]
SQL: SHOW COLUMNS FROM `xianj_spec_items` [ RunTime:0.0014s ]
SQL: SELECT * FROM `xianj_spec_items` WHERE `id` IN ('21','22','20','19') ORDER BY spec_id asc  [ RunTime:0.0008s ]
SQL: SHOW COLUMNS FROM `xianj_spec` [ RunTime:0.0008s ]
SQL: SELECT * FROM `xianj_spec` WHERE `id` IN ('2','24') ORDER BY id asc  [ RunTime:0.0004s ]

[ 2017-06-07T13:20:01+08:00 ] 127.0.0.1 /tp3/Admin/Goods/ajaxGetSpecItemHtml.html
INFO: [ app_begin ] --START--
INFO: Run Behavior\ReadHtmlCacheBehavior [ RunTime:0.000881s ]
INFO: [ app_begin ] --END-- [ RunTime:0.001034s ]
INFO: [ action_begin ] --START--
INFO: Run Admin\Behaviors\AuthBehavior [ RunTime:0.001857s ]
INFO: [ action_begin ] --END-- [ RunTime:0.002042s ]
SQL: SHOW COLUMNS FROM `xianj_spec_items` [ RunTime:0.0013s ]
SQL: SELECT * FROM `xianj_spec_items` WHERE `id` IN ('21','22','20','19') ORDER BY spec_id asc  [ RunTime:0.0009s ]
SQL: SHOW COLUMNS FROM `xianj_spec` [ RunTime:0.0008s ]
SQL: SELECT * FROM `xianj_spec` WHERE `id` IN ('2','24') ORDER BY id asc  [ RunTime:0.0006s ]

[ 2017-06-07T13:20:08+08:00 ] 127.0.0.1 /tp3/Admin/Goods/ajaxGetSpecItemHtml.html
INFO: [ app_begin ] --START--
INFO: Run Behavior\ReadHtmlCacheBehavior [ RunTime:0.002614s ]
INFO: [ app_begin ] --END-- [ RunTime:0.002900s ]
INFO: [ action_begin ] --START--
INFO: Run Admin\Behaviors\AuthBehavior [ RunTime:0.001933s ]
INFO: [ action_begin ] --END-- [ RunTime:0.002279s ]
SQL: SHOW COLUMNS FROM `xianj_spec_items` [ RunTime:0.0008s ]
SQL: SELECT * FROM `xianj_spec_items` WHERE `id` IN ('22') ORDER BY spec_id asc  [ RunTime:0.0004s ]
SQL: SHOW COLUMNS FROM `xianj_spec` [ RunTime:0.0013s ]
SQL: SELECT * FROM `xianj_spec` WHERE `id` IN ('2') ORDER BY id asc  [ RunTime:0.0006s ]

[ 2017-06-07T13:20:13+08:00 ] 127.0.0.1 /tp3/Admin/Goods/ajaxGetSpecItemHtml.html
INFO: [ app_begin ] --START--
INFO: Run Behavior\ReadHtmlCacheBehavior [ RunTime:0.001904s ]
INFO: [ app_begin ] --END-- [ RunTime:0.002210s ]
INFO: [ action_begin ] --START--
INFO: Run Admin\Behaviors\AuthBehavior [ RunTime:0.001361s ]
INFO: [ action_begin ] --END-- [ RunTime:0.001530s ]
SQL: SHOW COLUMNS FROM `xianj_spec_items` [ RunTime:0.0009s ]
SQL: SELECT * FROM `xianj_spec_items` WHERE `id` IN ('21','22','23','20','19') ORDER BY spec_id asc  [ RunTime:0.0006s ]
SQL: SHOW COLUMNS FROM `xianj_spec` [ RunTime:0.0197s ]
SQL: SELECT * FROM `xianj_spec` WHERE `id` IN ('2','24') ORDER BY id asc  [ RunTime:0.0004s ]

[ 2017-06-07T13:21:21+08:00 ] 127.0.0.1 /tp3/Admin/Goods/ajaxGetSpecItemHtml.html
INFO: [ app_begin ] --START--
INFO: Run Behavior\ReadHtmlCacheBehavior [ RunTime:0.000887s ]
INFO: [ app_begin ] --END-- [ RunTime:0.001046s ]
INFO: [ action_begin ] --START--
INFO: Run Admin\Behaviors\AuthBehavior [ RunTime:0.005594s ]
INFO: [ action_begin ] --END-- [ RunTime:0.006901s ]
SQL: SHOW COLUMNS FROM `xianj_spec_items` [ RunTime:0.0009s ]
SQL: SELECT * FROM `xianj_spec_items` WHERE `id` IN ('21','22','20') ORDER BY spec_id asc  [ RunTime:0.0004s ]
SQL: SHOW COLUMNS FROM `xianj_spec` [ RunTime:0.0010s ]
SQL: SELECT * FROM `xianj_spec` WHERE `id` IN ('2','24') ORDER BY id asc  [ RunTime:0.0004s ]

[ 2017-06-07T13:21:30+08:00 ] 127.0.0.1 /tp3/Admin/Goods/ajaxGetSpecItemHtml.html
INFO: [ app_begin ] --START--
INFO: Run Behavior\ReadHtmlCacheBehavior [ RunTime:0.001239s ]
INFO: [ app_begin ] --END-- [ RunTime:0.001471s ]
INFO: [ action_begin ] --START--
INFO: Run Admin\Behaviors\AuthBehavior [ RunTime:0.001405s ]
INFO: [ action_begin ] --END-- [ RunTime:0.001570s ]
SQL: SHOW COLUMNS FROM `xianj_spec_items` [ RunTime:0.0008s ]
SQL: SELECT * FROM `xianj_spec_items` WHERE `id` IN ('21','22','20','19') ORDER BY spec_id asc  [ RunTime:0.0005s ]
SQL: SHOW COLUMNS FROM `xianj_spec` [ RunTime:0.0016s ]
SQL: SELECT * FROM `xianj_spec` WHERE `id` IN ('2','24') ORDER BY id asc  [ RunTime:0.0006s ]

[ 2017-06-07T13:21:37+08:00 ] 127.0.0.1 /tp3/Admin/Goods/ajaxGetSpecItemHtml.html
INFO: [ app_begin ] --START--
INFO: Run Behavior\ReadHtmlCacheBehavior [ RunTime:0.000910s ]
INFO: [ app_begin ] --END-- [ RunTime:0.001077s ]
INFO: [ action_begin ] --START--
INFO: Run Admin\Behaviors\AuthBehavior [ RunTime:0.002873s ]
INFO: [ action_begin ] --END-- [ RunTime:0.003105s ]
SQL: SHOW COLUMNS FROM `xianj_spec_items` [ RunTime:0.0299s ]
SQL: SELECT * FROM `xianj_spec_items` WHERE `id` IN ('21','22','23','20','19') ORDER BY spec_id asc  [ RunTime:0.0006s ]
SQL: SHOW COLUMNS FROM `xianj_spec` [ RunTime:0.0010s ]
SQL: SELECT * FROM `xianj_spec` WHERE `id` IN ('2','24') ORDER BY id asc  [ RunTime:0.0005s ]

[ 2017-06-07T13:26:18+08:00 ] 127.0.0.1 /tp3/Admin/Goods/ajaxGetSpecItemHtml.html
INFO: [ app_begin ] --START--
INFO: Run Behavior\ReadHtmlCacheBehavior [ RunTime:0.001027s ]
INFO: [ app_begin ] --END-- [ RunTime:0.001217s ]
INFO: [ action_begin ] --START--
INFO: Run Admin\Behaviors\AuthBehavior [ RunTime:0.004255s ]
INFO: [ action_begin ] --END-- [ RunTime:0.004495s ]
SQL: SHOW COLUMNS FROM `xianj_spec_items` [ RunTime:0.0328s ]
SQL: SELECT * FROM `xianj_spec_items` WHERE `id` IN ('21','22') ORDER BY spec_id asc  [ RunTime:0.0076s ]
SQL: SHOW COLUMNS FROM `xianj_spec` [ RunTime:0.0009s ]
SQL: SELECT * FROM `xianj_spec` WHERE `id` IN ('2') ORDER BY id asc  [ RunTime:0.0004s ]

[ 2017-06-07T13:26:22+08:00 ] 127.0.0.1 /tp3/Admin/Goods/ajaxGetSpecItemHtml.html
INFO: [ app_begin ] --START--
INFO: Run Behavior\ReadHtmlCacheBehavior [ RunTime:0.001568s ]
INFO: [ app_begin ] --END-- [ RunTime:0.001937s ]
INFO: [ action_begin ] --START--
INFO: Run Admin\Behaviors\AuthBehavior [ RunTime:0.001972s ]
INFO: [ action_begin ] --END-- [ RunTime:0.002250s ]
SQL: SHOW COLUMNS FROM `xianj_spec_items` [ RunTime:0.0010s ]
SQL: SELECT * FROM `xianj_spec_items` WHERE `id` IN ('21','22','20') ORDER BY spec_id asc  [ RunTime:0.0006s ]
SQL: SHOW COLUMNS FROM `xianj_spec` [ RunTime:0.0015s ]
SQL: SELECT * FROM `xianj_spec` WHERE `id` IN ('2','24') ORDER BY id asc  [ RunTime:0.0007s ]

[ 2017-06-07T13:26:28+08:00 ] 127.0.0.1 /tp3/Admin/Goods/ajaxGetSpecItemHtml.html
INFO: [ app_begin ] --START--
INFO: Run Behavior\ReadHtmlCacheBehavior [ RunTime:0.000878s ]
INFO: [ app_begin ] --END-- [ RunTime:0.001041s ]
INFO: [ action_begin ] --START--
INFO: Run Admin\Behaviors\AuthBehavior [ RunTime:0.001953s ]
INFO: [ action_begin ] --END-- [ RunTime:0.002596s ]
SQL: SHOW COLUMNS FROM `xianj_spec_items` [ RunTime:0.0008s ]
SQL: SELECT * FROM `xianj_spec_items` WHERE `id` IN ('21','23','20','19') ORDER BY spec_id asc  [ RunTime:0.0006s ]
SQL: SHOW COLUMNS FROM `xianj_spec` [ RunTime:0.0009s ]
SQL: SELECT * FROM `xianj_spec` WHERE `id` IN ('2','24') ORDER BY id asc  [ RunTime:0.0007s ]

[ 2017-06-07T13:27:01+08:00 ] 127.0.0.1 /tp3/Admin/Goods/ajaxGetSpecItemHtml.html
INFO: [ app_begin ] --START--
INFO: Run Behavior\ReadHtmlCacheBehavior [ RunTime:0.000970s ]
INFO: [ app_begin ] --END-- [ RunTime:0.001129s ]
INFO: [ action_begin ] --START--
INFO: Run Admin\Behaviors\AuthBehavior [ RunTime:0.001654s ]
INFO: [ action_begin ] --END-- [ RunTime:0.001872s ]
SQL: SHOW COLUMNS FROM `xianj_spec_items` [ RunTime:0.0010s ]
SQL: SELECT * FROM `xianj_spec_items` WHERE `id` IN ('21','22','23') ORDER BY spec_id asc  [ RunTime:0.0010s ]
SQL: SHOW COLUMNS FROM `xianj_spec` [ RunTime:0.0008s ]
SQL: SELECT * FROM `xianj_spec` WHERE `id` IN ('2') ORDER BY id asc  [ RunTime:0.0005s ]

[ 2017-06-07T13:27:07+08:00 ] 127.0.0.1 /tp3/Admin/Goods/ajaxGetSpecItemHtml.html
INFO: [ app_begin ] --START--
INFO: Run Behavior\ReadHtmlCacheBehavior [ RunTime:0.000889s ]
INFO: [ app_begin ] --END-- [ RunTime:0.001065s ]
INFO: [ action_begin ] --START--
INFO: Run Admin\Behaviors\AuthBehavior [ RunTime:0.002549s ]
INFO: [ action_begin ] --END-- [ RunTime:0.002807s ]
SQL: SHOW COLUMNS FROM `xianj_spec_items` [ RunTime:0.0009s ]
SQL: SELECT * FROM `xianj_spec_items` WHERE `id` IN ('21','22','23','20','19') ORDER BY spec_id asc  [ RunTime:0.0005s ]
SQL: SHOW COLUMNS FROM `xianj_spec` [ RunTime:0.0014s ]
SQL: SELECT * FROM `xianj_spec` WHERE `id` IN ('2','24') ORDER BY id asc  [ RunTime:0.0005s ]

[ 2017-06-07T13:28:13+08:00 ] 127.0.0.1 /tp3/Admin/Goods/ajaxGetSpecItemHtml.html
INFO: [ app_begin ] --START--
INFO: Run Behavior\ReadHtmlCacheBehavior [ RunTime:0.000963s ]
INFO: [ app_begin ] --END-- [ RunTime:0.001198s ]
INFO: [ action_begin ] --START--
INFO: Run Admin\Behaviors\AuthBehavior [ RunTime:0.001420s ]
INFO: [ action_begin ] --END-- [ RunTime:0.001619s ]
SQL: SHOW COLUMNS FROM `xianj_spec_items` [ RunTime:0.0010s ]
SQL: SELECT * FROM `xianj_spec_items` WHERE `id` IN ('22','23','20','19') ORDER BY spec_id asc  [ RunTime:0.0005s ]
SQL: SHOW COLUMNS FROM `xianj_spec` [ RunTime:0.0008s ]
SQL: SELECT * FROM `xianj_spec` WHERE `id` IN ('2','24') ORDER BY id asc  [ RunTime:0.0005s ]

[ 2017-06-07T13:30:52+08:00 ] 127.0.0.1 /tp3/Admin/Goods/ajaxGetSpecItemHtml.html
INFO: [ app_begin ] --START--
INFO: Run Behavior\ReadHtmlCacheBehavior [ RunTime:0.001771s ]
INFO: [ app_begin ] --END-- [ RunTime:0.001996s ]
INFO: [ action_begin ] --START--
INFO: Run Admin\Behaviors\AuthBehavior [ RunTime:0.001555s ]
INFO: [ action_begin ] --END-- [ RunTime:0.001734s ]
SQL: SHOW COLUMNS FROM `xianj_spec_items` [ RunTime:0.0011s ]
SQL: SELECT * FROM `xianj_spec_items` WHERE `id` IN ('21','22','23','20','19') ORDER BY spec_id asc  [ RunTime:0.0006s ]
SQL: SHOW COLUMNS FROM `xianj_spec` [ RunTime:0.0008s ]
SQL: SELECT * FROM `xianj_spec` WHERE `id` IN ('2','24') ORDER BY id asc  [ RunTime:0.0010s ]

[ 2017-06-07T13:31:29+08:00 ] 127.0.0.1 /tp3/Admin/Goods/ajaxGetSpecItemHtml.html
INFO: [ app_begin ] --START--
INFO: Run Behavior\ReadHtmlCacheBehavior [ RunTime:0.001305s ]
INFO: [ app_begin ] --END-- [ RunTime:0.001817s ]
INFO: [ action_begin ] --START--
INFO: Run Admin\Behaviors\AuthBehavior [ RunTime:0.002359s ]
INFO: [ action_begin ] --END-- [ RunTime:0.002572s ]
SQL: SHOW COLUMNS FROM `xianj_spec_items` [ RunTime:0.0011s ]
SQL: SELECT * FROM `xianj_spec_items` WHERE `id` IN ('22','23','20','19') ORDER BY spec_id asc  [ RunTime:0.0006s ]
SQL: SHOW COLUMNS FROM `xianj_spec` [ RunTime:0.0008s ]
SQL: SELECT * FROM `xianj_spec` WHERE `id` IN ('2','24') ORDER BY id asc  [ RunTime:0.0006s ]

[ 2017-06-07T13:31:32+08:00 ] 127.0.0.1 /tp3/Admin/Goods/ajaxGetSpecItemHtml.html
INFO: [ app_begin ] --START--
INFO: Run Behavior\ReadHtmlCacheBehavior [ RunTime:0.001701s ]
INFO: [ app_begin ] --END-- [ RunTime:0.001964s ]
INFO: [ action_begin ] --START--
INFO: Run Admin\Behaviors\AuthBehavior [ RunTime:0.002331s ]
INFO: [ action_begin ] --END-- [ RunTime:0.002555s ]
SQL: SHOW COLUMNS FROM `xianj_spec_items` [ RunTime:0.0008s ]
SQL: SELECT * FROM `xianj_spec_items` WHERE `id` IN ('21') ORDER BY spec_id asc  [ RunTime:0.0005s ]
SQL: SHOW COLUMNS FROM `xianj_spec` [ RunTime:0.0007s ]
SQL: SELECT * FROM `xianj_spec` WHERE `id` IN ('2') ORDER BY id asc  [ RunTime:0.0004s ]

[ 2017-06-07T13:31:37+08:00 ] 127.0.0.1 /tp3/Admin/Goods/ajaxGetSpecItemHtml.html
INFO: [ app_begin ] --START--
INFO: Run Behavior\ReadHtmlCacheBehavior [ RunTime:0.001038s ]
INFO: [ app_begin ] --END-- [ RunTime:0.001253s ]
INFO: [ action_begin ] --START--
INFO: Run Admin\Behaviors\AuthBehavior [ RunTime:0.004978s ]
INFO: [ action_begin ] --END-- [ RunTime:0.005679s ]
SQL: SHOW COLUMNS FROM `xianj_spec_items` [ RunTime:0.0022s ]
SQL: SELECT * FROM `xianj_spec_items` WHERE `id` IN ('20','19') ORDER BY spec_id asc  [ RunTime:0.0008s ]
SQL: SHOW COLUMNS FROM `xianj_spec` [ RunTime:0.0011s ]
SQL: SELECT * FROM `xianj_spec` WHERE `id` IN ('24') ORDER BY id asc  [ RunTime:0.0005s ]

[ 2017-06-07T13:58:54+08:00 ] 127.0.0.1 /tp3/Admin/Goods/ajaxUpload.html
INFO: [ app_begin ] --START--
INFO: Run Behavior\ReadHtmlCacheBehavior [ RunTime:0.000912s ]
INFO: [ app_begin ] --END-- [ RunTime:0.001069s ]
INFO: [ action_begin ] --START--
INFO: Run Admin\Behaviors\AuthBehavior [ RunTime:0.003430s ]
INFO: [ action_begin ] --END-- [ RunTime:0.003745s ]
NOTIC: [2] call_user_func() expects parameter 1 to be a valid callback, no array or string given F:\website\demo\tp3\ThinkPHP\Library\Think\Upload.class.php 第 170 行.

[ 2017-06-07T13:59:46+08:00 ] 127.0.0.1 /tp3/Admin/Goods/ajaxGetSpecItemHtml.html
INFO: [ app_begin ] --START--
INFO: Run Behavior\ReadHtmlCacheBehavior [ RunTime:0.001343s ]
INFO: [ app_begin ] --END-- [ RunTime:0.001518s ]
INFO: [ action_begin ] --START--
INFO: Run Admin\Behaviors\AuthBehavior [ RunTime:0.003940s ]
INFO: [ action_begin ] --END-- [ RunTime:0.004224s ]
SQL: SHOW COLUMNS FROM `xianj_spec_items` [ RunTime:0.0122s ]
SQL: SELECT * FROM `xianj_spec_items` WHERE `id` IN ('21','22','23','20','19') ORDER BY spec_id asc  [ RunTime:0.0009s ]
SQL: SHOW COLUMNS FROM `xianj_spec` [ RunTime:0.0011s ]
SQL: SELECT * FROM `xianj_spec` WHERE `id` IN ('2','24') ORDER BY id asc  [ RunTime:0.0007s ]

[ 2017-06-07T17:04:09+08:00 ] 127.0.0.1 /tp3/Admin/Goods/ajaxGetSpecItemHtml.html
INFO: [ app_begin ] --START--
INFO: Run Behavior\ReadHtmlCacheBehavior [ RunTime:0.002123s ]
INFO: [ app_begin ] --END-- [ RunTime:0.002470s ]
INFO: [ action_begin ] --START--
INFO: Run Admin\Behaviors\AuthBehavior [ RunTime:0.005037s ]
INFO: [ action_begin ] --END-- [ RunTime:0.005353s ]
SQL: SHOW COLUMNS FROM `xianj_spec_items` [ RunTime:0.0014s ]
SQL: SELECT * FROM `xianj_spec_items` WHERE `id` IN ('21','22','19') ORDER BY spec_id asc  [ RunTime:0.0008s ]
SQL: SHOW COLUMNS FROM `xianj_spec` [ RunTime:0.0010s ]
SQL: SELECT * FROM `xianj_spec` WHERE `id` IN ('2','24') ORDER BY id asc  [ RunTime:0.0008s ]

[ 2017-06-07T17:12:02+08:00 ] 127.0.0.1 /tp3/Admin/Goods/ajaxGetSpecItemHtml.html
INFO: [ app_begin ] --START--
INFO: Run Behavior\ReadHtmlCacheBehavior [ RunTime:0.001800s ]
INFO: [ app_begin ] --END-- [ RunTime:0.002133s ]
INFO: [ action_begin ] --START--
INFO: Run Admin\Behaviors\AuthBehavior [ RunTime:0.010392s ]
INFO: [ action_begin ] --END-- [ RunTime:0.011204s ]
SQL: SHOW COLUMNS FROM `xianj_spec_items` [ RunTime:0.0011s ]
SQL: SELECT * FROM `xianj_spec_items` WHERE `id` IN ('21','22','23','20','19') ORDER BY spec_id asc  [ RunTime:0.0006s ]
SQL: SHOW COLUMNS FROM `xianj_spec` [ RunTime:0.0010s ]
SQL: SELECT * FROM `xianj_spec` WHERE `id` IN ('2','24') ORDER BY id asc  [ RunTime:0.0005s ]

[ 2017-06-07T17:12:26+08:00 ] 127.0.0.1 /tp3/Admin/Goods/ajaxUpload.html
INFO: [ app_begin ] --START--
INFO: Run Behavior\ReadHtmlCacheBehavior [ RunTime:0.001286s ]
INFO: [ app_begin ] --END-- [ RunTime:0.001469s ]
INFO: [ action_begin ] --START--
INFO: Run Admin\Behaviors\AuthBehavior [ RunTime:0.003695s ]
INFO: [ action_begin ] --END-- [ RunTime:0.003954s ]
NOTIC: [2] call_user_func() expects parameter 1 to be a valid callback, no array or string given F:\website\demo\tp3\ThinkPHP\Library\Think\Upload.class.php 第 170 行.

[ 2017-06-07T17:12:28+08:00 ] 127.0.0.1 /tp3/Admin/Goods/ajaxUpload.html
INFO: [ app_begin ] --START--
INFO: Run Behavior\ReadHtmlCacheBehavior [ RunTime:0.001598s ]
INFO: [ app_begin ] --END-- [ RunTime:0.001925s ]
INFO: [ action_begin ] --START--
INFO: Run Admin\Behaviors\AuthBehavior [ RunTime:0.002802s ]
INFO: [ action_begin ] --END-- [ RunTime:0.003094s ]
NOTIC: [2] call_user_func() expects parameter 1 to be a valid callback, no array or string given F:\website\demo\tp3\ThinkPHP\Library\Think\Upload.class.php 第 170 行.

[ 2017-06-07T17:13:08+08:00 ] 127.0.0.1 /tp3/Admin/Goods/ajaxGetSpecItemHtml.html
INFO: [ app_begin ] --START--
INFO: Run Behavior\ReadHtmlCacheBehavior [ RunTime:0.000974s ]
INFO: [ app_begin ] --END-- [ RunTime:0.001135s ]
INFO: [ action_begin ] --START--
INFO: Run Admin\Behaviors\AuthBehavior [ RunTime:0.003336s ]
INFO: [ action_begin ] --END-- [ RunTime:0.003559s ]
SQL: SHOW COLUMNS FROM `xianj_spec_items` [ RunTime:0.0010s ]
SQL: SELECT * FROM `xianj_spec_items` WHERE `id` IN ('21','22','20','19') ORDER BY spec_id asc  [ RunTime:0.0007s ]
SQL: SHOW COLUMNS FROM `xianj_spec` [ RunTime:0.0008s ]
SQL: SELECT * FROM `xianj_spec` WHERE `id` IN ('2','24') ORDER BY id asc  [ RunTime:0.0004s ]

[ 2017-06-07T18:20:13+08:00 ] 127.0.0.1 /tp3/Admin/Goods/ajaxGetSpecItemHtml.html
INFO: [ app_begin ] --START--
INFO: Run Behavior\ReadHtmlCacheBehavior [ RunTime:0.001074s ]
INFO: [ app_begin ] --END-- [ RunTime:0.001227s ]
INFO: [ action_begin ] --START--
INFO: Run Admin\Behaviors\AuthBehavior [ RunTime:0.002029s ]
INFO: [ action_begin ] --END-- [ RunTime:0.002261s ]
SQL: SHOW COLUMNS FROM `xianj_spec_items` [ RunTime:0.0010s ]
SQL: SELECT * FROM `xianj_spec_items` WHERE `id` IN ('21','22','23','20','19') ORDER BY spec_id asc  [ RunTime:0.0006s ]
SQL: SHOW COLUMNS FROM `xianj_spec` [ RunTime:0.0008s ]
SQL: SELECT * FROM `xianj_spec` WHERE `id` IN ('2','24') ORDER BY id asc  [ RunTime:0.0007s ]

[ 2017-06-07T20:10:18+08:00 ] 127.0.0.1 /tp3/Admin/Goods/ajaxGetSpecItemHtml.html
INFO: [ app_begin ] --START--
INFO: Run Behavior\ReadHtmlCacheBehavior [ RunTime:0.001003s ]
INFO: [ app_begin ] --END-- [ RunTime:0.001164s ]
INFO: [ action_begin ] --START--
INFO: Run Admin\Behaviors\AuthBehavior [ RunTime:0.003017s ]
INFO: [ action_begin ] --END-- [ RunTime:0.003252s ]
SQL: SHOW COLUMNS FROM `xianj_spec_items` [ RunTime:0.0010s ]
SQL: SELECT * FROM `xianj_spec_items` WHERE `id` IN ('21','22','23','20','19') ORDER BY spec_id asc  [ RunTime:0.0006s ]
SQL: SHOW COLUMNS FROM `xianj_spec` [ RunTime:0.0008s ]
SQL: SELECT * FROM `xianj_spec` WHERE `id` IN ('2','24') ORDER BY id asc  [ RunTime:0.0007s ]

[ 2017-06-07T22:47:27+08:00 ] 127.0.0.1 /Admin/Goods/ajaxGetSpecItemHtml.html
INFO: [ app_begin ] --START--
INFO: Run Behavior\ReadHtmlCacheBehavior [ RunTime:0.000789s ]
INFO: [ app_begin ] --END-- [ RunTime:0.001003s ]
INFO: [ action_begin ] --START--
INFO: Run Admin\Behaviors\AuthBehavior [ RunTime:0.000748s ]
INFO: [ action_begin ] --END-- [ RunTime:0.000869s ]
SQL: SHOW COLUMNS FROM `xianj_spec_items` [ RunTime:0.0013s ]
SQL: SELECT * FROM `xianj_spec_items` WHERE `id` IN ('1','2','3','6','7') ORDER BY spec_id asc  [ RunTime:0.0008s ]
SQL: SHOW COLUMNS FROM `xianj_spec` [ RunTime:0.0013s ]
SQL: SELECT * FROM `xianj_spec` WHERE `id` IN ('1','2') ORDER BY id asc  [ RunTime:0.0012s ]

[ 2017-06-07T23:05:38+08:00 ] 127.0.0.1 /Admin/Goods/ajaxGetSpecItemHtml.html
INFO: [ app_begin ] --START--
INFO: Run Behavior\ReadHtmlCacheBehavior [ RunTime:0.000531s ]
INFO: [ app_begin ] --END-- [ RunTime:0.000663s ]
INFO: [ action_begin ] --START--
INFO: Run Admin\Behaviors\AuthBehavior [ RunTime:0.000741s ]
INFO: [ action_begin ] --END-- [ RunTime:0.000863s ]
SQL: SHOW COLUMNS FROM `xianj_spec_items` [ RunTime:0.0016s ]
SQL: SELECT * FROM `xianj_spec_items` WHERE `id` IN ('1','2','3','5','8','9','6','7') ORDER BY spec_id asc  [ RunTime:0.0013s ]
SQL: SHOW COLUMNS FROM `xianj_spec` [ RunTime:0.0006s ]
SQL: SELECT * FROM `xianj_spec` WHERE `id` IN ('1','2') ORDER BY id asc  [ RunTime:0.0003s ]

[ 2017-06-07T23:09:02+08:00 ] 127.0.0.1 /Admin/Goods/ajaxUpload.html
INFO: [ app_begin ] --START--
INFO: Run Behavior\ReadHtmlCacheBehavior [ RunTime:0.000785s ]
INFO: [ app_begin ] --END-- [ RunTime:0.001028s ]
INFO: [ action_begin ] --START--
INFO: Run Admin\Behaviors\AuthBehavior [ RunTime:0.001106s ]
INFO: [ action_begin ] --END-- [ RunTime:0.001359s ]
NOTIC: [2] call_user_func() expects parameter 1 to be a valid callback, no array or string given D:\program\dodi\tp3\ThinkPHP\Library\Think\Upload.class.php 第 170 行.

[ 2017-06-07T23:09:07+08:00 ] 127.0.0.1 /Admin/Goods/ajaxUpload.html
INFO: [ app_begin ] --START--
INFO: Run Behavior\ReadHtmlCacheBehavior [ RunTime:0.001188s ]
INFO: [ app_begin ] --END-- [ RunTime:0.001373s ]
INFO: [ action_begin ] --START--
INFO: Run Admin\Behaviors\AuthBehavior [ RunTime:0.002461s ]
INFO: [ action_begin ] --END-- [ RunTime:0.002855s ]
NOTIC: [2] call_user_func() expects parameter 1 to be a valid callback, no array or string given D:\program\dodi\tp3\ThinkPHP\Library\Think\Upload.class.php 第 170 行.

[ 2017-06-07T23:09:18+08:00 ] 127.0.0.1 /Admin/Goods/ajaxUpload.html
INFO: [ app_begin ] --START--
INFO: Run Behavior\ReadHtmlCacheBehavior [ RunTime:0.001606s ]
INFO: [ app_begin ] --END-- [ RunTime:0.001770s ]
INFO: [ action_begin ] --START--
INFO: Run Admin\Behaviors\AuthBehavior [ RunTime:0.004223s ]
INFO: [ action_begin ] --END-- [ RunTime:0.004433s ]
NOTIC: [2] call_user_func() expects parameter 1 to be a valid callback, no array or string given D:\program\dodi\tp3\ThinkPHP\Library\Think\Upload.class.php 第 170 行.

[ 2017-06-07T23:09:42+08:00 ] 127.0.0.1 /Admin/Goods/ajaxGetSpecItemHtml.html
INFO: [ app_begin ] --START--
INFO: Run Behavior\ReadHtmlCacheBehavior [ RunTime:0.000659s ]
INFO: [ app_begin ] --END-- [ RunTime:0.000782s ]
INFO: [ action_begin ] --START--
INFO: Run Admin\Behaviors\AuthBehavior [ RunTime:0.001708s ]
INFO: [ action_begin ] --END-- [ RunTime:0.001900s ]
SQL: SHOW COLUMNS FROM `xianj_spec_items` [ RunTime:0.0013s ]
SQL: SELECT * FROM `xianj_spec_items` WHERE `id` IN ('1','2','3','5','6','7') ORDER BY spec_id asc  [ RunTime:0.0007s ]
SQL: SHOW COLUMNS FROM `xianj_spec` [ RunTime:0.0011s ]
SQL: SELECT * FROM `xianj_spec` WHERE `id` IN ('1','2') ORDER BY id asc  [ RunTime:0.0003s ]

[ 2017-06-07T23:09:58+08:00 ] 127.0.0.1 /Admin/Goods/ajaxGetSpecItemHtml.html
INFO: [ app_begin ] --START--
INFO: Run Behavior\ReadHtmlCacheBehavior [ RunTime:0.000577s ]
INFO: [ app_begin ] --END-- [ RunTime:0.000697s ]
INFO: [ action_begin ] --START--
INFO: Run Admin\Behaviors\AuthBehavior [ RunTime:0.001474s ]
INFO: [ action_begin ] --END-- [ RunTime:0.001770s ]
SQL: SHOW COLUMNS FROM `xianj_spec_items` [ RunTime:0.0011s ]
SQL: SELECT * FROM `xianj_spec_items` WHERE `id` IN ('1','2','6','7') ORDER BY spec_id asc  [ RunTime:0.0011s ]
SQL: SHOW COLUMNS FROM `xianj_spec` [ RunTime:0.0008s ]
SQL: SELECT * FROM `xianj_spec` WHERE `id` IN ('1','2') ORDER BY id asc  [ RunTime:0.0003s ]

[ 2017-06-07T23:21:07+08:00 ] 127.0.0.1 /Admin/Goods/ajaxUpload.html
INFO: [ app_begin ] --START--
INFO: Run Behavior\ReadHtmlCacheBehavior [ RunTime:0.000554s ]
INFO: [ app_begin ] --END-- [ RunTime:0.000690s ]
INFO: [ action_begin ] --START--
INFO: Run Admin\Behaviors\AuthBehavior [ RunTime:0.000809s ]
INFO: [ action_begin ] --END-- [ RunTime:0.000931s ]
NOTIC: [2] call_user_func() expects parameter 1 to be a valid callback, no array or string given D:\program\dodi\tp3\ThinkPHP\Library\Think\Upload.class.php 第 170 行.

[ 2017-06-07T23:21:14+08:00 ] 127.0.0.1 /Admin/Goods/ajaxUpload.html
INFO: [ app_begin ] --START--
INFO: Run Behavior\ReadHtmlCacheBehavior [ RunTime:0.000914s ]
INFO: [ app_begin ] --END-- [ RunTime:0.001092s ]
INFO: [ action_begin ] --START--
INFO: Run Admin\Behaviors\AuthBehavior [ RunTime:0.001701s ]
INFO: [ action_begin ] --END-- [ RunTime:0.001930s ]
NOTIC: [2] call_user_func() expects parameter 1 to be a valid callback, no array or string given D:\program\dodi\tp3\ThinkPHP\Library\Think\Upload.class.php 第 170 行.

