[ 2017-06-06T08:51:50+08:00 ] 127.0.0.1 /tp3/Admin/Article/index.html
ERR: 无法加载控制器:Article

[ 2017-06-06T09:05:22+08:00 ] 127.0.0.1 /tp3/Admin/Article/index.html
ERR: 无法加载控制器:Article

[ 2017-06-06T12:32:45+08:00 ] 127.0.0.1 /tp3/Admin/Brand/ajaxUpload.html
INFO: [ app_begin ] --START--
INFO: Run Behavior\ReadHtmlCacheBehavior [ RunTime:0.000869s ]
INFO: [ app_begin ] --END-- [ RunTime:0.001021s ]
INFO: [ action_begin ] --START--
INFO: Run Admin\Behaviors\AuthBehavior [ RunTime:0.001417s ]
INFO: [ action_begin ] --END-- [ RunTime:0.001635s ]
NOTIC: [2] call_user_func() expects parameter 1 to be a valid callback, no array or string given F:\website\demo\tp3\ThinkPHP\Library\Think\Upload.class.php 第 170 行.

[ 2017-06-06T12:33:46+08:00 ] 127.0.0.1 /tp3/Admin/Brand/ajaxUpload.html
INFO: [ app_begin ] --START--
INFO: Run Behavior\ReadHtmlCacheBehavior [ RunTime:0.001035s ]
INFO: [ app_begin ] --END-- [ RunTime:0.001195s ]
INFO: [ action_begin ] --START--
INFO: Run Admin\Behaviors\AuthBehavior [ RunTime:0.002134s ]
INFO: [ action_begin ] --END-- [ RunTime:0.002347s ]
NOTIC: [2] call_user_func() expects parameter 1 to be a valid callback, no array or string given F:\website\demo\tp3\ThinkPHP\Library\Think\Upload.class.php 第 170 行.

[ 2017-06-06T12:34:05+08:00 ] 127.0.0.1 /tp3/Admin/Brand/ajaxUpload.html
INFO: [ app_begin ] --START--
INFO: Run Behavior\ReadHtmlCacheBehavior [ RunTime:0.002654s ]
INFO: [ app_begin ] --END-- [ RunTime:0.002894s ]
INFO: [ action_begin ] --START--
INFO: Run Admin\Behaviors\AuthBehavior [ RunTime:0.001789s ]
INFO: [ action_begin ] --END-- [ RunTime:0.001971s ]
NOTIC: [2] call_user_func() expects parameter 1 to be a valid callback, no array or string given F:\website\demo\tp3\ThinkPHP\Library\Think\Upload.class.php 第 170 行.

[ 2017-06-06T12:34:38+08:00 ] 127.0.0.1 /tp3/Admin/Brand/ajaxUpload.html
INFO: [ app_begin ] --START--
INFO: Run Behavior\ReadHtmlCacheBehavior [ RunTime:0.000943s ]
INFO: [ app_begin ] --END-- [ RunTime:0.001129s ]
INFO: [ action_begin ] --START--
INFO: Run Admin\Behaviors\AuthBehavior [ RunTime:0.003192s ]
INFO: [ action_begin ] --END-- [ RunTime:0.003638s ]
NOTIC: [2] call_user_func() expects parameter 1 to be a valid callback, no array or string given F:\website\demo\tp3\ThinkPHP\Library\Think\Upload.class.php 第 170 行.

[ 2017-06-06T12:38:03+08:00 ] 127.0.0.1 /tp3/Admin/Brand/ajaxUpload.html
INFO: [ app_begin ] --START--
INFO: Run Behavior\ReadHtmlCacheBehavior [ RunTime:0.000747s ]
INFO: [ app_begin ] --END-- [ RunTime:0.000896s ]
INFO: [ action_begin ] --START--
INFO: Run Admin\Behaviors\AuthBehavior [ RunTime:0.002972s ]
INFO: [ action_begin ] --END-- [ RunTime:0.003242s ]
NOTIC: [2] call_user_func() expects parameter 1 to be a valid callback, no array or string given F:\website\demo\tp3\ThinkPHP\Library\Think\Upload.class.php 第 170 行.

[ 2017-06-06T12:38:26+08:00 ] 127.0.0.1 /tp3/Admin/Brand/ajaxUpload.html
INFO: [ app_begin ] --START--
INFO: Run Behavior\ReadHtmlCacheBehavior [ RunTime:0.001417s ]
INFO: [ app_begin ] --END-- [ RunTime:0.001701s ]
INFO: [ action_begin ] --START--
INFO: Run Admin\Behaviors\AuthBehavior [ RunTime:0.002185s ]
INFO: [ action_begin ] --END-- [ RunTime:0.002459s ]
NOTIC: [2] call_user_func() expects parameter 1 to be a valid callback, no array or string given F:\website\demo\tp3\ThinkPHP\Library\Think\Upload.class.php 第 170 行.

[ 2017-06-06T12:39:17+08:00 ] 127.0.0.1 /tp3/Admin/Brand/ajaxUpload.html
INFO: [ app_begin ] --START--
INFO: Run Behavior\ReadHtmlCacheBehavior [ RunTime:0.001048s ]
INFO: [ app_begin ] --END-- [ RunTime:0.001222s ]
INFO: [ action_begin ] --START--
INFO: Run Admin\Behaviors\AuthBehavior [ RunTime:0.001581s ]
INFO: [ action_begin ] --END-- [ RunTime:0.001733s ]
NOTIC: [2] call_user_func() expects parameter 1 to be a valid callback, no array or string given F:\website\demo\tp3\ThinkPHP\Library\Think\Upload.class.php 第 170 行.

[ 2017-06-06T12:45:34+08:00 ] 127.0.0.1 /tp3/Admin/Brand/ajaxUpload.html
INFO: [ app_begin ] --START--
INFO: Run Behavior\ReadHtmlCacheBehavior [ RunTime:0.001076s ]
INFO: [ app_begin ] --END-- [ RunTime:0.001327s ]
INFO: [ action_begin ] --START--
INFO: Run Admin\Behaviors\AuthBehavior [ RunTime:0.001577s ]
INFO: [ action_begin ] --END-- [ RunTime:0.001736s ]
NOTIC: [2] call_user_func() expects parameter 1 to be a valid callback, no array or string given F:\website\demo\tp3\ThinkPHP\Library\Think\Upload.class.php 第 170 行.

[ 2017-06-06T13:55:38+08:00 ] 127.0.0.1 /tp3/Admin/Spec/add
ERR: 1064:You have an error in your SQL syntax; check the manual that corresponds to your MySQL server version for the right syntax to use near ')' at line 1
 [ SQL语句 ] : DELETE FROM `xianj_spec_items` WHERE `spec_value` IN ()

[ 2017-06-06T13:55:59+08:00 ] 127.0.0.1 /tp3/Admin/Spec/add
ERR: 1064:You have an error in your SQL syntax; check the manual that corresponds to your MySQL server version for the right syntax to use near ')' at line 1
 [ SQL语句 ] : DELETE FROM `xianj_spec_items` WHERE `spec_value` IN ()

[ 2017-06-06T13:56:48+08:00 ] 127.0.0.1 /tp3/Admin/Spec/add
ERR: 1064:You have an error in your SQL syntax; check the manual that corresponds to your MySQL server version for the right syntax to use near ')' at line 1
 [ SQL语句 ] : DELETE FROM `xianj_spec_items` WHERE `spec_value` IN ()

[ 2017-06-06T14:08:37+08:00 ] 127.0.0.1 /tp3/Admin/Brand/ajaxUpload.html
INFO: [ app_begin ] --START--
INFO: Run Behavior\ReadHtmlCacheBehavior [ RunTime:0.001824s ]
INFO: [ app_begin ] --END-- [ RunTime:0.002232s ]
INFO: [ action_begin ] --START--
INFO: Run Admin\Behaviors\AuthBehavior [ RunTime:0.001413s ]
INFO: [ action_begin ] --END-- [ RunTime:0.001600s ]
NOTIC: [2] call_user_func() expects parameter 1 to be a valid callback, no array or string given F:\website\demo\tp3\ThinkPHP\Library\Think\Upload.class.php 第 170 行.

[ 2017-06-06T14:08:41+08:00 ] 127.0.0.1 /tp3/Admin/Brand/ajaxUpload.html
INFO: [ app_begin ] --START--
INFO: Run Behavior\ReadHtmlCacheBehavior [ RunTime:0.001783s ]
INFO: [ app_begin ] --END-- [ RunTime:0.002055s ]
INFO: [ action_begin ] --START--
INFO: Run Admin\Behaviors\AuthBehavior [ RunTime:0.002319s ]
INFO: [ action_begin ] --END-- [ RunTime:0.002499s ]
NOTIC: [2] call_user_func() expects parameter 1 to be a valid callback, no array or string given F:\website\demo\tp3\ThinkPHP\Library\Think\Upload.class.php 第 170 行.

[ 2017-06-06T14:09:14+08:00 ] 127.0.0.1 /tp3/Admin/Brand/ajaxUpload.html
INFO: [ app_begin ] --START--
INFO: Run Behavior\ReadHtmlCacheBehavior [ RunTime:0.002396s ]
INFO: [ app_begin ] --END-- [ RunTime:0.002717s ]
INFO: [ action_begin ] --START--
INFO: Run Admin\Behaviors\AuthBehavior [ RunTime:0.002198s ]
INFO: [ action_begin ] --END-- [ RunTime:0.002365s ]
NOTIC: [2] call_user_func() expects parameter 1 to be a valid callback, no array or string given F:\website\demo\tp3\ThinkPHP\Library\Think\Upload.class.php 第 170 行.

[ 2017-06-06T14:09:16+08:00 ] 127.0.0.1 /tp3/Admin/Brand/ajaxUpload.html
INFO: [ app_begin ] --START--
INFO: Run Behavior\ReadHtmlCacheBehavior [ RunTime:0.002163s ]
INFO: [ app_begin ] --END-- [ RunTime:0.002451s ]
INFO: [ action_begin ] --START--
INFO: Run Admin\Behaviors\AuthBehavior [ RunTime:0.003288s ]
INFO: [ action_begin ] --END-- [ RunTime:0.003573s ]
NOTIC: [2] call_user_func() expects parameter 1 to be a valid callback, no array or string given F:\website\demo\tp3\ThinkPHP\Library\Think\Upload.class.php 第 170 行.

[ 2017-06-06T14:09:18+08:00 ] 127.0.0.1 /tp3/Admin/Brand/ajaxUpload.html
INFO: [ app_begin ] --START--
INFO: Run Behavior\ReadHtmlCacheBehavior [ RunTime:0.002288s ]
INFO: [ app_begin ] --END-- [ RunTime:0.002678s ]
INFO: [ action_begin ] --START--
INFO: Run Admin\Behaviors\AuthBehavior [ RunTime:0.004001s ]
INFO: [ action_begin ] --END-- [ RunTime:0.004305s ]
NOTIC: [2] call_user_func() expects parameter 1 to be a valid callback, no array or string given F:\website\demo\tp3\ThinkPHP\Library\Think\Upload.class.php 第 170 行.

[ 2017-06-06T14:09:19+08:00 ] 127.0.0.1 /tp3/Admin/Brand/ajaxUpload.html
INFO: [ app_begin ] --START--
INFO: Run Behavior\ReadHtmlCacheBehavior [ RunTime:0.004270s ]
INFO: [ app_begin ] --END-- [ RunTime:0.005971s ]
INFO: [ action_begin ] --START--
INFO: Run Admin\Behaviors\AuthBehavior [ RunTime:0.007275s ]
INFO: [ action_begin ] --END-- [ RunTime:0.008559s ]
NOTIC: [2] call_user_func() expects parameter 1 to be a valid callback, no array or string given F:\website\demo\tp3\ThinkPHP\Library\Think\Upload.class.php 第 170 行.

[ 2017-06-06T23:34:27+08:00 ] 127.0.0.1 /Admin/Spec/_before_index.html
ERR: 非法操作:_before_index

[ 2017-06-06T23:34:38+08:00 ] 127.0.0.1 /Admin/Spec/_before_index.html
ERR: 非法操作:_before_index

[ 2017-06-06T23:34:58+08:00 ] 127.0.0.1 /Admin/Spec/_edit.html
ERR: 非法操作:_edit

[ 2017-06-06T23:35:36+08:00 ] 127.0.0.1 /Admin/Spec/_edit.html
ERR: 非法操作:_edit

[ 2017-06-06T23:42:47+08:00 ] 127.0.0.1 /Admin/Spec/alerts.html
ERR: 非法操作:alerts

[ 2017-06-06T23:49:53+08:00 ] 127.0.0.1 /Admin/Attr/edit/id/1.html
ERR: Think\Model:relationGet方法不存在！

[ 2017-06-06T23:59:50+08:00 ] 127.0.0.1 /Admin/Goods/ajaxUpload.html
INFO: [ app_begin ] --START--
INFO: Run Behavior\ReadHtmlCacheBehavior [ RunTime:0.000639s ]
INFO: [ app_begin ] --END-- [ RunTime:0.000803s ]
INFO: [ action_begin ] --START--
INFO: Run Admin\Behaviors\AuthBehavior [ RunTime:0.000622s ]
INFO: [ action_begin ] --END-- [ RunTime:0.000752s ]
NOTIC: [2] call_user_func() expects parameter 1 to be a valid callback, no array or string given D:\program\dodi\tp3\ThinkPHP\Library\Think\Upload.class.php 第 170 行.

[ 2017-06-06T23:59:55+08:00 ] 127.0.0.1 /Admin/Goods/ajaxUpload.html
INFO: [ app_begin ] --START--
INFO: Run Behavior\ReadHtmlCacheBehavior [ RunTime:0.002111s ]
INFO: [ app_begin ] --END-- [ RunTime:0.002340s ]
INFO: [ action_begin ] --START--
INFO: Run Admin\Behaviors\AuthBehavior [ RunTime:0.002105s ]
INFO: [ action_begin ] --END-- [ RunTime:0.002359s ]
NOTIC: [2] call_user_func() expects parameter 1 to be a valid callback, no array or string given D:\program\dodi\tp3\ThinkPHP\Library\Think\Upload.class.php 第 170 行.

