[ 2017-06-05T00:47:02+08:00 ] 127.0.0.1 /Admin/Category/del/id/12.html
ERR: Think\Controller:getPk方法不存在！

[ 2017-06-05T00:47:28+08:00 ] 127.0.0.1 /Admin/Category/del/id/12.html
ERR: Think\Model:del方法不存在！

[ 2017-06-05T00:47:48+08:00 ] 127.0.0.1 /Admin/Category/del/id/12.html
ERR: 1146:Table 'xjshop_db.xianj_' doesn't exist
 [ SQL语句 ] : DELETE FROM `xianj_` WHERE `id` = '12'

[ 2017-06-05T01:10:53+08:00 ] 127.0.0.1 /Admin/Brand/ajaxUpload.html
INFO: [ app_begin ] --START--
INFO: Run Behavior\ReadHtmlCacheBehavior [ RunTime:0.001091s ]
INFO: [ app_begin ] --END-- [ RunTime:0.001414s ]
INFO: [ action_begin ] --START--
INFO: Run Admin\Behaviors\AuthBehavior [ RunTime:0.001570s ]
INFO: [ action_begin ] --END-- [ RunTime:0.001854s ]
INFO: [ app_end ] --START--
INFO: Run Behavior\ShowPageTraceBehavior [ RunTime:0.001856s ]
INFO: [ app_end ] --END-- [ RunTime:0.002098s ]

[ 2017-06-05T01:11:23+08:00 ] 127.0.0.1 /Admin/Brand/ajaxUpload.html
INFO: [ app_begin ] --START--
INFO: Run Behavior\ReadHtmlCacheBehavior [ RunTime:0.001061s ]
INFO: [ app_begin ] --END-- [ RunTime:0.001349s ]
INFO: [ action_begin ] --START--
INFO: Run Admin\Behaviors\AuthBehavior [ RunTime:0.001025s ]
INFO: [ action_begin ] --END-- [ RunTime:0.001178s ]
INFO: [ app_end ] --START--
INFO: Run Behavior\ShowPageTraceBehavior [ RunTime:0.001392s ]
INFO: [ app_end ] --END-- [ RunTime:0.001623s ]

[ 2017-06-05T01:12:11+08:00 ] 127.0.0.1 /Admin/Brand/ajaxUpload.html
INFO: [ app_begin ] --START--
INFO: Run Behavior\ReadHtmlCacheBehavior [ RunTime:0.001006s ]
INFO: [ app_begin ] --END-- [ RunTime:0.001255s ]
INFO: [ action_begin ] --START--
INFO: Run Admin\Behaviors\AuthBehavior [ RunTime:0.002629s ]
INFO: [ action_begin ] --END-- [ RunTime:0.002914s ]
INFO: [ app_end ] --START--
INFO: Run Behavior\ShowPageTraceBehavior [ RunTime:0.001126s ]
INFO: [ app_end ] --END-- [ RunTime:0.001371s ]

[ 2017-06-05T01:12:55+08:00 ] 127.0.0.1 /Admin/Brand/ajaxUpload.html
INFO: [ app_begin ] --START--
INFO: Run Behavior\ReadHtmlCacheBehavior [ RunTime:0.001573s ]
INFO: [ app_begin ] --END-- [ RunTime:0.001971s ]
INFO: [ action_begin ] --START--
INFO: Run Admin\Behaviors\AuthBehavior [ RunTime:0.001591s ]
INFO: [ action_begin ] --END-- [ RunTime:0.001834s ]
INFO: [ app_end ] --START--
INFO: Run Behavior\ShowPageTraceBehavior [ RunTime:0.000840s ]
INFO: [ app_end ] --END-- [ RunTime:0.000973s ]

[ 2017-06-05T01:14:11+08:00 ] 127.0.0.1 /Admin/Brand/ajaxUpload.html
INFO: [ app_begin ] --START--
INFO: Run Behavior\ReadHtmlCacheBehavior [ RunTime:0.000638s ]
INFO: [ app_begin ] --END-- [ RunTime:0.000776s ]
INFO: [ action_begin ] --START--
INFO: Run Admin\Behaviors\AuthBehavior [ RunTime:0.000774s ]
INFO: [ action_begin ] --END-- [ RunTime:0.000996s ]
INFO: [ app_end ] --START--
INFO: Run Behavior\ShowPageTraceBehavior [ RunTime:0.001860s ]
INFO: [ app_end ] --END-- [ RunTime:0.002456s ]

[ 2017-06-05T01:14:16+08:00 ] 127.0.0.1 /Admin/Brand/ajaxUpload.html
INFO: [ app_begin ] --START--
INFO: Run Behavior\ReadHtmlCacheBehavior [ RunTime:0.000688s ]
INFO: [ app_begin ] --END-- [ RunTime:0.000892s ]
INFO: [ action_begin ] --START--
INFO: Run Admin\Behaviors\AuthBehavior [ RunTime:0.000972s ]
INFO: [ action_begin ] --END-- [ RunTime:0.001190s ]
INFO: [ app_end ] --START--
INFO: Run Behavior\ShowPageTraceBehavior [ RunTime:0.001549s ]
INFO: [ app_end ] --END-- [ RunTime:0.001761s ]

[ 2017-06-05T01:16:15+08:00 ] 127.0.0.1 /Admin/Brand/ajaxUpload.html
INFO: [ app_begin ] --START--
INFO: Run Behavior\ReadHtmlCacheBehavior [ RunTime:0.000938s ]
INFO: [ app_begin ] --END-- [ RunTime:0.001170s ]
INFO: [ action_begin ] --START--
INFO: Run Admin\Behaviors\AuthBehavior [ RunTime:0.002805s ]
INFO: [ action_begin ] --END-- [ RunTime:0.003120s ]
INFO: [ app_end ] --START--
INFO: Run Behavior\ShowPageTraceBehavior [ RunTime:0.001069s ]
INFO: [ app_end ] --END-- [ RunTime:0.001251s ]

[ 2017-06-05T01:19:27+08:00 ] 127.0.0.1 /Admin/Brand/ajaxUpload.html
INFO: [ app_begin ] --START--
INFO: Run Behavior\ReadHtmlCacheBehavior [ RunTime:0.000906s ]
INFO: [ app_begin ] --END-- [ RunTime:0.001142s ]
INFO: [ action_begin ] --START--
INFO: Run Admin\Behaviors\AuthBehavior [ RunTime:0.001151s ]
INFO: [ action_begin ] --END-- [ RunTime:0.001393s ]
INFO: [ app_end ] --START--
INFO: Run Behavior\ShowPageTraceBehavior [ RunTime:0.000929s ]
INFO: [ app_end ] --END-- [ RunTime:0.001126s ]

[ 2017-06-05T01:21:54+08:00 ] 127.0.0.1 /Admin/Brand/ajaxUpload.html
INFO: [ app_begin ] --START--
INFO: Run Behavior\ReadHtmlCacheBehavior [ RunTime:0.001619s ]
INFO: [ app_begin ] --END-- [ RunTime:0.001870s ]
INFO: [ action_begin ] --START--
INFO: Run Admin\Behaviors\AuthBehavior [ RunTime:0.001373s ]
INFO: [ action_begin ] --END-- [ RunTime:0.001623s ]
INFO: [ app_end ] --START--
INFO: Run Behavior\ShowPageTraceBehavior [ RunTime:0.001849s ]
INFO: [ app_end ] --END-- [ RunTime:0.002454s ]

[ 2017-06-05T01:22:52+08:00 ] 127.0.0.1 /Admin/Brand/ajaxUpload.html
INFO: [ app_begin ] --START--
INFO: Run Behavior\ReadHtmlCacheBehavior [ RunTime:0.000475s ]
INFO: [ app_begin ] --END-- [ RunTime:0.000607s ]
INFO: [ action_begin ] --START--
INFO: Run Admin\Behaviors\AuthBehavior [ RunTime:0.000591s ]
INFO: [ action_begin ] --END-- [ RunTime:0.000711s ]
INFO: [ app_end ] --START--
INFO: Run Behavior\ShowPageTraceBehavior [ RunTime:0.000580s ]
INFO: [ app_end ] --END-- [ RunTime:0.000691s ]

[ 2017-06-05T01:29:59+08:00 ] 127.0.0.1 /Admin/Brand/ajaxUpload.html
INFO: [ app_begin ] --START--
INFO: Run Behavior\ReadHtmlCacheBehavior [ RunTime:0.001255s ]
INFO: [ app_begin ] --END-- [ RunTime:0.001526s ]
INFO: [ action_begin ] --START--
INFO: Run Admin\Behaviors\AuthBehavior [ RunTime:0.001572s ]
INFO: [ action_begin ] --END-- [ RunTime:0.001824s ]
INFO: [ app_end ] --START--
INFO: Run Behavior\ShowPageTraceBehavior [ RunTime:0.001473s ]
INFO: [ app_end ] --END-- [ RunTime:0.001974s ]

[ 2017-06-05T01:30:14+08:00 ] 127.0.0.1 /Admin/Brand/ajaxUpload.html
INFO: [ app_begin ] --START--
INFO: Run Behavior\ReadHtmlCacheBehavior [ RunTime:0.000780s ]
INFO: [ app_begin ] --END-- [ RunTime:0.000988s ]
INFO: [ action_begin ] --START--
INFO: Run Admin\Behaviors\AuthBehavior [ RunTime:0.000608s ]
INFO: [ action_begin ] --END-- [ RunTime:0.000754s ]
INFO: [ app_end ] --START--
INFO: Run Behavior\ShowPageTraceBehavior [ RunTime:0.000578s ]
INFO: [ app_end ] --END-- [ RunTime:0.000695s ]

[ 2017-06-05T01:30:27+08:00 ] 127.0.0.1 /Admin/Brand/ajaxUpload.html
INFO: [ app_begin ] --START--
INFO: Run Behavior\ReadHtmlCacheBehavior [ RunTime:0.000629s ]
INFO: [ app_begin ] --END-- [ RunTime:0.000776s ]
INFO: [ action_begin ] --START--
INFO: Run Admin\Behaviors\AuthBehavior [ RunTime:0.000746s ]
INFO: [ action_begin ] --END-- [ RunTime:0.000867s ]
INFO: [ app_end ] --START--
INFO: Run Behavior\ShowPageTraceBehavior [ RunTime:0.000527s ]
INFO: [ app_end ] --END-- [ RunTime:0.000638s ]

[ 2017-06-05T01:31:07+08:00 ] 127.0.0.1 /Admin/Brand/ajaxUpload.html
INFO: [ app_begin ] --START--
INFO: Run Behavior\ReadHtmlCacheBehavior [ RunTime:0.000477s ]
INFO: [ app_begin ] --END-- [ RunTime:0.000609s ]
INFO: [ action_begin ] --START--
INFO: Run Admin\Behaviors\AuthBehavior [ RunTime:0.000638s ]
INFO: [ action_begin ] --END-- [ RunTime:0.000759s ]
INFO: [ app_end ] --START--
INFO: Run Behavior\ShowPageTraceBehavior [ RunTime:0.000544s ]
INFO: [ app_end ] --END-- [ RunTime:0.000698s ]

[ 2017-06-05T01:31:10+08:00 ] 127.0.0.1 /Admin/Brand/ajaxUpload.html
INFO: [ app_begin ] --START--
INFO: Run Behavior\ReadHtmlCacheBehavior [ RunTime:0.000487s ]
INFO: [ app_begin ] --END-- [ RunTime:0.000618s ]
INFO: [ action_begin ] --START--
INFO: Run Admin\Behaviors\AuthBehavior [ RunTime:0.000596s ]
INFO: [ action_begin ] --END-- [ RunTime:0.000719s ]
INFO: [ app_end ] --START--
INFO: Run Behavior\ShowPageTraceBehavior [ RunTime:0.000500s ]
INFO: [ app_end ] --END-- [ RunTime:0.000618s ]

[ 2017-06-05T01:31:12+08:00 ] 127.0.0.1 /Admin/Brand/ajaxUpload.html
INFO: [ app_begin ] --START--
INFO: Run Behavior\ReadHtmlCacheBehavior [ RunTime:0.000440s ]
INFO: [ app_begin ] --END-- [ RunTime:0.000559s ]
INFO: [ action_begin ] --START--
INFO: Run Admin\Behaviors\AuthBehavior [ RunTime:0.000660s ]
INFO: [ action_begin ] --END-- [ RunTime:0.000817s ]
INFO: [ app_end ] --START--
INFO: Run Behavior\ShowPageTraceBehavior [ RunTime:0.000997s ]
INFO: [ app_end ] --END-- [ RunTime:0.001383s ]

[ 2017-06-05T01:32:49+08:00 ] 127.0.0.1 /Admin/Brand/ajaxUpload.html
INFO: [ app_begin ] --START--
INFO: Run Behavior\ReadHtmlCacheBehavior [ RunTime:0.000892s ]
INFO: [ app_begin ] --END-- [ RunTime:0.001115s ]
INFO: [ action_begin ] --START--
INFO: Run Admin\Behaviors\AuthBehavior [ RunTime:0.001132s ]
INFO: [ action_begin ] --END-- [ RunTime:0.001339s ]

[ 2017-06-05T01:34:08+08:00 ] 127.0.0.1 /Admin/Brand/ajaxUpload.html
INFO: [ app_begin ] --START--
INFO: Run Behavior\ReadHtmlCacheBehavior [ RunTime:0.000974s ]
INFO: [ app_begin ] --END-- [ RunTime:0.001211s ]
INFO: [ action_begin ] --START--
INFO: Run Admin\Behaviors\AuthBehavior [ RunTime:0.001537s ]
INFO: [ action_begin ] --END-- [ RunTime:0.001942s ]
NOTIC: [2] call_user_func() expects parameter 1 to be a valid callback, no array or string given D:\program\dodi\tp3\ThinkPHP\Library\Think\Upload.class.php 第 170 行.
INFO: [ app_end ] --START--
INFO: Run Behavior\ShowPageTraceBehavior [ RunTime:0.001558s ]
INFO: [ app_end ] --END-- [ RunTime:0.001774s ]

[ 2017-06-05T01:35:35+08:00 ] 127.0.0.1 /Admin/Brand/ajaxUpload.html
INFO: [ app_begin ] --START--
INFO: Run Behavior\ReadHtmlCacheBehavior [ RunTime:0.000860s ]
INFO: [ app_begin ] --END-- [ RunTime:0.001049s ]
INFO: [ action_begin ] --START--
INFO: Run Admin\Behaviors\AuthBehavior [ RunTime:0.001065s ]
INFO: [ action_begin ] --END-- [ RunTime:0.001199s ]
NOTIC: [8] Undefined index: myfile2 D:\program\dodi\tp3\Application\Admin\Controller\BaseController.class.php 第 189 行.
NOTIC: [8] Undefined index: tmp_name D:\program\dodi\tp3\ThinkPHP\Library\Think\Upload.class.php 第 152 行.
NOTIC: [2] finfo_file(): Empty filename or path D:\program\dodi\tp3\ThinkPHP\Library\Think\Upload.class.php 第 152 行.
NOTIC: [8] Undefined index: error D:\program\dodi\tp3\ThinkPHP\Library\Think\Upload.class.php 第 269 行.
NOTIC: [8] Undefined index: tmp_name D:\program\dodi\tp3\ThinkPHP\Library\Think\Upload.class.php 第 280 行.

[ 2017-06-05T01:37:20+08:00 ] 127.0.0.1 /Admin/Brand/ajaxUpload.html
INFO: [ app_begin ] --START--
INFO: Run Behavior\ReadHtmlCacheBehavior [ RunTime:0.000639s ]
INFO: [ app_begin ] --END-- [ RunTime:0.000781s ]
INFO: [ action_begin ] --START--
INFO: Run Admin\Behaviors\AuthBehavior [ RunTime:0.001516s ]
INFO: [ action_begin ] --END-- [ RunTime:0.001764s ]
NOTIC: [8] Undefined index: myfile2 D:\program\dodi\tp3\Application\Admin\Controller\BaseController.class.php 第 189 行.
NOTIC: [8] Undefined index: tmp_name D:\program\dodi\tp3\ThinkPHP\Library\Think\Upload.class.php 第 152 行.
NOTIC: [2] finfo_file(): Empty filename or path D:\program\dodi\tp3\ThinkPHP\Library\Think\Upload.class.php 第 152 行.
NOTIC: [8] Undefined index: error D:\program\dodi\tp3\ThinkPHP\Library\Think\Upload.class.php 第 269 行.
NOTIC: [8] Undefined index: tmp_name D:\program\dodi\tp3\ThinkPHP\Library\Think\Upload.class.php 第 280 行.

[ 2017-06-05T01:37:30+08:00 ] 127.0.0.1 /Admin/Brand/ajaxUpload.html
INFO: [ app_begin ] --START--
INFO: Run Behavior\ReadHtmlCacheBehavior [ RunTime:0.001267s ]
INFO: [ app_begin ] --END-- [ RunTime:0.001567s ]
INFO: [ action_begin ] --START--
INFO: Run Admin\Behaviors\AuthBehavior [ RunTime:0.002077s ]
INFO: [ action_begin ] --END-- [ RunTime:0.002396s ]
NOTIC: [2] call_user_func() expects parameter 1 to be a valid callback, no array or string given D:\program\dodi\tp3\ThinkPHP\Library\Think\Upload.class.php 第 170 行.

[ 2017-06-05T01:37:53+08:00 ] 127.0.0.1 /Admin/Brand/ajaxUpload.html
INFO: [ app_begin ] --START--
INFO: Run Behavior\ReadHtmlCacheBehavior [ RunTime:0.000624s ]
INFO: [ app_begin ] --END-- [ RunTime:0.000750s ]
INFO: [ action_begin ] --START--
INFO: Run Admin\Behaviors\AuthBehavior [ RunTime:0.001326s ]
INFO: [ action_begin ] --END-- [ RunTime:0.001470s ]
NOTIC: [2] call_user_func() expects parameter 1 to be a valid callback, no array or string given D:\program\dodi\tp3\ThinkPHP\Library\Think\Upload.class.php 第 170 行.

[ 2017-06-05T01:41:22+08:00 ] 127.0.0.1 /Admin/Brand/ajaxUpload.html
INFO: [ app_begin ] --START--
INFO: Run Behavior\ReadHtmlCacheBehavior [ RunTime:0.001040s ]
INFO: [ app_begin ] --END-- [ RunTime:0.001275s ]
INFO: [ action_begin ] --START--
INFO: Run Admin\Behaviors\AuthBehavior [ RunTime:0.001831s ]
INFO: [ action_begin ] --END-- [ RunTime:0.002100s ]
NOTIC: [2] call_user_func() expects parameter 1 to be a valid callback, no array or string given D:\program\dodi\tp3\ThinkPHP\Library\Think\Upload.class.php 第 170 行.

[ 2017-06-05T01:41:37+08:00 ] 127.0.0.1 /Admin/Brand/ajaxUpload.html
INFO: [ app_begin ] --START--
INFO: Run Behavior\ReadHtmlCacheBehavior [ RunTime:0.001856s ]
INFO: [ app_begin ] --END-- [ RunTime:0.002172s ]
INFO: [ action_begin ] --START--
INFO: Run Admin\Behaviors\AuthBehavior [ RunTime:0.001942s ]
INFO: [ action_begin ] --END-- [ RunTime:0.002153s ]
NOTIC: [8] Undefined index: myfile1 D:\program\dodi\tp3\Application\Admin\Controller\BaseController.class.php 第 190 行.
NOTIC: [8] Undefined index: tmp_name D:\program\dodi\tp3\ThinkPHP\Library\Think\Upload.class.php 第 152 行.
NOTIC: [2] finfo_file(): Empty filename or path D:\program\dodi\tp3\ThinkPHP\Library\Think\Upload.class.php 第 152 行.
NOTIC: [8] Undefined index: error D:\program\dodi\tp3\ThinkPHP\Library\Think\Upload.class.php 第 269 行.
NOTIC: [8] Undefined index: tmp_name D:\program\dodi\tp3\ThinkPHP\Library\Think\Upload.class.php 第 280 行.

[ 2017-06-05T01:42:07+08:00 ] 127.0.0.1 /Admin/Brand/ajaxUpload.html
INFO: [ app_begin ] --START--
INFO: Run Behavior\ReadHtmlCacheBehavior [ RunTime:0.001040s ]
INFO: [ app_begin ] --END-- [ RunTime:0.001283s ]
INFO: [ action_begin ] --START--
INFO: Run Admin\Behaviors\AuthBehavior [ RunTime:0.001527s ]
INFO: [ action_begin ] --END-- [ RunTime:0.001762s ]
NOTIC: [8] Undefined index: myfile1 D:\program\dodi\tp3\Application\Admin\Controller\BaseController.class.php 第 190 行.
NOTIC: [8] Undefined index: tmp_name D:\program\dodi\tp3\ThinkPHP\Library\Think\Upload.class.php 第 152 行.
NOTIC: [2] finfo_file(): Empty filename or path D:\program\dodi\tp3\ThinkPHP\Library\Think\Upload.class.php 第 152 行.
NOTIC: [8] Undefined index: error D:\program\dodi\tp3\ThinkPHP\Library\Think\Upload.class.php 第 269 行.
NOTIC: [8] Undefined index: tmp_name D:\program\dodi\tp3\ThinkPHP\Library\Think\Upload.class.php 第 280 行.

[ 2017-06-05T01:45:20+08:00 ] 127.0.0.1 /Admin/Brand/ajaxUpload.html
INFO: [ app_begin ] --START--
INFO: Run Behavior\ReadHtmlCacheBehavior [ RunTime:0.001141s ]
INFO: [ app_begin ] --END-- [ RunTime:0.001464s ]
INFO: [ action_begin ] --START--
INFO: Run Admin\Behaviors\AuthBehavior [ RunTime:0.001879s ]
INFO: [ action_begin ] --END-- [ RunTime:0.002211s ]
NOTIC: [8] Undefined index: myfile1 D:\program\dodi\tp3\Application\Admin\Controller\BaseController.class.php 第 190 行.
NOTIC: [8] Undefined index: tmp_name D:\program\dodi\tp3\ThinkPHP\Library\Think\Upload.class.php 第 152 行.
NOTIC: [2] finfo_file(): Empty filename or path D:\program\dodi\tp3\ThinkPHP\Library\Think\Upload.class.php 第 152 行.
NOTIC: [8] Undefined index: error D:\program\dodi\tp3\ThinkPHP\Library\Think\Upload.class.php 第 269 行.
NOTIC: [8] Undefined index: tmp_name D:\program\dodi\tp3\ThinkPHP\Library\Think\Upload.class.php 第 280 行.

[ 2017-06-05T01:45:32+08:00 ] 127.0.0.1 /Admin/Brand/ajaxUpload.html
INFO: [ app_begin ] --START--
INFO: Run Behavior\ReadHtmlCacheBehavior [ RunTime:0.001156s ]
INFO: [ app_begin ] --END-- [ RunTime:0.001421s ]
INFO: [ action_begin ] --START--
INFO: Run Admin\Behaviors\AuthBehavior [ RunTime:0.001627s ]
INFO: [ action_begin ] --END-- [ RunTime:0.001874s ]
NOTIC: [2] call_user_func() expects parameter 1 to be a valid callback, no array or string given D:\program\dodi\tp3\ThinkPHP\Library\Think\Upload.class.php 第 170 行.

[ 2017-06-05T01:45:49+08:00 ] 127.0.0.1 /Admin/Brand/ajaxUpload.html
INFO: [ app_begin ] --START--
INFO: Run Behavior\ReadHtmlCacheBehavior [ RunTime:0.000611s ]
INFO: [ app_begin ] --END-- [ RunTime:0.000734s ]
INFO: [ action_begin ] --START--
INFO: Run Admin\Behaviors\AuthBehavior [ RunTime:0.001901s ]
INFO: [ action_begin ] --END-- [ RunTime:0.002156s ]
NOTIC: [2] call_user_func() expects parameter 1 to be a valid callback, no array or string given D:\program\dodi\tp3\ThinkPHP\Library\Think\Upload.class.php 第 170 行.

[ 2017-06-05T01:48:59+08:00 ] 127.0.0.1 /Admin/Brand/ajaxUpload.html
INFO: [ app_begin ] --START--
INFO: Run Behavior\ReadHtmlCacheBehavior [ RunTime:0.000557s ]
INFO: [ app_begin ] --END-- [ RunTime:0.000687s ]
INFO: [ action_begin ] --START--
INFO: Run Admin\Behaviors\AuthBehavior [ RunTime:0.000996s ]
INFO: [ action_begin ] --END-- [ RunTime:0.001305s ]
NOTIC: [8] Undefined index: myfile1 D:\program\dodi\tp3\Application\Admin\Controller\BaseController.class.php 第 190 行.
NOTIC: [8] Undefined index: tmp_name D:\program\dodi\tp3\ThinkPHP\Library\Think\Upload.class.php 第 152 行.
NOTIC: [2] finfo_file(): Empty filename or path D:\program\dodi\tp3\ThinkPHP\Library\Think\Upload.class.php 第 152 行.
NOTIC: [8] Undefined index: error D:\program\dodi\tp3\ThinkPHP\Library\Think\Upload.class.php 第 269 行.
NOTIC: [8] Undefined index: tmp_name D:\program\dodi\tp3\ThinkPHP\Library\Think\Upload.class.php 第 280 行.

[ 2017-06-05T01:49:05+08:00 ] 127.0.0.1 /Admin/Brand/ajaxUpload.html
INFO: [ app_begin ] --START--
INFO: Run Behavior\ReadHtmlCacheBehavior [ RunTime:0.001399s ]
INFO: [ app_begin ] --END-- [ RunTime:0.001713s ]
INFO: [ action_begin ] --START--
INFO: Run Admin\Behaviors\AuthBehavior [ RunTime:0.001114s ]
INFO: [ action_begin ] --END-- [ RunTime:0.001247s ]
NOTIC: [8] Undefined index: myfile1 D:\program\dodi\tp3\Application\Admin\Controller\BaseController.class.php 第 190 行.
NOTIC: [8] Undefined index: tmp_name D:\program\dodi\tp3\ThinkPHP\Library\Think\Upload.class.php 第 152 行.
NOTIC: [2] finfo_file(): Empty filename or path D:\program\dodi\tp3\ThinkPHP\Library\Think\Upload.class.php 第 152 行.
NOTIC: [8] Undefined index: error D:\program\dodi\tp3\ThinkPHP\Library\Think\Upload.class.php 第 269 行.
NOTIC: [8] Undefined index: tmp_name D:\program\dodi\tp3\ThinkPHP\Library\Think\Upload.class.php 第 280 行.

[ 2017-06-05T01:55:56+08:00 ] 127.0.0.1 /Admin/Brand/ajaxUpload.html
INFO: [ app_begin ] --START--
INFO: Run Behavior\ReadHtmlCacheBehavior [ RunTime:0.000626s ]
INFO: [ app_begin ] --END-- [ RunTime:0.000764s ]
INFO: [ action_begin ] --START--
INFO: Run Admin\Behaviors\AuthBehavior [ RunTime:0.000980s ]
INFO: [ action_begin ] --END-- [ RunTime:0.001110s ]
NOTIC: [8] Undefined index: myfile1 D:\program\dodi\tp3\Application\Admin\Controller\BaseController.class.php 第 190 行.
NOTIC: [8] Undefined index: tmp_name D:\program\dodi\tp3\ThinkPHP\Library\Think\Upload.class.php 第 152 行.
NOTIC: [2] finfo_file(): Empty filename or path D:\program\dodi\tp3\ThinkPHP\Library\Think\Upload.class.php 第 152 行.
NOTIC: [8] Undefined index: error D:\program\dodi\tp3\ThinkPHP\Library\Think\Upload.class.php 第 269 行.
NOTIC: [8] Undefined index: tmp_name D:\program\dodi\tp3\ThinkPHP\Library\Think\Upload.class.php 第 280 行.

[ 2017-06-05T01:56:25+08:00 ] 127.0.0.1 /Admin/Brand/ajaxUpload.html
INFO: [ app_begin ] --START--
INFO: Run Behavior\ReadHtmlCacheBehavior [ RunTime:0.000555s ]
INFO: [ app_begin ] --END-- [ RunTime:0.000696s ]
INFO: [ action_begin ] --START--
INFO: Run Admin\Behaviors\AuthBehavior [ RunTime:0.002195s ]
INFO: [ action_begin ] --END-- [ RunTime:0.002588s ]
NOTIC: [8] Undefined index: myfile1 D:\program\dodi\tp3\Application\Admin\Controller\BaseController.class.php 第 190 行.
NOTIC: [8] Undefined index: tmp_name D:\program\dodi\tp3\ThinkPHP\Library\Think\Upload.class.php 第 152 行.
NOTIC: [2] finfo_file(): Empty filename or path D:\program\dodi\tp3\ThinkPHP\Library\Think\Upload.class.php 第 152 行.
NOTIC: [8] Undefined index: error D:\program\dodi\tp3\ThinkPHP\Library\Think\Upload.class.php 第 269 行.
NOTIC: [8] Undefined index: tmp_name D:\program\dodi\tp3\ThinkPHP\Library\Think\Upload.class.php 第 280 行.

[ 2017-06-05T01:56:53+08:00 ] 127.0.0.1 /Admin/Brand/ajaxUpload.html
INFO: [ app_begin ] --START--
INFO: Run Behavior\ReadHtmlCacheBehavior [ RunTime:0.000580s ]
INFO: [ app_begin ] --END-- [ RunTime:0.000708s ]
INFO: [ action_begin ] --START--
INFO: Run Admin\Behaviors\AuthBehavior [ RunTime:0.001361s ]
INFO: [ action_begin ] --END-- [ RunTime:0.001546s ]
NOTIC: [8] Undefined index: myfile1 D:\program\dodi\tp3\Application\Admin\Controller\BaseController.class.php 第 190 行.
NOTIC: [8] Undefined index: tmp_name D:\program\dodi\tp3\ThinkPHP\Library\Think\Upload.class.php 第 152 行.
NOTIC: [2] finfo_file(): Empty filename or path D:\program\dodi\tp3\ThinkPHP\Library\Think\Upload.class.php 第 152 行.
NOTIC: [8] Undefined index: error D:\program\dodi\tp3\ThinkPHP\Library\Think\Upload.class.php 第 269 行.
NOTIC: [8] Undefined index: tmp_name D:\program\dodi\tp3\ThinkPHP\Library\Think\Upload.class.php 第 280 行.

[ 2017-06-05T01:57:13+08:00 ] 127.0.0.1 /Admin/Brand/ajaxUpload.html
INFO: [ app_begin ] --START--
INFO: Run Behavior\ReadHtmlCacheBehavior [ RunTime:0.000523s ]
INFO: [ app_begin ] --END-- [ RunTime:0.000679s ]
INFO: [ action_begin ] --START--
INFO: Run Admin\Behaviors\AuthBehavior [ RunTime:0.000582s ]
INFO: [ action_begin ] --END-- [ RunTime:0.000702s ]
NOTIC: [8] Undefined index: myfile1 D:\program\dodi\tp3\Application\Admin\Controller\BaseController.class.php 第 190 行.
NOTIC: [8] Undefined index: tmp_name D:\program\dodi\tp3\ThinkPHP\Library\Think\Upload.class.php 第 152 行.
NOTIC: [2] finfo_file(): Empty filename or path D:\program\dodi\tp3\ThinkPHP\Library\Think\Upload.class.php 第 152 行.
NOTIC: [8] Undefined index: error D:\program\dodi\tp3\ThinkPHP\Library\Think\Upload.class.php 第 269 行.
NOTIC: [8] Undefined index: tmp_name D:\program\dodi\tp3\ThinkPHP\Library\Think\Upload.class.php 第 280 行.

[ 2017-06-05T01:57:50+08:00 ] 127.0.0.1 /Admin/Brand/ajaxUpload.html
INFO: [ app_begin ] --START--
INFO: Run Behavior\ReadHtmlCacheBehavior [ RunTime:0.000564s ]
INFO: [ app_begin ] --END-- [ RunTime:0.000727s ]
INFO: [ action_begin ] --START--
INFO: Run Admin\Behaviors\AuthBehavior [ RunTime:0.001026s ]
INFO: [ action_begin ] --END-- [ RunTime:0.001214s ]
NOTIC: [8] Undefined index: myfile1 D:\program\dodi\tp3\Application\Admin\Controller\BaseController.class.php 第 190 行.
NOTIC: [8] Undefined index: tmp_name D:\program\dodi\tp3\ThinkPHP\Library\Think\Upload.class.php 第 152 行.
NOTIC: [2] finfo_file(): Empty filename or path D:\program\dodi\tp3\ThinkPHP\Library\Think\Upload.class.php 第 152 行.
NOTIC: [8] Undefined index: error D:\program\dodi\tp3\ThinkPHP\Library\Think\Upload.class.php 第 269 行.
NOTIC: [8] Undefined index: tmp_name D:\program\dodi\tp3\ThinkPHP\Library\Think\Upload.class.php 第 280 行.

[ 2017-06-05T01:57:54+08:00 ] 127.0.0.1 /Admin/Brand/ajaxUpload.html
INFO: [ app_begin ] --START--
INFO: Run Behavior\ReadHtmlCacheBehavior [ RunTime:0.002422s ]
INFO: [ app_begin ] --END-- [ RunTime:0.002998s ]
INFO: [ action_begin ] --START--
INFO: Run Admin\Behaviors\AuthBehavior [ RunTime:0.001810s ]
INFO: [ action_begin ] --END-- [ RunTime:0.002036s ]
NOTIC: [8] Undefined index: myfile1 D:\program\dodi\tp3\Application\Admin\Controller\BaseController.class.php 第 190 行.
NOTIC: [8] Undefined index: tmp_name D:\program\dodi\tp3\ThinkPHP\Library\Think\Upload.class.php 第 152 行.
NOTIC: [2] finfo_file(): Empty filename or path D:\program\dodi\tp3\ThinkPHP\Library\Think\Upload.class.php 第 152 行.
NOTIC: [8] Undefined index: error D:\program\dodi\tp3\ThinkPHP\Library\Think\Upload.class.php 第 269 行.
NOTIC: [8] Undefined index: tmp_name D:\program\dodi\tp3\ThinkPHP\Library\Think\Upload.class.php 第 280 行.

[ 2017-06-05T01:58:21+08:00 ] 127.0.0.1 /Admin/Brand/ajaxUpload.html
INFO: [ app_begin ] --START--
INFO: Run Behavior\ReadHtmlCacheBehavior [ RunTime:0.000721s ]
INFO: [ app_begin ] --END-- [ RunTime:0.000853s ]
INFO: [ action_begin ] --START--
INFO: Run Admin\Behaviors\AuthBehavior [ RunTime:0.003957s ]
INFO: [ action_begin ] --END-- [ RunTime:0.004353s ]
NOTIC: [8] Undefined index: myfile1 D:\program\dodi\tp3\Application\Admin\Controller\BaseController.class.php 第 190 行.
NOTIC: [8] Undefined index: tmp_name D:\program\dodi\tp3\ThinkPHP\Library\Think\Upload.class.php 第 152 行.
NOTIC: [2] finfo_file(): Empty filename or path D:\program\dodi\tp3\ThinkPHP\Library\Think\Upload.class.php 第 152 行.
NOTIC: [8] Undefined index: error D:\program\dodi\tp3\ThinkPHP\Library\Think\Upload.class.php 第 269 行.
NOTIC: [8] Undefined index: tmp_name D:\program\dodi\tp3\ThinkPHP\Library\Think\Upload.class.php 第 280 行.

[ 2017-06-05T02:03:14+08:00 ] 127.0.0.1 /Admin/Brand/ajaxUpload.html
INFO: [ app_begin ] --START--
INFO: Run Behavior\ReadHtmlCacheBehavior [ RunTime:0.001188s ]
INFO: [ app_begin ] --END-- [ RunTime:0.001488s ]
INFO: [ action_begin ] --START--
INFO: Run Admin\Behaviors\AuthBehavior [ RunTime:0.001010s ]
INFO: [ action_begin ] --END-- [ RunTime:0.001146s ]
NOTIC: [8] Undefined index: myfile1 D:\program\dodi\tp3\Application\Admin\Controller\BaseController.class.php 第 190 行.
NOTIC: [8] Undefined index: tmp_name D:\program\dodi\tp3\ThinkPHP\Library\Think\Upload.class.php 第 152 行.
NOTIC: [2] finfo_file(): Empty filename or path D:\program\dodi\tp3\ThinkPHP\Library\Think\Upload.class.php 第 152 行.
NOTIC: [8] Undefined index: error D:\program\dodi\tp3\ThinkPHP\Library\Think\Upload.class.php 第 269 行.
NOTIC: [8] Undefined index: tmp_name D:\program\dodi\tp3\ThinkPHP\Library\Think\Upload.class.php 第 280 行.

[ 2017-06-05T02:03:49+08:00 ] 127.0.0.1 /Admin/Brand/ajaxUpload.html
INFO: [ app_begin ] --START--
INFO: Run Behavior\ReadHtmlCacheBehavior [ RunTime:0.002317s ]
INFO: [ app_begin ] --END-- [ RunTime:0.002671s ]
INFO: [ action_begin ] --START--
INFO: Run Admin\Behaviors\AuthBehavior [ RunTime:0.001764s ]
INFO: [ action_begin ] --END-- [ RunTime:0.002007s ]
NOTIC: [2] call_user_func() expects parameter 1 to be a valid callback, no array or string given D:\program\dodi\tp3\ThinkPHP\Library\Think\Upload.class.php 第 170 行.

[ 2017-06-05T02:10:18+08:00 ] 127.0.0.1 /Admin/Brand/ajaxUpload.html
INFO: [ app_begin ] --START--
INFO: Run Behavior\ReadHtmlCacheBehavior [ RunTime:0.000659s ]
INFO: [ app_begin ] --END-- [ RunTime:0.000799s ]
INFO: [ action_begin ] --START--
INFO: Run Admin\Behaviors\AuthBehavior [ RunTime:0.000987s ]
INFO: [ action_begin ] --END-- [ RunTime:0.001115s ]
NOTIC: [2] call_user_func() expects parameter 1 to be a valid callback, no array or string given D:\program\dodi\tp3\ThinkPHP\Library\Think\Upload.class.php 第 170 行.

[ 2017-06-05T02:10:29+08:00 ] 127.0.0.1 /Admin/Brand/ajaxUpload.html
INFO: [ app_begin ] --START--
INFO: Run Behavior\ReadHtmlCacheBehavior [ RunTime:0.000855s ]
INFO: [ app_begin ] --END-- [ RunTime:0.001058s ]
INFO: [ action_begin ] --START--
INFO: Run Admin\Behaviors\AuthBehavior [ RunTime:0.002253s ]
INFO: [ action_begin ] --END-- [ RunTime:0.002868s ]
NOTIC: [2] call_user_func() expects parameter 1 to be a valid callback, no array or string given D:\program\dodi\tp3\ThinkPHP\Library\Think\Upload.class.php 第 170 行.

[ 2017-06-05T02:11:23+08:00 ] 127.0.0.1 /Admin/Brand/ajaxUpload.html
INFO: [ app_begin ] --START--
INFO: Run Behavior\ReadHtmlCacheBehavior [ RunTime:0.001189s ]
INFO: [ app_begin ] --END-- [ RunTime:0.001443s ]
INFO: [ action_begin ] --START--
INFO: Run Admin\Behaviors\AuthBehavior [ RunTime:0.001022s ]
INFO: [ action_begin ] --END-- [ RunTime:0.001177s ]
NOTIC: [2] call_user_func() expects parameter 1 to be a valid callback, no array or string given D:\program\dodi\tp3\ThinkPHP\Library\Think\Upload.class.php 第 170 行.

[ 2017-06-05T02:11:34+08:00 ] 127.0.0.1 /Admin/Brand/ajaxUpload.html
INFO: [ app_begin ] --START--
INFO: Run Behavior\ReadHtmlCacheBehavior [ RunTime:0.001050s ]
INFO: [ app_begin ] --END-- [ RunTime:0.001187s ]
INFO: [ action_begin ] --START--
INFO: Run Admin\Behaviors\AuthBehavior [ RunTime:0.001069s ]
INFO: [ action_begin ] --END-- [ RunTime:0.001204s ]
NOTIC: [2] call_user_func() expects parameter 1 to be a valid callback, no array or string given D:\program\dodi\tp3\ThinkPHP\Library\Think\Upload.class.php 第 170 行.

[ 2017-06-05T02:12:28+08:00 ] 127.0.0.1 /Admin/Brand/ajaxUpload.html
INFO: [ app_begin ] --START--
INFO: Run Behavior\ReadHtmlCacheBehavior [ RunTime:0.000800s ]
INFO: [ app_begin ] --END-- [ RunTime:0.001035s ]
INFO: [ action_begin ] --START--
INFO: Run Admin\Behaviors\AuthBehavior [ RunTime:0.003766s ]
INFO: [ action_begin ] --END-- [ RunTime:0.004035s ]
NOTIC: [2] call_user_func() expects parameter 1 to be a valid callback, no array or string given D:\program\dodi\tp3\ThinkPHP\Library\Think\Upload.class.php 第 170 行.

[ 2017-06-05T02:12:54+08:00 ] 127.0.0.1 /Admin/Brand/ajaxUpload.html
INFO: [ app_begin ] --START--
INFO: Run Behavior\ReadHtmlCacheBehavior [ RunTime:0.001127s ]
INFO: [ app_begin ] --END-- [ RunTime:0.001396s ]
INFO: [ action_begin ] --START--
INFO: Run Admin\Behaviors\AuthBehavior [ RunTime:0.002321s ]
INFO: [ action_begin ] --END-- [ RunTime:0.002579s ]
NOTIC: [2] call_user_func() expects parameter 1 to be a valid callback, no array or string given D:\program\dodi\tp3\ThinkPHP\Library\Think\Upload.class.php 第 170 行.

[ 2017-06-05T02:13:14+08:00 ] 127.0.0.1 /Admin/Brand/ajaxUpload.html
INFO: [ app_begin ] --START--
INFO: Run Behavior\ReadHtmlCacheBehavior [ RunTime:0.000561s ]
INFO: [ app_begin ] --END-- [ RunTime:0.000684s ]
INFO: [ action_begin ] --START--
INFO: Run Admin\Behaviors\AuthBehavior [ RunTime:0.001219s ]
INFO: [ action_begin ] --END-- [ RunTime:0.001406s ]
NOTIC: [2] call_user_func() expects parameter 1 to be a valid callback, no array or string given D:\program\dodi\tp3\ThinkPHP\Library\Think\Upload.class.php 第 170 行.

[ 2017-06-05T02:26:23+08:00 ] 127.0.0.1 /Admin/Brand/ajaxUpload.html
INFO: [ app_begin ] --START--
INFO: Run Behavior\ReadHtmlCacheBehavior [ RunTime:0.001635s ]
INFO: [ app_begin ] --END-- [ RunTime:0.001944s ]
INFO: [ action_begin ] --START--
INFO: Run Admin\Behaviors\AuthBehavior [ RunTime:0.001612s ]
INFO: [ action_begin ] --END-- [ RunTime:0.001859s ]
NOTIC: [2] call_user_func() expects parameter 1 to be a valid callback, no array or string given D:\program\dodi\tp3\ThinkPHP\Library\Think\Upload.class.php 第 170 行.

[ 2017-06-05T02:26:26+08:00 ] 127.0.0.1 /Admin/Brand/ajaxUpload.html
INFO: [ app_begin ] --START--
INFO: Run Behavior\ReadHtmlCacheBehavior [ RunTime:0.001667s ]
INFO: [ app_begin ] --END-- [ RunTime:0.001925s ]
INFO: [ action_begin ] --START--
INFO: Run Admin\Behaviors\AuthBehavior [ RunTime:0.001712s ]
INFO: [ action_begin ] --END-- [ RunTime:0.001865s ]
NOTIC: [2] call_user_func() expects parameter 1 to be a valid callback, no array or string given D:\program\dodi\tp3\ThinkPHP\Library\Think\Upload.class.php 第 170 行.

[ 2017-06-05T02:26:49+08:00 ] 127.0.0.1 /Admin/Brand/ajaxUpload.html
INFO: [ app_begin ] --START--
INFO: Run Behavior\ReadHtmlCacheBehavior [ RunTime:0.000648s ]
INFO: [ app_begin ] --END-- [ RunTime:0.000813s ]
INFO: [ action_begin ] --START--
INFO: Run Admin\Behaviors\AuthBehavior [ RunTime:0.000987s ]
INFO: [ action_begin ] --END-- [ RunTime:0.001111s ]
NOTIC: [2] call_user_func() expects parameter 1 to be a valid callback, no array or string given D:\program\dodi\tp3\ThinkPHP\Library\Think\Upload.class.php 第 170 行.

[ 2017-06-05T02:26:52+08:00 ] 127.0.0.1 /Admin/Brand/ajaxUpload.html
INFO: [ app_begin ] --START--
INFO: Run Behavior\ReadHtmlCacheBehavior [ RunTime:0.000541s ]
INFO: [ app_begin ] --END-- [ RunTime:0.000651s ]
INFO: [ action_begin ] --START--
INFO: Run Admin\Behaviors\AuthBehavior [ RunTime:0.000987s ]
INFO: [ action_begin ] --END-- [ RunTime:0.001119s ]
NOTIC: [2] call_user_func() expects parameter 1 to be a valid callback, no array or string given D:\program\dodi\tp3\ThinkPHP\Library\Think\Upload.class.php 第 170 行.

[ 2017-06-05T02:27:19+08:00 ] 127.0.0.1 /Admin/Brand/ajaxUpload.html
INFO: [ app_begin ] --START--
INFO: Run Behavior\ReadHtmlCacheBehavior [ RunTime:0.001811s ]
INFO: [ app_begin ] --END-- [ RunTime:0.002135s ]
INFO: [ action_begin ] --START--
INFO: Run Admin\Behaviors\AuthBehavior [ RunTime:0.001373s ]
INFO: [ action_begin ] --END-- [ RunTime:0.001518s ]
NOTIC: [2] call_user_func() expects parameter 1 to be a valid callback, no array or string given D:\program\dodi\tp3\ThinkPHP\Library\Think\Upload.class.php 第 170 行.

[ 2017-06-05T02:27:22+08:00 ] 127.0.0.1 /Admin/Brand/ajaxUpload.html
INFO: [ app_begin ] --START--
INFO: Run Behavior\ReadHtmlCacheBehavior [ RunTime:0.000604s ]
INFO: [ app_begin ] --END-- [ RunTime:0.000737s ]
INFO: [ action_begin ] --START--
INFO: Run Admin\Behaviors\AuthBehavior [ RunTime:0.000882s ]
INFO: [ action_begin ] --END-- [ RunTime:0.001004s ]
NOTIC: [2] call_user_func() expects parameter 1 to be a valid callback, no array or string given D:\program\dodi\tp3\ThinkPHP\Library\Think\Upload.class.php 第 170 行.

[ 2017-06-05T02:27:39+08:00 ] 127.0.0.1 /Admin/Brand/ajaxUpload.html
INFO: [ app_begin ] --START--
INFO: Run Behavior\ReadHtmlCacheBehavior [ RunTime:0.001089s ]
INFO: [ app_begin ] --END-- [ RunTime:0.001304s ]
INFO: [ action_begin ] --START--
INFO: Run Admin\Behaviors\AuthBehavior [ RunTime:0.000956s ]
INFO: [ action_begin ] --END-- [ RunTime:0.001083s ]
NOTIC: [2] call_user_func() expects parameter 1 to be a valid callback, no array or string given D:\program\dodi\tp3\ThinkPHP\Library\Think\Upload.class.php 第 170 行.

[ 2017-06-05T02:27:53+08:00 ] 127.0.0.1 /Admin/Brand/ajaxUpload.html
INFO: [ app_begin ] --START--
INFO: Run Behavior\ReadHtmlCacheBehavior [ RunTime:0.001185s ]
INFO: [ app_begin ] --END-- [ RunTime:0.001389s ]
INFO: [ action_begin ] --START--
INFO: Run Admin\Behaviors\AuthBehavior [ RunTime:0.000981s ]
INFO: [ action_begin ] --END-- [ RunTime:0.001109s ]
NOTIC: [2] call_user_func() expects parameter 1 to be a valid callback, no array or string given D:\program\dodi\tp3\ThinkPHP\Library\Think\Upload.class.php 第 170 行.

[ 2017-06-05T02:29:52+08:00 ] 127.0.0.1 /Admin/Brand/ajaxUpload.html
INFO: [ app_begin ] --START--
INFO: Run Behavior\ReadHtmlCacheBehavior [ RunTime:0.001106s ]
INFO: [ app_begin ] --END-- [ RunTime:0.001333s ]
INFO: [ action_begin ] --START--
INFO: Run Admin\Behaviors\AuthBehavior [ RunTime:0.000980s ]
INFO: [ action_begin ] --END-- [ RunTime:0.001104s ]
NOTIC: [2] call_user_func() expects parameter 1 to be a valid callback, no array or string given D:\program\dodi\tp3\ThinkPHP\Library\Think\Upload.class.php 第 170 行.

[ 2017-06-05T02:31:52+08:00 ] 127.0.0.1 /Admin/Brand/ajaxUpload.html
INFO: [ app_begin ] --START--
INFO: Run Behavior\ReadHtmlCacheBehavior [ RunTime:0.001066s ]
INFO: [ app_begin ] --END-- [ RunTime:0.001340s ]
INFO: [ action_begin ] --START--
INFO: Run Admin\Behaviors\AuthBehavior [ RunTime:0.001007s ]
INFO: [ action_begin ] --END-- [ RunTime:0.001141s ]
NOTIC: [2] call_user_func() expects parameter 1 to be a valid callback, no array or string given D:\program\dodi\tp3\ThinkPHP\Library\Think\Upload.class.php 第 170 行.

[ 2017-06-05T02:32:22+08:00 ] 127.0.0.1 /Admin/Brand/ajaxUpload.html
INFO: [ app_begin ] --START--
INFO: Run Behavior\ReadHtmlCacheBehavior [ RunTime:0.000564s ]
INFO: [ app_begin ] --END-- [ RunTime:0.000683s ]
INFO: [ action_begin ] --START--
INFO: Run Admin\Behaviors\AuthBehavior [ RunTime:0.001401s ]
INFO: [ action_begin ] --END-- [ RunTime:0.001576s ]
NOTIC: [2] call_user_func() expects parameter 1 to be a valid callback, no array or string given D:\program\dodi\tp3\ThinkPHP\Library\Think\Upload.class.php 第 170 行.

[ 2017-06-05T02:32:54+08:00 ] 127.0.0.1 /Admin/Brand/ajaxUpload.html
INFO: [ app_begin ] --START--
INFO: Run Behavior\ReadHtmlCacheBehavior [ RunTime:0.001042s ]
INFO: [ app_begin ] --END-- [ RunTime:0.001248s ]
INFO: [ action_begin ] --START--
INFO: Run Admin\Behaviors\AuthBehavior [ RunTime:0.001589s ]
INFO: [ action_begin ] --END-- [ RunTime:0.001749s ]
NOTIC: [2] call_user_func() expects parameter 1 to be a valid callback, no array or string given D:\program\dodi\tp3\ThinkPHP\Library\Think\Upload.class.php 第 170 行.

[ 2017-06-05T02:33:10+08:00 ] 127.0.0.1 /Admin/Brand/ajaxUpload.html
INFO: [ app_begin ] --START--
INFO: Run Behavior\ReadHtmlCacheBehavior [ RunTime:0.000621s ]
INFO: [ app_begin ] --END-- [ RunTime:0.000751s ]
INFO: [ action_begin ] --START--
INFO: Run Admin\Behaviors\AuthBehavior [ RunTime:0.003986s ]
INFO: [ action_begin ] --END-- [ RunTime:0.004524s ]
NOTIC: [2] call_user_func() expects parameter 1 to be a valid callback, no array or string given D:\program\dodi\tp3\ThinkPHP\Library\Think\Upload.class.php 第 170 行.

[ 2017-06-05T02:33:16+08:00 ] 127.0.0.1 /Admin/Brand/ajaxUpload.html
INFO: [ app_begin ] --START--
INFO: Run Behavior\ReadHtmlCacheBehavior [ RunTime:0.000581s ]
INFO: [ app_begin ] --END-- [ RunTime:0.000703s ]
INFO: [ action_begin ] --START--
INFO: Run Admin\Behaviors\AuthBehavior [ RunTime:0.000957s ]
INFO: [ action_begin ] --END-- [ RunTime:0.001075s ]
NOTIC: [2] call_user_func() expects parameter 1 to be a valid callback, no array or string given D:\program\dodi\tp3\ThinkPHP\Library\Think\Upload.class.php 第 170 行.

[ 2017-06-05T02:33:20+08:00 ] 127.0.0.1 /Admin/Brand/ajaxUpload.html
INFO: [ app_begin ] --START--
INFO: Run Behavior\ReadHtmlCacheBehavior [ RunTime:0.000649s ]
INFO: [ app_begin ] --END-- [ RunTime:0.000791s ]
INFO: [ action_begin ] --START--
INFO: Run Admin\Behaviors\AuthBehavior [ RunTime:0.000982s ]
INFO: [ action_begin ] --END-- [ RunTime:0.001104s ]
NOTIC: [2] call_user_func() expects parameter 1 to be a valid callback, no array or string given D:\program\dodi\tp3\ThinkPHP\Library\Think\Upload.class.php 第 170 行.

[ 2017-06-05T02:36:53+08:00 ] 127.0.0.1 /Admin/Brand/ajaxUpload.html
INFO: [ app_begin ] --START--
INFO: Run Behavior\ReadHtmlCacheBehavior [ RunTime:0.000621s ]
INFO: [ app_begin ] --END-- [ RunTime:0.000746s ]
INFO: [ action_begin ] --START--
INFO: Run Admin\Behaviors\AuthBehavior [ RunTime:0.000981s ]
INFO: [ action_begin ] --END-- [ RunTime:0.001108s ]
NOTIC: [2] call_user_func() expects parameter 1 to be a valid callback, no array or string given D:\program\dodi\tp3\ThinkPHP\Library\Think\Upload.class.php 第 170 行.

[ 2017-06-05T02:37:00+08:00 ] 127.0.0.1 /Admin/Brand/ajaxUpload.html
INFO: [ app_begin ] --START--
INFO: Run Behavior\ReadHtmlCacheBehavior [ RunTime:0.000583s ]
INFO: [ app_begin ] --END-- [ RunTime:0.000703s ]
INFO: [ action_begin ] --START--
INFO: Run Admin\Behaviors\AuthBehavior [ RunTime:0.001216s ]
INFO: [ action_begin ] --END-- [ RunTime:0.001351s ]
NOTIC: [2] call_user_func() expects parameter 1 to be a valid callback, no array or string given D:\program\dodi\tp3\ThinkPHP\Library\Think\Upload.class.php 第 170 行.

[ 2017-06-05T02:37:18+08:00 ] 127.0.0.1 /Admin/Brand/ajaxUpload.html
INFO: [ app_begin ] --START--
INFO: Run Behavior\ReadHtmlCacheBehavior [ RunTime:0.000635s ]
INFO: [ app_begin ] --END-- [ RunTime:0.000775s ]
INFO: [ action_begin ] --START--
INFO: Run Admin\Behaviors\AuthBehavior [ RunTime:0.000971s ]
INFO: [ action_begin ] --END-- [ RunTime:0.001101s ]
NOTIC: [2] call_user_func() expects parameter 1 to be a valid callback, no array or string given D:\program\dodi\tp3\ThinkPHP\Library\Think\Upload.class.php 第 170 行.

[ 2017-06-05T02:37:59+08:00 ] 127.0.0.1 /Admin/Brand/ajaxUpload.html
INFO: [ app_begin ] --START--
INFO: Run Behavior\ReadHtmlCacheBehavior [ RunTime:0.001099s ]
INFO: [ app_begin ] --END-- [ RunTime:0.001353s ]
INFO: [ action_begin ] --START--
INFO: Run Admin\Behaviors\AuthBehavior [ RunTime:0.000987s ]
INFO: [ action_begin ] --END-- [ RunTime:0.001124s ]
NOTIC: [2] call_user_func() expects parameter 1 to be a valid callback, no array or string given D:\program\dodi\tp3\ThinkPHP\Library\Think\Upload.class.php 第 170 行.

[ 2017-06-05T02:38:09+08:00 ] 127.0.0.1 /Admin/Brand/ajaxUpload.html
INFO: [ app_begin ] --START--
INFO: Run Behavior\ReadHtmlCacheBehavior [ RunTime:0.001139s ]
INFO: [ app_begin ] --END-- [ RunTime:0.001629s ]
INFO: [ action_begin ] --START--
INFO: Run Admin\Behaviors\AuthBehavior [ RunTime:0.001443s ]
INFO: [ action_begin ] --END-- [ RunTime:0.001639s ]
NOTIC: [2] call_user_func() expects parameter 1 to be a valid callback, no array or string given D:\program\dodi\tp3\ThinkPHP\Library\Think\Upload.class.php 第 170 行.

[ 2017-06-05T02:39:09+08:00 ] 127.0.0.1 /Admin/Brand/ajaxUpload.html
INFO: [ app_begin ] --START--
INFO: Run Behavior\ReadHtmlCacheBehavior [ RunTime:0.001864s ]
INFO: [ app_begin ] --END-- [ RunTime:0.002164s ]
INFO: [ action_begin ] --START--
INFO: Run Admin\Behaviors\AuthBehavior [ RunTime:0.001625s ]
INFO: [ action_begin ] --END-- [ RunTime:0.001819s ]
NOTIC: [2] call_user_func() expects parameter 1 to be a valid callback, no array or string given D:\program\dodi\tp3\ThinkPHP\Library\Think\Upload.class.php 第 170 行.

[ 2017-06-05T02:39:12+08:00 ] 127.0.0.1 /Admin/Brand/ajaxUpload.html
INFO: [ app_begin ] --START--
INFO: Run Behavior\ReadHtmlCacheBehavior [ RunTime:0.000526s ]
INFO: [ app_begin ] --END-- [ RunTime:0.000634s ]
INFO: [ action_begin ] --START--
INFO: Run Admin\Behaviors\AuthBehavior [ RunTime:0.003027s ]
INFO: [ action_begin ] --END-- [ RunTime:0.003438s ]
NOTIC: [2] call_user_func() expects parameter 1 to be a valid callback, no array or string given D:\program\dodi\tp3\ThinkPHP\Library\Think\Upload.class.php 第 170 行.

[ 2017-06-05T02:39:37+08:00 ] 127.0.0.1 /Admin/Brand/ajaxUpload.html
INFO: [ app_begin ] --START--
INFO: Run Behavior\ReadHtmlCacheBehavior [ RunTime:0.000944s ]
INFO: [ app_begin ] --END-- [ RunTime:0.001165s ]
INFO: [ action_begin ] --START--
INFO: Run Admin\Behaviors\AuthBehavior [ RunTime:0.001127s ]
INFO: [ action_begin ] --END-- [ RunTime:0.001276s ]
NOTIC: [2] call_user_func() expects parameter 1 to be a valid callback, no array or string given D:\program\dodi\tp3\ThinkPHP\Library\Think\Upload.class.php 第 170 行.

[ 2017-06-05T02:39:40+08:00 ] 127.0.0.1 /Admin/Brand/ajaxUpload.html
INFO: [ app_begin ] --START--
INFO: Run Behavior\ReadHtmlCacheBehavior [ RunTime:0.000556s ]
INFO: [ app_begin ] --END-- [ RunTime:0.000674s ]
INFO: [ action_begin ] --START--
INFO: Run Admin\Behaviors\AuthBehavior [ RunTime:0.001869s ]
INFO: [ action_begin ] --END-- [ RunTime:0.002055s ]
NOTIC: [2] call_user_func() expects parameter 1 to be a valid callback, no array or string given D:\program\dodi\tp3\ThinkPHP\Library\Think\Upload.class.php 第 170 行.

[ 2017-06-05T02:40:09+08:00 ] 127.0.0.1 /Admin/Brand/ajaxUpload.html
INFO: [ app_begin ] --START--
INFO: Run Behavior\ReadHtmlCacheBehavior [ RunTime:0.000768s ]
INFO: [ app_begin ] --END-- [ RunTime:0.000954s ]
INFO: [ action_begin ] --START--
INFO: Run Admin\Behaviors\AuthBehavior [ RunTime:0.000973s ]
INFO: [ action_begin ] --END-- [ RunTime:0.001107s ]
NOTIC: [2] call_user_func() expects parameter 1 to be a valid callback, no array or string given D:\program\dodi\tp3\ThinkPHP\Library\Think\Upload.class.php 第 170 行.

[ 2017-06-05T02:40:12+08:00 ] 127.0.0.1 /Admin/Brand/ajaxUpload.html
INFO: [ app_begin ] --START--
INFO: Run Behavior\ReadHtmlCacheBehavior [ RunTime:0.001929s ]
INFO: [ app_begin ] --END-- [ RunTime:0.002367s ]
INFO: [ action_begin ] --START--
INFO: Run Admin\Behaviors\AuthBehavior [ RunTime:0.001018s ]
INFO: [ action_begin ] --END-- [ RunTime:0.001173s ]
NOTIC: [2] call_user_func() expects parameter 1 to be a valid callback, no array or string given D:\program\dodi\tp3\ThinkPHP\Library\Think\Upload.class.php 第 170 行.

[ 2017-06-05T02:41:57+08:00 ] 127.0.0.1 /Admin/Brand/ajaxUpload.html
INFO: [ app_begin ] --START--
INFO: Run Behavior\ReadHtmlCacheBehavior [ RunTime:0.002536s ]
INFO: [ app_begin ] --END-- [ RunTime:0.002735s ]
INFO: [ action_begin ] --START--
INFO: Run Admin\Behaviors\AuthBehavior [ RunTime:0.002687s ]
INFO: [ action_begin ] --END-- [ RunTime:0.002908s ]
NOTIC: [2] call_user_func() expects parameter 1 to be a valid callback, no array or string given D:\program\dodi\tp3\ThinkPHP\Library\Think\Upload.class.php 第 170 行.

[ 2017-06-05T02:42:00+08:00 ] 127.0.0.1 /Admin/Brand/ajaxUpload.html
INFO: [ app_begin ] --START--
INFO: Run Behavior\ReadHtmlCacheBehavior [ RunTime:0.000674s ]
INFO: [ app_begin ] --END-- [ RunTime:0.000830s ]
INFO: [ action_begin ] --START--
INFO: Run Admin\Behaviors\AuthBehavior [ RunTime:0.001049s ]
INFO: [ action_begin ] --END-- [ RunTime:0.001185s ]
NOTIC: [2] call_user_func() expects parameter 1 to be a valid callback, no array or string given D:\program\dodi\tp3\ThinkPHP\Library\Think\Upload.class.php 第 170 行.

[ 2017-06-05T02:42:54+08:00 ] 127.0.0.1 /Admin/Brand/ajaxUpload.html
INFO: [ app_begin ] --START--
INFO: Run Behavior\ReadHtmlCacheBehavior [ RunTime:0.000603s ]
INFO: [ app_begin ] --END-- [ RunTime:0.000732s ]
INFO: [ action_begin ] --START--
INFO: Run Admin\Behaviors\AuthBehavior [ RunTime:0.000965s ]
INFO: [ action_begin ] --END-- [ RunTime:0.001112s ]
NOTIC: [2] call_user_func() expects parameter 1 to be a valid callback, no array or string given D:\program\dodi\tp3\ThinkPHP\Library\Think\Upload.class.php 第 170 行.

[ 2017-06-05T02:42:58+08:00 ] 127.0.0.1 /Admin/Brand/ajaxUpload.html
INFO: [ app_begin ] --START--
INFO: Run Behavior\ReadHtmlCacheBehavior [ RunTime:0.001052s ]
INFO: [ app_begin ] --END-- [ RunTime:0.001669s ]
INFO: [ action_begin ] --START--
INFO: Run Admin\Behaviors\AuthBehavior [ RunTime:0.001205s ]
INFO: [ action_begin ] --END-- [ RunTime:0.001579s ]
NOTIC: [2] call_user_func() expects parameter 1 to be a valid callback, no array or string given D:\program\dodi\tp3\ThinkPHP\Library\Think\Upload.class.php 第 170 行.

[ 2017-06-05T02:43:02+08:00 ] 127.0.0.1 /Admin/Brand/ajaxUpload.html
INFO: [ app_begin ] --START--
INFO: Run Behavior\ReadHtmlCacheBehavior [ RunTime:0.001118s ]
INFO: [ app_begin ] --END-- [ RunTime:0.001405s ]
INFO: [ action_begin ] --START--
INFO: Run Admin\Behaviors\AuthBehavior [ RunTime:0.001030s ]
INFO: [ action_begin ] --END-- [ RunTime:0.001171s ]
NOTIC: [2] call_user_func() expects parameter 1 to be a valid callback, no array or string given D:\program\dodi\tp3\ThinkPHP\Library\Think\Upload.class.php 第 170 行.

[ 2017-06-05T02:44:20+08:00 ] 127.0.0.1 /Admin/Brand/ajaxUpload.html
INFO: [ app_begin ] --START--
INFO: Run Behavior\ReadHtmlCacheBehavior [ RunTime:0.000611s ]
INFO: [ app_begin ] --END-- [ RunTime:0.000744s ]
INFO: [ action_begin ] --START--
INFO: Run Admin\Behaviors\AuthBehavior [ RunTime:0.001252s ]
INFO: [ action_begin ] --END-- [ RunTime:0.001421s ]
NOTIC: [2] call_user_func() expects parameter 1 to be a valid callback, no array or string given D:\program\dodi\tp3\ThinkPHP\Library\Think\Upload.class.php 第 170 行.

[ 2017-06-05T02:45:44+08:00 ] 127.0.0.1 /Admin/Brand/ajaxUpload.html
INFO: [ app_begin ] --START--
INFO: Run Behavior\ReadHtmlCacheBehavior [ RunTime:0.000713s ]
INFO: [ app_begin ] --END-- [ RunTime:0.000893s ]
INFO: [ action_begin ] --START--
INFO: Run Admin\Behaviors\AuthBehavior [ RunTime:0.002176s ]
INFO: [ action_begin ] --END-- [ RunTime:0.002479s ]
NOTIC: [2] call_user_func() expects parameter 1 to be a valid callback, no array or string given D:\program\dodi\tp3\ThinkPHP\Library\Think\Upload.class.php 第 170 行.

[ 2017-06-05T10:23:12+08:00 ] 127.0.0.1 /tp3/Admin/Brand/index.html
ERR: 1146:Table 'xjshop_db.xianj_brand' doesn't exist
 [ SQL语句 ] : SHOW COLUMNS FROM `xianj_brand`

[ 2017-06-05T10:27:16+08:00 ] 127.0.0.1 /tp3/Admin/Brand/ajaxUpload.html
INFO: [ app_begin ] --START--
INFO: Run Behavior\ReadHtmlCacheBehavior [ RunTime:0.001412s ]
INFO: [ app_begin ] --END-- [ RunTime:0.001689s ]
INFO: [ action_begin ] --START--
INFO: Run Admin\Behaviors\AuthBehavior [ RunTime:0.004807s ]
INFO: [ action_begin ] --END-- [ RunTime:0.005133s ]
NOTIC: [2] call_user_func() expects parameter 1 to be a valid callback, no array or string given F:\website\demo\tp3\ThinkPHP\Library\Think\Upload.class.php 第 170 行.

[ 2017-06-05T10:36:57+08:00 ] 127.0.0.1 /tp3/Admin/Goods/ajaxUpload.html
INFO: [ app_begin ] --START--
INFO: Run Behavior\ReadHtmlCacheBehavior [ RunTime:0.003303s ]
INFO: [ app_begin ] --END-- [ RunTime:0.004179s ]
INFO: [ action_begin ] --START--
INFO: Run Admin\Behaviors\AuthBehavior [ RunTime:0.001149s ]
INFO: [ action_begin ] --END-- [ RunTime:0.001376s ]
NOTIC: [2] call_user_func() expects parameter 1 to be a valid callback, no array or string given F:\website\demo\tp3\ThinkPHP\Library\Think\Upload.class.php 第 170 行.

[ 2017-06-05T10:37:00+08:00 ] 127.0.0.1 /tp3/Admin/Goods/ajaxUpload.html
INFO: [ app_begin ] --START--
INFO: Run Behavior\ReadHtmlCacheBehavior [ RunTime:0.003094s ]
INFO: [ app_begin ] --END-- [ RunTime:0.003301s ]
INFO: [ action_begin ] --START--
INFO: Run Admin\Behaviors\AuthBehavior [ RunTime:0.003071s ]
INFO: [ action_begin ] --END-- [ RunTime:0.003246s ]
NOTIC: [2] call_user_func() expects parameter 1 to be a valid callback, no array or string given F:\website\demo\tp3\ThinkPHP\Library\Think\Upload.class.php 第 170 行.

[ 2017-06-05T10:37:02+08:00 ] 127.0.0.1 /tp3/Admin/Goods/ajaxUpload.html
INFO: [ app_begin ] --START--
INFO: Run Behavior\ReadHtmlCacheBehavior [ RunTime:0.001824s ]
INFO: [ app_begin ] --END-- [ RunTime:0.001996s ]
INFO: [ action_begin ] --START--
INFO: Run Admin\Behaviors\AuthBehavior [ RunTime:0.007069s ]
INFO: [ action_begin ] --END-- [ RunTime:0.007291s ]
NOTIC: [2] call_user_func() expects parameter 1 to be a valid callback, no array or string given F:\website\demo\tp3\ThinkPHP\Library\Think\Upload.class.php 第 170 行.

[ 2017-06-05T10:37:13+08:00 ] 127.0.0.1 /tp3/Admin/Goods/ajaxUpload.html
INFO: [ app_begin ] --START--
INFO: Run Behavior\ReadHtmlCacheBehavior [ RunTime:0.001730s ]
INFO: [ app_begin ] --END-- [ RunTime:0.001896s ]
INFO: [ action_begin ] --START--
INFO: Run Admin\Behaviors\AuthBehavior [ RunTime:0.003153s ]
INFO: [ action_begin ] --END-- [ RunTime:0.003328s ]
NOTIC: [2] call_user_func() expects parameter 1 to be a valid callback, no array or string given F:\website\demo\tp3\ThinkPHP\Library\Think\Upload.class.php 第 170 行.

[ 2017-06-05T10:37:39+08:00 ] 127.0.0.1 /tp3/Admin/Goods/ajaxUpload.html
INFO: [ app_begin ] --START--
INFO: Run Behavior\ReadHtmlCacheBehavior [ RunTime:0.001377s ]
INFO: [ app_begin ] --END-- [ RunTime:0.001584s ]
INFO: [ action_begin ] --START--
INFO: Run Admin\Behaviors\AuthBehavior [ RunTime:0.001478s ]
INFO: [ action_begin ] --END-- [ RunTime:0.001714s ]
NOTIC: [2] call_user_func() expects parameter 1 to be a valid callback, no array or string given F:\website\demo\tp3\ThinkPHP\Library\Think\Upload.class.php 第 170 行.

[ 2017-06-05T10:37:41+08:00 ] 127.0.0.1 /tp3/Admin/Goods/ajaxUpload.html
INFO: [ app_begin ] --START--
INFO: Run Behavior\ReadHtmlCacheBehavior [ RunTime:0.005419s ]
INFO: [ app_begin ] --END-- [ RunTime:0.005726s ]
INFO: [ action_begin ] --START--
INFO: Run Admin\Behaviors\AuthBehavior [ RunTime:0.003188s ]
INFO: [ action_begin ] --END-- [ RunTime:0.003475s ]
NOTIC: [2] call_user_func() expects parameter 1 to be a valid callback, no array or string given F:\website\demo\tp3\ThinkPHP\Library\Think\Upload.class.php 第 170 行.

[ 2017-06-05T10:37:43+08:00 ] 127.0.0.1 /tp3/Admin/Goods/ajaxUpload.html
INFO: [ app_begin ] --START--
INFO: Run Behavior\ReadHtmlCacheBehavior [ RunTime:0.004574s ]
INFO: [ app_begin ] --END-- [ RunTime:0.005001s ]
INFO: [ action_begin ] --START--
INFO: Run Admin\Behaviors\AuthBehavior [ RunTime:0.005691s ]
INFO: [ action_begin ] --END-- [ RunTime:0.013807s ]
NOTIC: [2] call_user_func() expects parameter 1 to be a valid callback, no array or string given F:\website\demo\tp3\ThinkPHP\Library\Think\Upload.class.php 第 170 行.

[ 2017-06-05T12:55:18+08:00 ] 127.0.0.1 /tp3/Admin/Goods/ajaxUpload.html
INFO: [ app_begin ] --START--
INFO: Run Behavior\ReadHtmlCacheBehavior [ RunTime:0.001035s ]
INFO: [ app_begin ] --END-- [ RunTime:0.001209s ]
INFO: [ action_begin ] --START--
INFO: Run Admin\Behaviors\AuthBehavior [ RunTime:0.001476s ]
INFO: [ action_begin ] --END-- [ RunTime:0.001657s ]
NOTIC: [2] call_user_func() expects parameter 1 to be a valid callback, no array or string given F:\website\demo\tp3\ThinkPHP\Library\Think\Upload.class.php 第 170 行.

[ 2017-06-05T12:55:21+08:00 ] 127.0.0.1 /tp3/Admin/Goods/ajaxUpload.html
INFO: [ app_begin ] --START--
INFO: Run Behavior\ReadHtmlCacheBehavior [ RunTime:0.002040s ]
INFO: [ app_begin ] --END-- [ RunTime:0.002341s ]
INFO: [ action_begin ] --START--
INFO: Run Admin\Behaviors\AuthBehavior [ RunTime:0.002751s ]
INFO: [ action_begin ] --END-- [ RunTime:0.003005s ]
NOTIC: [2] call_user_func() expects parameter 1 to be a valid callback, no array or string given F:\website\demo\tp3\ThinkPHP\Library\Think\Upload.class.php 第 170 行.

[ 2017-06-05T13:08:32+08:00 ] 127.0.0.1 /tp3/Admin/Goods/tabs.html
ERR: 非法操作:tabs

[ 2017-06-05T13:09:43+08:00 ] 127.0.0.1 /tp3/Admin/Spec/index.html
ERR: 无法加载控制器:Spec

[ 2017-06-05T14:41:30+08:00 ] 127.0.0.1 /tp3/Admin/Spec/alerts.html
ERR: 非法操作:alerts

[ 2017-06-05T14:41:47+08:00 ] 127.0.0.1 /tp3/Admin/Brand/ajaxUpload.html
INFO: [ app_begin ] --START--
INFO: Run Behavior\ReadHtmlCacheBehavior [ RunTime:0.001887s ]
INFO: [ app_begin ] --END-- [ RunTime:0.002446s ]
INFO: [ action_begin ] --START--
INFO: Run Admin\Behaviors\AuthBehavior [ RunTime:0.001960s ]
INFO: [ action_begin ] --END-- [ RunTime:0.002160s ]
NOTIC: [2] call_user_func() expects parameter 1 to be a valid callback, no array or string given F:\website\demo\tp3\ThinkPHP\Library\Think\Upload.class.php 第 170 行.

[ 2017-06-05T14:41:50+08:00 ] 127.0.0.1 /tp3/Admin/Brand/ajaxUpload.html
INFO: [ app_begin ] --START--
INFO: Run Behavior\ReadHtmlCacheBehavior [ RunTime:0.001297s ]
INFO: [ app_begin ] --END-- [ RunTime:0.001613s ]
INFO: [ action_begin ] --START--
INFO: Run Admin\Behaviors\AuthBehavior [ RunTime:0.002195s ]
INFO: [ action_begin ] --END-- [ RunTime:0.002400s ]
NOTIC: [2] call_user_func() expects parameter 1 to be a valid callback, no array or string given F:\website\demo\tp3\ThinkPHP\Library\Think\Upload.class.php 第 170 行.

[ 2017-06-05T14:41:52+08:00 ] 127.0.0.1 /tp3/Admin/Brand/ajaxUpload.html
INFO: [ app_begin ] --START--
INFO: Run Behavior\ReadHtmlCacheBehavior [ RunTime:0.002573s ]
INFO: [ app_begin ] --END-- [ RunTime:0.002881s ]
INFO: [ action_begin ] --START--
INFO: Run Admin\Behaviors\AuthBehavior [ RunTime:0.002298s ]
INFO: [ action_begin ] --END-- [ RunTime:0.002546s ]
NOTIC: [2] call_user_func() expects parameter 1 to be a valid callback, no array or string given F:\website\demo\tp3\ThinkPHP\Library\Think\Upload.class.php 第 170 行.

