[ 2017-06-13T22:37:46+08:00 ] 127.0.0.1 /Admin/Goods/ajaxUpload.html
INFO: [ app_begin ] --START--
INFO: Run Behavior\ReadHtmlCacheBehavior [ RunTime:0.000511s ]
INFO: [ app_begin ] --END-- [ RunTime:0.000652s ]
INFO: [ action_begin ] --START--
INFO: Run Admin\Behaviors\AuthBehavior [ RunTime:0.000600s ]
INFO: [ action_begin ] --END-- [ RunTime:0.000742s ]
NOTIC: [2] call_user_func() expects parameter 1 to be a valid callback, no array or string given D:\program\dodi\tp3\ThinkPHP\Library\Think\Upload.class.php 第 170 行.

[ 2017-06-13T22:37:52+08:00 ] 127.0.0.1 /Admin/Goods/ajaxUpload.html
INFO: [ app_begin ] --START--
INFO: Run Behavior\ReadHtmlCacheBehavior [ RunTime:0.002126s ]
INFO: [ app_begin ] --END-- [ RunTime:0.002368s ]
INFO: [ action_begin ] --START--
INFO: Run Admin\Behaviors\AuthBehavior [ RunTime:0.003102s ]
INFO: [ action_begin ] --END-- [ RunTime:0.003364s ]
NOTIC: [2] call_user_func() expects parameter 1 to be a valid callback, no array or string given D:\program\dodi\tp3\ThinkPHP\Library\Think\Upload.class.php 第 170 行.

[ 2017-06-13T22:38:06+08:00 ] 127.0.0.1 /Admin/Goods/ajaxGetSpecItemHtml.html
INFO: [ app_begin ] --START--
INFO: Run Behavior\ReadHtmlCacheBehavior [ RunTime:0.001010s ]
INFO: [ app_begin ] --END-- [ RunTime:0.001150s ]
INFO: [ action_begin ] --START--
INFO: Run Admin\Behaviors\AuthBehavior [ RunTime:0.003868s ]
INFO: [ action_begin ] --END-- [ RunTime:0.004122s ]
SQL: SHOW COLUMNS FROM `xianj_spec_items` [ RunTime:0.0012s ]
SQL: SELECT * FROM `xianj_spec_items` WHERE `id` IN ('1','2','6','7','10','11') ORDER BY spec_id asc  [ RunTime:0.0005s ]
SQL: SHOW COLUMNS FROM `xianj_spec` [ RunTime:0.0016s ]
SQL: SELECT * FROM `xianj_spec` WHERE `id` IN ('1','2','3') ORDER BY id asc  [ RunTime:0.0006s ]

[ 2017-06-13T22:38:40+08:00 ] 127.0.0.1 /Admin/Goods/add.html
INFO: [ app_init ] --START--
INFO: Run Behavior\BuildLiteBehavior [ RunTime:0.000033s ]
INFO: [ app_init ] --END-- [ RunTime:0.000515s ]
INFO: [ app_begin ] --START--
INFO: Run Behavior\ReadHtmlCacheBehavior [ RunTime:0.000987s ]
INFO: [ app_begin ] --END-- [ RunTime:0.001251s ]
INFO: [ view_parse ] --START--
INFO: [ template_filter ] --START--
INFO: Run Behavior\ContentReplaceBehavior [ RunTime:0.000147s ]
INFO: [ template_filter ] --END-- [ RunTime:0.000383s ]
INFO: Run Behavior\ParseTemplateBehavior [ RunTime:0.010118s ]
INFO: [ view_parse ] --END-- [ RunTime:0.010362s ]
INFO: [ view_filter ] --START--
INFO: Run Behavior\WriteHtmlCacheBehavior [ RunTime:0.000531s ]
INFO: [ view_filter ] --END-- [ RunTime:0.000751s ]

[ 2017-06-13T22:38:42+08:00 ] 127.0.0.1 /index.php/Admin/Login/index.html
INFO: [ app_init ] --START--
INFO: Run Behavior\BuildLiteBehavior [ RunTime:0.000044s ]
INFO: [ app_init ] --END-- [ RunTime:0.000573s ]
INFO: [ app_begin ] --START--
INFO: Run Behavior\ReadHtmlCacheBehavior [ RunTime:0.000622s ]
INFO: [ app_begin ] --END-- [ RunTime:0.000777s ]
INFO: [ view_parse ] --START--
INFO: [ template_filter ] --START--
INFO: Run Behavior\ContentReplaceBehavior [ RunTime:0.000185s ]
INFO: [ template_filter ] --END-- [ RunTime:0.000416s ]
INFO: Run Behavior\ParseTemplateBehavior [ RunTime:0.008709s ]
INFO: [ view_parse ] --END-- [ RunTime:0.008868s ]
INFO: [ view_filter ] --START--
INFO: Run Behavior\WriteHtmlCacheBehavior [ RunTime:0.000477s ]
INFO: [ view_filter ] --END-- [ RunTime:0.000614s ]
INFO: [ app_end ] --START--
INFO: Run Behavior\ShowPageTraceBehavior [ RunTime:0.000626s ]
INFO: [ app_end ] --END-- [ RunTime:0.000767s ]

[ 2017-06-13T22:38:42+08:00 ] 127.0.0.1 /index.php/Admin/Login/vcode.html
INFO: [ app_init ] --START--
INFO: Run Behavior\BuildLiteBehavior [ RunTime:0.000058s ]
INFO: [ app_init ] --END-- [ RunTime:0.000916s ]
INFO: [ app_begin ] --START--
INFO: Run Behavior\ReadHtmlCacheBehavior [ RunTime:0.001027s ]
INFO: [ app_begin ] --END-- [ RunTime:0.001317s ]
INFO: [ app_end ] --START--
INFO: Run Behavior\ShowPageTraceBehavior [ RunTime:0.001370s ]
INFO: [ app_end ] --END-- [ RunTime:0.001857s ]

[ 2017-06-13T22:40:54+08:00 ] 127.0.0.1 /Admin/Goods/ajaxGetSpecItemHtml.html
INFO: [ app_begin ] --START--
INFO: Run Behavior\ReadHtmlCacheBehavior [ RunTime:0.001675s ]
INFO: [ app_begin ] --END-- [ RunTime:0.001895s ]
INFO: [ action_begin ] --START--
INFO: Run Admin\Behaviors\AuthBehavior [ RunTime:0.001436s ]
INFO: [ action_begin ] --END-- [ RunTime:0.001659s ]
SQL: SHOW COLUMNS FROM `xianj_spec_items` [ RunTime:0.0024s ]
SQL: SELECT * FROM `xianj_spec_items` WHERE `id` IN ('1','6','7','10','11','12') ORDER BY spec_id asc  [ RunTime:0.0005s ]
SQL: SHOW COLUMNS FROM `xianj_spec` [ RunTime:0.0010s ]
SQL: SELECT * FROM `xianj_spec` WHERE `id` IN ('1','2','3') ORDER BY id asc  [ RunTime:0.0004s ]

[ 2017-06-13T23:07:59+08:00 ] 127.0.0.1 /Admin/Goods/ajaxUpload.html
INFO: [ app_begin ] --START--
INFO: Run Behavior\ReadHtmlCacheBehavior [ RunTime:0.001193s ]
INFO: [ app_begin ] --END-- [ RunTime:0.001516s ]
INFO: [ action_begin ] --START--
INFO: Run Admin\Behaviors\AuthBehavior [ RunTime:0.001034s ]
INFO: [ action_begin ] --END-- [ RunTime:0.001281s ]
NOTIC: [2] call_user_func() expects parameter 1 to be a valid callback, no array or string given D:\program\dodi\tp3\ThinkPHP\Library\Think\Upload.class.php 第 170 行.

[ 2017-06-13T23:09:01+08:00 ] 127.0.0.1 /Admin/Goods/ajaxUpload.html
INFO: [ app_begin ] --START--
INFO: Run Behavior\ReadHtmlCacheBehavior [ RunTime:0.001011s ]
INFO: [ app_begin ] --END-- [ RunTime:0.001213s ]
INFO: [ action_begin ] --START--
INFO: Run Admin\Behaviors\AuthBehavior [ RunTime:0.005762s ]
INFO: [ action_begin ] --END-- [ RunTime:0.006044s ]
NOTIC: [2] call_user_func() expects parameter 1 to be a valid callback, no array or string given D:\program\dodi\tp3\ThinkPHP\Library\Think\Upload.class.php 第 170 行.

[ 2017-06-13T23:09:05+08:00 ] 127.0.0.1 /Admin/Goods/ajaxUpload.html
INFO: [ app_begin ] --START--
INFO: Run Behavior\ReadHtmlCacheBehavior [ RunTime:0.001409s ]
INFO: [ app_begin ] --END-- [ RunTime:0.001664s ]
INFO: [ action_begin ] --START--
INFO: Run Admin\Behaviors\AuthBehavior [ RunTime:0.002230s ]
INFO: [ action_begin ] --END-- [ RunTime:0.002468s ]
NOTIC: [2] call_user_func() expects parameter 1 to be a valid callback, no array or string given D:\program\dodi\tp3\ThinkPHP\Library\Think\Upload.class.php 第 170 行.

[ 2017-06-13T23:09:16+08:00 ] 127.0.0.1 /Admin/Goods/ajaxGetSpecItemHtml.html
INFO: [ app_begin ] --START--
INFO: Run Behavior\ReadHtmlCacheBehavior [ RunTime:0.000780s ]
INFO: [ app_begin ] --END-- [ RunTime:0.000921s ]
INFO: [ action_begin ] --START--
INFO: Run Admin\Behaviors\AuthBehavior [ RunTime:0.001290s ]
INFO: [ action_begin ] --END-- [ RunTime:0.001417s ]
SQL: SHOW COLUMNS FROM `xianj_spec_items` [ RunTime:0.0006s ]
SQL: SELECT * FROM `xianj_spec_items` WHERE `id` IN ('1','2','6','7','10') ORDER BY spec_id asc  [ RunTime:0.0003s ]
SQL: SHOW COLUMNS FROM `xianj_spec` [ RunTime:0.0014s ]
SQL: SELECT * FROM `xianj_spec` WHERE `id` IN ('1','2','3') ORDER BY id asc  [ RunTime:0.0005s ]

[ 2017-06-13T23:10:23+08:00 ] 127.0.0.1 /Admin/Goods/ajaxUpload.html
INFO: [ app_begin ] --START--
INFO: Run Behavior\ReadHtmlCacheBehavior [ RunTime:0.001007s ]
INFO: [ app_begin ] --END-- [ RunTime:0.001233s ]
INFO: [ action_begin ] --START--
INFO: Run Admin\Behaviors\AuthBehavior [ RunTime:0.001997s ]
INFO: [ action_begin ] --END-- [ RunTime:0.002272s ]
NOTIC: [2] call_user_func() expects parameter 1 to be a valid callback, no array or string given D:\program\dodi\tp3\ThinkPHP\Library\Think\Upload.class.php 第 170 行.

[ 2017-06-13T23:11:59+08:00 ] 127.0.0.1 /Admin/Goods/ajaxUpload.html
INFO: [ app_begin ] --START--
INFO: Run Behavior\ReadHtmlCacheBehavior [ RunTime:0.000834s ]
INFO: [ app_begin ] --END-- [ RunTime:0.001020s ]
INFO: [ action_begin ] --START--
INFO: Run Admin\Behaviors\AuthBehavior [ RunTime:0.003026s ]
INFO: [ action_begin ] --END-- [ RunTime:0.003499s ]
NOTIC: [2] call_user_func() expects parameter 1 to be a valid callback, no array or string given D:\program\dodi\tp3\ThinkPHP\Library\Think\Upload.class.php 第 170 行.

[ 2017-06-13T23:12:15+08:00 ] 127.0.0.1 /Admin/Goods/ajaxUpload.html
INFO: [ app_begin ] --START--
INFO: Run Behavior\ReadHtmlCacheBehavior [ RunTime:0.000631s ]
INFO: [ app_begin ] --END-- [ RunTime:0.000760s ]
INFO: [ action_begin ] --START--
INFO: Run Admin\Behaviors\AuthBehavior [ RunTime:0.001209s ]
INFO: [ action_begin ] --END-- [ RunTime:0.001387s ]
NOTIC: [2] call_user_func() expects parameter 1 to be a valid callback, no array or string given D:\program\dodi\tp3\ThinkPHP\Library\Think\Upload.class.php 第 170 行.

[ 2017-06-13T23:12:29+08:00 ] 127.0.0.1 /Admin/Goods/ajaxUpload.html
INFO: [ app_begin ] --START--
INFO: Run Behavior\ReadHtmlCacheBehavior [ RunTime:0.000887s ]
INFO: [ app_begin ] --END-- [ RunTime:0.001060s ]
INFO: [ action_begin ] --START--
INFO: Run Admin\Behaviors\AuthBehavior [ RunTime:0.001408s ]
INFO: [ action_begin ] --END-- [ RunTime:0.001591s ]
NOTIC: [2] call_user_func() expects parameter 1 to be a valid callback, no array or string given D:\program\dodi\tp3\ThinkPHP\Library\Think\Upload.class.php 第 170 行.

[ 2017-06-13T23:15:17+08:00 ] 127.0.0.1 /Admin/Goods/ajaxUpload.html
INFO: [ app_begin ] --START--
INFO: Run Behavior\ReadHtmlCacheBehavior [ RunTime:0.001304s ]
INFO: [ app_begin ] --END-- [ RunTime:0.001808s ]
INFO: [ action_begin ] --START--
INFO: Run Admin\Behaviors\AuthBehavior [ RunTime:0.002595s ]
INFO: [ action_begin ] --END-- [ RunTime:0.002868s ]

[ 2017-06-13T23:15:21+08:00 ] 127.0.0.1 /Admin/Goods/ajaxUpload.html
INFO: [ app_begin ] --START--
INFO: Run Behavior\ReadHtmlCacheBehavior [ RunTime:0.000994s ]
INFO: [ app_begin ] --END-- [ RunTime:0.001191s ]
INFO: [ action_begin ] --START--
INFO: Run Admin\Behaviors\AuthBehavior [ RunTime:0.003202s ]
INFO: [ action_begin ] --END-- [ RunTime:0.003470s ]
NOTIC: [2] call_user_func() expects parameter 1 to be a valid callback, no array or string given D:\program\dodi\tp3\ThinkPHP\Library\Think\Upload.class.php 第 170 行.

[ 2017-06-13T23:15:24+08:00 ] 127.0.0.1 /Admin/Goods/ajaxUpload.html
INFO: [ app_begin ] --START--
INFO: Run Behavior\ReadHtmlCacheBehavior [ RunTime:0.000745s ]
INFO: [ app_begin ] --END-- [ RunTime:0.000873s ]
INFO: [ action_begin ] --START--
INFO: Run Admin\Behaviors\AuthBehavior [ RunTime:0.002213s ]
INFO: [ action_begin ] --END-- [ RunTime:0.002455s ]
NOTIC: [2] call_user_func() expects parameter 1 to be a valid callback, no array or string given D:\program\dodi\tp3\ThinkPHP\Library\Think\Upload.class.php 第 170 行.

[ 2017-06-13T23:43:09+08:00 ] 127.0.0.1 /Admin/Goods/ajaxUpload.html
INFO: [ app_begin ] --START--
INFO: Run Behavior\ReadHtmlCacheBehavior [ RunTime:0.001046s ]
INFO: [ app_begin ] --END-- [ RunTime:0.001277s ]
INFO: [ action_begin ] --START--
INFO: Run Admin\Behaviors\AuthBehavior [ RunTime:0.002296s ]
INFO: [ action_begin ] --END-- [ RunTime:0.002860s ]
NOTIC: [2] call_user_func() expects parameter 1 to be a valid callback, no array or string given D:\program\dodi\tp3\ThinkPHP\Library\Think\Upload.class.php 第 170 行.

[ 2017-06-13T23:43:15+08:00 ] 127.0.0.1 /Admin/Goods/ajaxUpload.html
INFO: [ app_begin ] --START--
INFO: Run Behavior\ReadHtmlCacheBehavior [ RunTime:0.000992s ]
INFO: [ app_begin ] --END-- [ RunTime:0.001210s ]
INFO: [ action_begin ] --START--
INFO: Run Admin\Behaviors\AuthBehavior [ RunTime:0.001101s ]
INFO: [ action_begin ] --END-- [ RunTime:0.001276s ]
NOTIC: [2] call_user_func() expects parameter 1 to be a valid callback, no array or string given D:\program\dodi\tp3\ThinkPHP\Library\Think\Upload.class.php 第 170 行.

[ 2017-06-13T23:53:40+08:00 ] 127.0.0.1 /Admin/Goods/ajaxGetSpecItemHtml.html
INFO: [ app_begin ] --START--
INFO: Run Behavior\ReadHtmlCacheBehavior [ RunTime:0.000655s ]
INFO: [ app_begin ] --END-- [ RunTime:0.000788s ]
INFO: [ action_begin ] --START--
INFO: Run Admin\Behaviors\AuthBehavior [ RunTime:0.001750s ]
INFO: [ action_begin ] --END-- [ RunTime:0.002027s ]
SQL: SHOW COLUMNS FROM `xianj_spec_items` [ RunTime:0.0032s ]
SQL: SELECT * FROM `xianj_spec_items` WHERE `id` IN ('1','2','3') ORDER BY spec_id asc  [ RunTime:0.0005s ]
SQL: SHOW COLUMNS FROM `xianj_spec` [ RunTime:0.0011s ]
SQL: SELECT * FROM `xianj_spec` WHERE `id` IN ('1') ORDER BY id asc  [ RunTime:0.0003s ]

[ 2017-06-13T23:54:43+08:00 ] 127.0.0.1 /Admin/Goods/ajaxUpload.html
INFO: [ app_begin ] --START--
INFO: Run Behavior\ReadHtmlCacheBehavior [ RunTime:0.001018s ]
INFO: [ app_begin ] --END-- [ RunTime:0.001251s ]
INFO: [ action_begin ] --START--
INFO: Run Admin\Behaviors\AuthBehavior [ RunTime:0.001535s ]
INFO: [ action_begin ] --END-- [ RunTime:0.001778s ]

[ 2017-06-13T23:54:46+08:00 ] 127.0.0.1 /Admin/Goods/ajaxUpload.html
INFO: [ app_begin ] --START--
INFO: Run Behavior\ReadHtmlCacheBehavior [ RunTime:0.000776s ]
INFO: [ app_begin ] --END-- [ RunTime:0.000960s ]
INFO: [ action_begin ] --START--
INFO: Run Admin\Behaviors\AuthBehavior [ RunTime:0.002843s ]
INFO: [ action_begin ] --END-- [ RunTime:0.003224s ]
NOTIC: [2] call_user_func() expects parameter 1 to be a valid callback, no array or string given D:\program\dodi\tp3\ThinkPHP\Library\Think\Upload.class.php 第 170 行.

[ 2017-06-13T23:54:49+08:00 ] 127.0.0.1 /Admin/Goods/ajaxUpload.html
INFO: [ app_begin ] --START--
INFO: Run Behavior\ReadHtmlCacheBehavior [ RunTime:0.001067s ]
INFO: [ app_begin ] --END-- [ RunTime:0.001298s ]
INFO: [ action_begin ] --START--
INFO: Run Admin\Behaviors\AuthBehavior [ RunTime:0.002552s ]
INFO: [ action_begin ] --END-- [ RunTime:0.002800s ]
NOTIC: [2] call_user_func() expects parameter 1 to be a valid callback, no array or string given D:\program\dodi\tp3\ThinkPHP\Library\Think\Upload.class.php 第 170 行.

[ 2017-06-13T23:54:59+08:00 ] 127.0.0.1 /Admin/Goods/ajaxGetSpecItemHtml.html
INFO: [ app_begin ] --START--
INFO: Run Behavior\ReadHtmlCacheBehavior [ RunTime:0.000849s ]
INFO: [ app_begin ] --END-- [ RunTime:0.001058s ]
INFO: [ action_begin ] --START--
INFO: Run Admin\Behaviors\AuthBehavior [ RunTime:0.001136s ]
INFO: [ action_begin ] --END-- [ RunTime:0.001275s ]
SQL: SHOW COLUMNS FROM `xianj_spec_items` [ RunTime:0.0009s ]
SQL: SELECT * FROM `xianj_spec_items` WHERE `id` IN ('1','2','3') ORDER BY spec_id asc  [ RunTime:0.0006s ]
SQL: SHOW COLUMNS FROM `xianj_spec` [ RunTime:0.0008s ]
SQL: SELECT * FROM `xianj_spec` WHERE `id` IN ('1') ORDER BY id asc  [ RunTime:0.0004s ]

[ 2017-06-13T23:56:19+08:00 ] 127.0.0.1 /Admin/Goods/ajaxGetSpecItemHtml.html
INFO: [ app_begin ] --START--
INFO: Run Behavior\ReadHtmlCacheBehavior [ RunTime:0.000587s ]
INFO: [ app_begin ] --END-- [ RunTime:0.000759s ]
INFO: [ action_begin ] --START--
INFO: Run Admin\Behaviors\AuthBehavior [ RunTime:0.001050s ]
INFO: [ action_begin ] --END-- [ RunTime:0.001300s ]
SQL: SHOW COLUMNS FROM `xianj_spec_items` [ RunTime:0.0027s ]
SQL: SELECT * FROM `xianj_spec_items` WHERE `id` IN ('1','2','3') ORDER BY spec_id asc  [ RunTime:0.0006s ]
SQL: SHOW COLUMNS FROM `xianj_spec` [ RunTime:0.0011s ]
SQL: SELECT * FROM `xianj_spec` WHERE `id` IN ('1') ORDER BY id asc  [ RunTime:0.0007s ]

[ 2017-06-13T23:56:52+08:00 ] 127.0.0.1 /Admin/Goods/ajaxGetSpecItemHtml.html
INFO: [ app_begin ] --START--
INFO: Run Behavior\ReadHtmlCacheBehavior [ RunTime:0.000451s ]
INFO: [ app_begin ] --END-- [ RunTime:0.000619s ]
INFO: [ action_begin ] --START--
INFO: Run Admin\Behaviors\AuthBehavior [ RunTime:0.001302s ]
INFO: [ action_begin ] --END-- [ RunTime:0.001612s ]
SQL: SHOW COLUMNS FROM `xianj_spec_items` [ RunTime:0.0012s ]
SQL: SELECT * FROM `xianj_spec_items` WHERE `id` IN ('1','2','3') ORDER BY spec_id asc  [ RunTime:0.0011s ]
SQL: SHOW COLUMNS FROM `xianj_spec` [ RunTime:0.0027s ]
SQL: SELECT * FROM `xianj_spec` WHERE `id` IN ('1') ORDER BY id asc  [ RunTime:0.0006s ]

