[ 2017-06-08T09:00:04+08:00 ] 127.0.0.1 /tp3/Admin/Goods/ajaxGetSpecItemHtml.html
INFO: [ app_begin ] --START--
INFO: Run Behavior\ReadHtmlCacheBehavior [ RunTime:0.000801s ]
INFO: [ app_begin ] --END-- [ RunTime:0.000970s ]
INFO: [ action_begin ] --START--
INFO: Run Admin\Behaviors\AuthBehavior [ RunTime:0.002346s ]
INFO: [ action_begin ] --END-- [ RunTime:0.002747s ]
SQL: SHOW COLUMNS FROM `xianj_spec_items` [ RunTime:0.0016s ]
SQL: SELECT * FROM `xianj_spec_items` WHERE `id` IN ('21','22','23','20','19') ORDER BY spec_id asc  [ RunTime:0.0008s ]
SQL: SHOW COLUMNS FROM `xianj_spec` [ RunTime:0.0022s ]
SQL: SELECT * FROM `xianj_spec` WHERE `id` IN ('2','24') ORDER BY id asc  [ RunTime:0.0008s ]

[ 2017-06-08T09:03:07+08:00 ] 127.0.0.1 /tp3/Admin/Goods/ajaxGetSpecItemHtml.html
INFO: [ app_begin ] --START--
INFO: Run Behavior\ReadHtmlCacheBehavior [ RunTime:0.000945s ]
INFO: [ app_begin ] --END-- [ RunTime:0.001104s ]
INFO: [ action_begin ] --START--
INFO: Run Admin\Behaviors\AuthBehavior [ RunTime:0.001617s ]
INFO: [ action_begin ] --END-- [ RunTime:0.001784s ]
SQL: SHOW COLUMNS FROM `xianj_spec_items` [ RunTime:0.0012s ]
SQL: SELECT * FROM `xianj_spec_items` WHERE `id` IN ('21','22','23','20','19') ORDER BY spec_id asc  [ RunTime:0.0007s ]
SQL: SHOW COLUMNS FROM `xianj_spec` [ RunTime:0.0013s ]
SQL: SELECT * FROM `xianj_spec` WHERE `id` IN ('2','24') ORDER BY id asc  [ RunTime:0.0005s ]

[ 2017-06-08T09:04:07+08:00 ] 127.0.0.1 /tp3/Admin/Goods/ajaxGetSpecItemHtml.html
INFO: [ app_begin ] --START--
INFO: Run Behavior\ReadHtmlCacheBehavior [ RunTime:0.000995s ]
INFO: [ app_begin ] --END-- [ RunTime:0.001164s ]
INFO: [ action_begin ] --START--
INFO: Run Admin\Behaviors\AuthBehavior [ RunTime:0.001451s ]
INFO: [ action_begin ] --END-- [ RunTime:0.001605s ]
SQL: SHOW COLUMNS FROM `xianj_spec_items` [ RunTime:0.0013s ]
SQL: SELECT * FROM `xianj_spec_items` WHERE `id` IN ('21','22','23','20','19') ORDER BY spec_id asc  [ RunTime:0.0005s ]
SQL: SHOW COLUMNS FROM `xianj_spec` [ RunTime:0.0018s ]
SQL: SELECT * FROM `xianj_spec` WHERE `id` IN ('2','24') ORDER BY id asc  [ RunTime:0.0010s ]

[ 2017-06-08T09:17:57+08:00 ] 127.0.0.1 /tp3/Admin/Goods/ajaxGetSpecItemHtml.html
INFO: [ app_begin ] --START--
INFO: Run Behavior\ReadHtmlCacheBehavior [ RunTime:0.001278s ]
INFO: [ app_begin ] --END-- [ RunTime:0.001489s ]
INFO: [ action_begin ] --START--
INFO: Run Admin\Behaviors\AuthBehavior [ RunTime:0.001578s ]
INFO: [ action_begin ] --END-- [ RunTime:0.001910s ]
SQL: SHOW COLUMNS FROM `xianj_spec_items` [ RunTime:0.0023s ]
SQL: SELECT * FROM `xianj_spec_items` WHERE `id` IN ('21','22','23','20','19') ORDER BY spec_id asc  [ RunTime:0.0005s ]
SQL: SHOW COLUMNS FROM `xianj_spec` [ RunTime:0.0013s ]
SQL: SELECT * FROM `xianj_spec` WHERE `id` IN ('2','24') ORDER BY id asc  [ RunTime:0.0005s ]

[ 2017-06-08T09:20:19+08:00 ] 127.0.0.1 /tp3/Admin/Goods/ajaxGetSpecItemHtml.html
INFO: [ app_begin ] --START--
INFO: Run Behavior\ReadHtmlCacheBehavior [ RunTime:0.000968s ]
INFO: [ app_begin ] --END-- [ RunTime:0.001128s ]
INFO: [ action_begin ] --START--
INFO: Run Admin\Behaviors\AuthBehavior [ RunTime:0.001873s ]
INFO: [ action_begin ] --END-- [ RunTime:0.002108s ]
SQL: SHOW COLUMNS FROM `xianj_spec_items` [ RunTime:0.0019s ]
SQL: SELECT * FROM `xianj_spec_items` WHERE `id` IN ('21','23','20','19') ORDER BY spec_id asc  [ RunTime:0.0007s ]
SQL: SHOW COLUMNS FROM `xianj_spec` [ RunTime:0.0013s ]
SQL: SELECT * FROM `xianj_spec` WHERE `id` IN ('2','24') ORDER BY id asc  [ RunTime:0.0005s ]

[ 2017-06-08T12:45:59+08:00 ] 127.0.0.1 /tp3/Admin/Goods/ajaxGetSpecItemHtml.html
INFO: [ app_begin ] --START--
INFO: Run Behavior\ReadHtmlCacheBehavior [ RunTime:0.001176s ]
INFO: [ app_begin ] --END-- [ RunTime:0.001356s ]
INFO: [ action_begin ] --START--
INFO: Run Admin\Behaviors\AuthBehavior [ RunTime:0.001468s ]
INFO: [ action_begin ] --END-- [ RunTime:0.001636s ]
SQL: SHOW COLUMNS FROM `xianj_spec_items` [ RunTime:0.0010s ]
SQL: SELECT * FROM `xianj_spec_items` WHERE `id` IN ('21','22','23','20','19') ORDER BY spec_id asc  [ RunTime:0.0005s ]
SQL: SHOW COLUMNS FROM `xianj_spec` [ RunTime:0.0008s ]
SQL: SELECT * FROM `xianj_spec` WHERE `id` IN ('2','24') ORDER BY id asc  [ RunTime:0.0010s ]

[ 2017-06-08T12:48:19+08:00 ] 127.0.0.1 /tp3/Admin/Goods/ajaxGetSpecItemHtml.html
INFO: [ app_begin ] --START--
INFO: Run Behavior\ReadHtmlCacheBehavior [ RunTime:0.000835s ]
INFO: [ app_begin ] --END-- [ RunTime:0.000990s ]
INFO: [ action_begin ] --START--
INFO: Run Admin\Behaviors\AuthBehavior [ RunTime:0.001347s ]
INFO: [ action_begin ] --END-- [ RunTime:0.001505s ]
SQL: SHOW COLUMNS FROM `xianj_spec_items` [ RunTime:0.0009s ]
SQL: SELECT * FROM `xianj_spec_items` WHERE `id` IN ('21','22','23','20','19') ORDER BY spec_id asc  [ RunTime:0.0006s ]
SQL: SHOW COLUMNS FROM `xianj_spec` [ RunTime:0.0012s ]
SQL: SELECT * FROM `xianj_spec` WHERE `id` IN ('2','24') ORDER BY id asc  [ RunTime:0.0005s ]

[ 2017-06-08T12:49:15+08:00 ] 127.0.0.1 /tp3/Admin/Goods/ajaxGetSpecItemHtml.html
INFO: [ app_begin ] --START--
INFO: Run Behavior\ReadHtmlCacheBehavior [ RunTime:0.001365s ]
INFO: [ app_begin ] --END-- [ RunTime:0.001615s ]
INFO: [ action_begin ] --START--
INFO: Run Admin\Behaviors\AuthBehavior [ RunTime:0.001728s ]
INFO: [ action_begin ] --END-- [ RunTime:0.001961s ]
SQL: SHOW COLUMNS FROM `xianj_spec_items` [ RunTime:0.0008s ]
SQL: SELECT * FROM `xianj_spec_items` WHERE `id` IN ('21','22','20','19') ORDER BY spec_id asc  [ RunTime:0.0005s ]
SQL: SHOW COLUMNS FROM `xianj_spec` [ RunTime:0.0008s ]
SQL: SELECT * FROM `xianj_spec` WHERE `id` IN ('2','24') ORDER BY id asc  [ RunTime:0.0004s ]

[ 2017-06-08T12:49:49+08:00 ] 127.0.0.1 /tp3/Admin/Goods/ajaxGetSpecItemHtml.html
INFO: [ app_begin ] --START--
INFO: Run Behavior\ReadHtmlCacheBehavior [ RunTime:0.000842s ]
INFO: [ app_begin ] --END-- [ RunTime:0.001001s ]
INFO: [ action_begin ] --START--
INFO: Run Admin\Behaviors\AuthBehavior [ RunTime:0.001746s ]
INFO: [ action_begin ] --END-- [ RunTime:0.002014s ]
SQL: SHOW COLUMNS FROM `xianj_spec_items` [ RunTime:0.0010s ]
SQL: SELECT * FROM `xianj_spec_items` WHERE `id` IN ('21','22','20','19') ORDER BY spec_id asc  [ RunTime:0.0005s ]
SQL: SHOW COLUMNS FROM `xianj_spec` [ RunTime:0.0008s ]
SQL: SELECT * FROM `xianj_spec` WHERE `id` IN ('2','24') ORDER BY id asc  [ RunTime:0.0004s ]

[ 2017-06-08T12:50:20+08:00 ] 127.0.0.1 /tp3/Admin/Goods/ajaxGetSpecItemHtml.html
INFO: [ app_begin ] --START--
INFO: Run Behavior\ReadHtmlCacheBehavior [ RunTime:0.000827s ]
INFO: [ app_begin ] --END-- [ RunTime:0.000989s ]
INFO: [ action_begin ] --START--
INFO: Run Admin\Behaviors\AuthBehavior [ RunTime:0.001343s ]
INFO: [ action_begin ] --END-- [ RunTime:0.001505s ]
SQL: SHOW COLUMNS FROM `xianj_spec_items` [ RunTime:0.0008s ]
SQL: SELECT * FROM `xianj_spec_items` WHERE `id` IN ('21','22','23','20','19') ORDER BY spec_id asc  [ RunTime:0.0005s ]
SQL: SHOW COLUMNS FROM `xianj_spec` [ RunTime:0.0010s ]
SQL: SELECT * FROM `xianj_spec` WHERE `id` IN ('2','24') ORDER BY id asc  [ RunTime:0.0008s ]

[ 2017-06-08T12:50:31+08:00 ] 127.0.0.1 /tp3/Admin/Goods/ajaxGetSpecItemHtml.html
INFO: [ app_begin ] --START--
INFO: Run Behavior\ReadHtmlCacheBehavior [ RunTime:0.000791s ]
INFO: [ app_begin ] --END-- [ RunTime:0.000954s ]
INFO: [ action_begin ] --START--
INFO: Run Admin\Behaviors\AuthBehavior [ RunTime:0.001431s ]
INFO: [ action_begin ] --END-- [ RunTime:0.001654s ]
SQL: SHOW COLUMNS FROM `xianj_spec_items` [ RunTime:0.0010s ]
SQL: SELECT * FROM `xianj_spec_items` WHERE `id` IN ('21','22','23','20','19') ORDER BY spec_id asc  [ RunTime:0.0007s ]
SQL: SHOW COLUMNS FROM `xianj_spec` [ RunTime:0.0008s ]
SQL: SELECT * FROM `xianj_spec` WHERE `id` IN ('2','24') ORDER BY id asc  [ RunTime:0.0005s ]

[ 2017-06-08T12:52:19+08:00 ] 127.0.0.1 /tp3/Admin/Goods/ajaxGetSpecItemHtml.html
INFO: [ app_begin ] --START--
INFO: Run Behavior\ReadHtmlCacheBehavior [ RunTime:0.001280s ]
INFO: [ app_begin ] --END-- [ RunTime:0.001572s ]
INFO: [ action_begin ] --START--
INFO: Run Admin\Behaviors\AuthBehavior [ RunTime:0.001512s ]
INFO: [ action_begin ] --END-- [ RunTime:0.001678s ]
SQL: SHOW COLUMNS FROM `xianj_spec_items` [ RunTime:0.0020s ]
SQL: SELECT * FROM `xianj_spec_items` WHERE `id` IN ('22','23','20','19') ORDER BY spec_id asc  [ RunTime:0.0006s ]
SQL: SHOW COLUMNS FROM `xianj_spec` [ RunTime:0.0015s ]
SQL: SELECT * FROM `xianj_spec` WHERE `id` IN ('2','24') ORDER BY id asc  [ RunTime:0.0005s ]

[ 2017-06-08T14:13:39+08:00 ] 127.0.0.1 /tp3/Admin/Goods/ajaxGetSpecItemHtml.html
INFO: [ app_begin ] --START--
INFO: Run Behavior\ReadHtmlCacheBehavior [ RunTime:0.000829s ]
INFO: [ app_begin ] --END-- [ RunTime:0.000990s ]
INFO: [ action_begin ] --START--
INFO: Run Admin\Behaviors\AuthBehavior [ RunTime:0.001900s ]
INFO: [ action_begin ] --END-- [ RunTime:0.002138s ]
SQL: SHOW COLUMNS FROM `xianj_spec_items` [ RunTime:0.0009s ]
SQL: SELECT * FROM `xianj_spec_items` WHERE `id` IN ('21','22','23','20','19') ORDER BY spec_id asc  [ RunTime:0.0005s ]
SQL: SHOW COLUMNS FROM `xianj_spec` [ RunTime:0.0010s ]
SQL: SELECT * FROM `xianj_spec` WHERE `id` IN ('2','24') ORDER BY id asc  [ RunTime:0.0007s ]

[ 2017-06-08T14:27:14+08:00 ] 127.0.0.1 /tp3/Admin/Goods/ajaxUpload.html
INFO: [ app_begin ] --START--
INFO: Run Behavior\ReadHtmlCacheBehavior [ RunTime:0.000977s ]
INFO: [ app_begin ] --END-- [ RunTime:0.001155s ]
INFO: [ action_begin ] --START--
INFO: Run Admin\Behaviors\AuthBehavior [ RunTime:0.003886s ]
INFO: [ action_begin ] --END-- [ RunTime:0.004177s ]
NOTIC: [2] call_user_func() expects parameter 1 to be a valid callback, no array or string given F:\website\demo\tp3\ThinkPHP\Library\Think\Upload.class.php 第 170 行.

[ 2017-06-08T14:28:40+08:00 ] 127.0.0.1 /tp3/Admin/Goods/ajaxUpload.html
INFO: [ app_begin ] --START--
INFO: Run Behavior\ReadHtmlCacheBehavior [ RunTime:0.002140s ]
INFO: [ app_begin ] --END-- [ RunTime:0.002385s ]
INFO: [ action_begin ] --START--
INFO: Run Admin\Behaviors\AuthBehavior [ RunTime:0.001765s ]
INFO: [ action_begin ] --END-- [ RunTime:0.001964s ]
NOTIC: [2] call_user_func() expects parameter 1 to be a valid callback, no array or string given F:\website\demo\tp3\ThinkPHP\Library\Think\Upload.class.php 第 170 行.

[ 2017-06-08T14:28:50+08:00 ] 127.0.0.1 /tp3/Admin/Goods/ajaxGetSpecItemHtml.html
INFO: [ app_begin ] --START--
INFO: Run Behavior\ReadHtmlCacheBehavior [ RunTime:0.001769s ]
INFO: [ app_begin ] --END-- [ RunTime:0.002019s ]
INFO: [ action_begin ] --START--
INFO: Run Admin\Behaviors\AuthBehavior [ RunTime:0.002152s ]
INFO: [ action_begin ] --END-- [ RunTime:0.002351s ]
SQL: SHOW COLUMNS FROM `xianj_spec_items` [ RunTime:0.0009s ]
SQL: SELECT * FROM `xianj_spec_items` WHERE `id` IN ('21','20') ORDER BY spec_id asc  [ RunTime:0.0005s ]
SQL: SHOW COLUMNS FROM `xianj_spec` [ RunTime:0.0019s ]
SQL: SELECT * FROM `xianj_spec` WHERE `id` IN ('2','24') ORDER BY id asc  [ RunTime:0.0006s ]

[ 2017-06-08T18:06:59+08:00 ] 127.0.0.1 /tp3/Admin/Goods/ajaxGetSpecItemHtml.html
INFO: [ app_begin ] --START--
INFO: Run Behavior\ReadHtmlCacheBehavior [ RunTime:0.001025s ]
INFO: [ app_begin ] --END-- [ RunTime:0.001205s ]
INFO: [ action_begin ] --START--
INFO: Run Admin\Behaviors\AuthBehavior [ RunTime:0.002618s ]
INFO: [ action_begin ] --END-- [ RunTime:0.002914s ]
SQL: SHOW COLUMNS FROM `xianj_spec_items` [ RunTime:0.0009s ]
SQL: SELECT * FROM `xianj_spec_items` WHERE `id` IN ('21','22','23','20','19') ORDER BY spec_id asc  [ RunTime:0.0006s ]
SQL: SHOW COLUMNS FROM `xianj_spec` [ RunTime:0.0078s ]
SQL: SELECT * FROM `xianj_spec` WHERE `id` IN ('2','24') ORDER BY id asc  [ RunTime:0.0005s ]

[ 2017-06-08T18:26:19+08:00 ] 127.0.0.1 /tp3/Admin/Goods/ajaxUpload.html
INFO: [ app_begin ] --START--
INFO: Run Behavior\ReadHtmlCacheBehavior [ RunTime:0.001077s ]
INFO: [ app_begin ] --END-- [ RunTime:0.001243s ]
INFO: [ action_begin ] --START--
INFO: Run Admin\Behaviors\AuthBehavior [ RunTime:0.001862s ]
INFO: [ action_begin ] --END-- [ RunTime:0.002198s ]
NOTIC: [2] call_user_func() expects parameter 1 to be a valid callback, no array or string given F:\website\demo\tp3\ThinkPHP\Library\Think\Upload.class.php 第 170 行.

[ 2017-06-08T18:28:32+08:00 ] 127.0.0.1 /tp3/Admin/Goods/ajaxUpload.html
INFO: [ app_begin ] --START--
INFO: Run Behavior\ReadHtmlCacheBehavior [ RunTime:0.001232s ]
INFO: [ app_begin ] --END-- [ RunTime:0.001555s ]
INFO: [ action_begin ] --START--
INFO: Run Admin\Behaviors\AuthBehavior [ RunTime:0.001845s ]
INFO: [ action_begin ] --END-- [ RunTime:0.002043s ]
NOTIC: [2] call_user_func() expects parameter 1 to be a valid callback, no array or string given F:\website\demo\tp3\ThinkPHP\Library\Think\Upload.class.php 第 170 行.

[ 2017-06-08T18:28:38+08:00 ] 127.0.0.1 /tp3/Admin/Goods/ajaxGetSpecItemHtml.html
INFO: [ app_begin ] --START--
INFO: Run Behavior\ReadHtmlCacheBehavior [ RunTime:0.001248s ]
INFO: [ app_begin ] --END-- [ RunTime:0.001542s ]
INFO: [ action_begin ] --START--
INFO: Run Admin\Behaviors\AuthBehavior [ RunTime:0.001718s ]
INFO: [ action_begin ] --END-- [ RunTime:0.001898s ]
SQL: SHOW COLUMNS FROM `xianj_spec_items` [ RunTime:0.0012s ]
SQL: SELECT * FROM `xianj_spec_items` WHERE `id` IN ('21','20') ORDER BY spec_id asc  [ RunTime:0.0005s ]
SQL: SHOW COLUMNS FROM `xianj_spec` [ RunTime:0.0009s ]
SQL: SELECT * FROM `xianj_spec` WHERE `id` IN ('2','24') ORDER BY id asc  [ RunTime:0.0004s ]

[ 2017-06-08T18:29:19+08:00 ] 127.0.0.1 /tp3/Admin/Goods/ajaxGetSpecItemHtml.html
INFO: [ app_begin ] --START--
INFO: Run Behavior\ReadHtmlCacheBehavior [ RunTime:0.001055s ]
INFO: [ app_begin ] --END-- [ RunTime:0.001215s ]
INFO: [ action_begin ] --START--
INFO: Run Admin\Behaviors\AuthBehavior [ RunTime:0.002405s ]
INFO: [ action_begin ] --END-- [ RunTime:0.002734s ]
SQL: SHOW COLUMNS FROM `xianj_spec_items` [ RunTime:0.0008s ]
SQL: SELECT * FROM `xianj_spec_items` WHERE `id` IN ('21','20') ORDER BY spec_id asc  [ RunTime:0.0006s ]
SQL: SHOW COLUMNS FROM `xianj_spec` [ RunTime:0.0009s ]
SQL: SELECT * FROM `xianj_spec` WHERE `id` IN ('2','24') ORDER BY id asc  [ RunTime:0.0008s ]

[ 2017-06-08T18:33:25+08:00 ] 127.0.0.1 /tp3/Admin/Goods/ajaxGetSpecItemHtml.html
INFO: [ app_begin ] --START--
INFO: Run Behavior\ReadHtmlCacheBehavior [ RunTime:0.001022s ]
INFO: [ app_begin ] --END-- [ RunTime:0.001209s ]
INFO: [ action_begin ] --START--
INFO: Run Admin\Behaviors\AuthBehavior [ RunTime:0.003031s ]
INFO: [ action_begin ] --END-- [ RunTime:0.003322s ]
SQL: SHOW COLUMNS FROM `xianj_spec_items` [ RunTime:0.0019s ]
SQL: SELECT * FROM `xianj_spec_items` WHERE `id` IN ('21','22','23','20','19') ORDER BY spec_id asc  [ RunTime:0.0006s ]
SQL: SHOW COLUMNS FROM `xianj_spec` [ RunTime:0.0010s ]
SQL: SELECT * FROM `xianj_spec` WHERE `id` IN ('2','24') ORDER BY id asc  [ RunTime:0.0005s ]

[ 2017-06-08T19:02:32+08:00 ] 127.0.0.1 /tp3/Admin/Goods/ajaxGetSpecItemHtml.html
INFO: [ app_begin ] --START--
INFO: Run Behavior\ReadHtmlCacheBehavior [ RunTime:0.001129s ]
INFO: [ app_begin ] --END-- [ RunTime:0.001302s ]
INFO: [ action_begin ] --START--
INFO: Run Admin\Behaviors\AuthBehavior [ RunTime:0.001754s ]
INFO: [ action_begin ] --END-- [ RunTime:0.001929s ]
SQL: SHOW COLUMNS FROM `xianj_spec_items` [ RunTime:0.0009s ]
SQL: SELECT * FROM `xianj_spec_items` WHERE `id` IN ('21','22','20') ORDER BY spec_id asc  [ RunTime:0.0006s ]
SQL: SHOW COLUMNS FROM `xianj_spec` [ RunTime:0.0013s ]
SQL: SELECT * FROM `xianj_spec` WHERE `id` IN ('2','24') ORDER BY id asc  [ RunTime:0.0007s ]

[ 2017-06-08T19:02:50+08:00 ] 127.0.0.1 /tp3/Admin/Goods/ajaxUpload.html
INFO: [ app_begin ] --START--
INFO: Run Behavior\ReadHtmlCacheBehavior [ RunTime:0.001358s ]
INFO: [ app_begin ] --END-- [ RunTime:0.001578s ]
INFO: [ action_begin ] --START--
INFO: Run Admin\Behaviors\AuthBehavior [ RunTime:0.003219s ]
INFO: [ action_begin ] --END-- [ RunTime:0.003481s ]
NOTIC: [2] call_user_func() expects parameter 1 to be a valid callback, no array or string given F:\website\demo\tp3\ThinkPHP\Library\Think\Upload.class.php 第 170 行.

[ 2017-06-08T19:07:24+08:00 ] 127.0.0.1 /tp3/Admin/Goods/ajaxGetSpecItemHtml.html
INFO: [ app_begin ] --START--
INFO: Run Behavior\ReadHtmlCacheBehavior [ RunTime:0.001118s ]
INFO: [ app_begin ] --END-- [ RunTime:0.001285s ]
INFO: [ action_begin ] --START--
INFO: Run Admin\Behaviors\AuthBehavior [ RunTime:0.001674s ]
INFO: [ action_begin ] --END-- [ RunTime:0.001854s ]
SQL: SHOW COLUMNS FROM `xianj_spec_items` [ RunTime:0.0011s ]
SQL: SELECT * FROM `xianj_spec_items` WHERE `id` IN ('21','22','23','20','19') ORDER BY spec_id asc  [ RunTime:0.0012s ]
SQL: SHOW COLUMNS FROM `xianj_spec` [ RunTime:0.0009s ]
SQL: SELECT * FROM `xianj_spec` WHERE `id` IN ('2','24') ORDER BY id asc  [ RunTime:0.0005s ]

[ 2017-06-08T19:36:56+08:00 ] 127.0.0.1 /tp3/Admin/Goods/ajaxUpload.html
INFO: [ app_begin ] --START--
INFO: Run Behavior\ReadHtmlCacheBehavior [ RunTime:0.001711s ]
INFO: [ app_begin ] --END-- [ RunTime:0.002045s ]
INFO: [ action_begin ] --START--
INFO: Run Admin\Behaviors\AuthBehavior [ RunTime:0.001318s ]
INFO: [ action_begin ] --END-- [ RunTime:0.001532s ]
NOTIC: [2] call_user_func() expects parameter 1 to be a valid callback, no array or string given F:\website\demo\tp3\ThinkPHP\Library\Think\Upload.class.php 第 170 行.

[ 2017-06-08T19:42:19+08:00 ] 127.0.0.1 /tp3/Admin/Goods/ajaxUpload.html
INFO: [ app_begin ] --START--
INFO: Run Behavior\ReadHtmlCacheBehavior [ RunTime:0.002393s ]
INFO: [ app_begin ] --END-- [ RunTime:0.002698s ]
INFO: [ action_begin ] --START--
INFO: Run Admin\Behaviors\AuthBehavior [ RunTime:0.002192s ]
INFO: [ action_begin ] --END-- [ RunTime:0.002506s ]
NOTIC: [2] call_user_func() expects parameter 1 to be a valid callback, no array or string given F:\website\demo\tp3\ThinkPHP\Library\Think\Upload.class.php 第 170 行.

[ 2017-06-08T19:43:36+08:00 ] 127.0.0.1 /tp3/Admin/Goods/ajaxUpload.html
INFO: [ app_begin ] --START--
INFO: Run Behavior\ReadHtmlCacheBehavior [ RunTime:0.002723s ]
INFO: [ app_begin ] --END-- [ RunTime:0.003019s ]
INFO: [ action_begin ] --START--
INFO: Run Admin\Behaviors\AuthBehavior [ RunTime:0.002182s ]
INFO: [ action_begin ] --END-- [ RunTime:0.002644s ]
NOTIC: [2] call_user_func() expects parameter 1 to be a valid callback, no array or string given F:\website\demo\tp3\ThinkPHP\Library\Think\Upload.class.php 第 170 行.

[ 2017-06-08T19:47:56+08:00 ] 127.0.0.1 /tp3/Admin/Goods/ajaxUpload.html
INFO: [ app_begin ] --START--
INFO: Run Behavior\ReadHtmlCacheBehavior [ RunTime:0.001027s ]
INFO: [ app_begin ] --END-- [ RunTime:0.001195s ]
INFO: [ action_begin ] --START--
INFO: Run Admin\Behaviors\AuthBehavior [ RunTime:0.001690s ]
INFO: [ action_begin ] --END-- [ RunTime:0.001861s ]
NOTIC: [2] call_user_func() expects parameter 1 to be a valid callback, no array or string given F:\website\demo\tp3\ThinkPHP\Library\Think\Upload.class.php 第 170 行.

[ 2017-06-08T19:47:59+08:00 ] 127.0.0.1 /tp3/Admin/Goods/ajaxUpload.html
INFO: [ app_begin ] --START--
INFO: Run Behavior\ReadHtmlCacheBehavior [ RunTime:0.001224s ]
INFO: [ app_begin ] --END-- [ RunTime:0.001454s ]
INFO: [ action_begin ] --START--
INFO: Run Admin\Behaviors\AuthBehavior [ RunTime:0.001702s ]
INFO: [ action_begin ] --END-- [ RunTime:0.001863s ]
NOTIC: [2] call_user_func() expects parameter 1 to be a valid callback, no array or string given F:\website\demo\tp3\ThinkPHP\Library\Think\Upload.class.php 第 170 行.

[ 2017-06-08T20:14:30+08:00 ] 127.0.0.1 /tp3/Admin/Goods/ajaxUpload.html
INFO: [ app_begin ] --START--
INFO: Run Behavior\ReadHtmlCacheBehavior [ RunTime:0.000953s ]
INFO: [ app_begin ] --END-- [ RunTime:0.001123s ]
INFO: [ action_begin ] --START--
INFO: Run Admin\Behaviors\AuthBehavior [ RunTime:0.003275s ]
INFO: [ action_begin ] --END-- [ RunTime:0.003638s ]
NOTIC: [2] call_user_func() expects parameter 1 to be a valid callback, no array or string given F:\website\demo\tp3\ThinkPHP\Library\Think\Upload.class.php 第 170 行.

[ 2017-06-08T20:20:49+08:00 ] 127.0.0.1 /tp3/Admin/Goods/ajaxUpload.html
INFO: [ app_begin ] --START--
INFO: Run Behavior\ReadHtmlCacheBehavior [ RunTime:0.001526s ]
INFO: [ app_begin ] --END-- [ RunTime:0.001775s ]
INFO: [ action_begin ] --START--
INFO: Run Admin\Behaviors\AuthBehavior [ RunTime:0.001586s ]
INFO: [ action_begin ] --END-- [ RunTime:0.001758s ]
NOTIC: [2] call_user_func() expects parameter 1 to be a valid callback, no array or string given F:\website\demo\tp3\ThinkPHP\Library\Think\Upload.class.php 第 170 行.

[ 2017-06-08T20:21:44+08:00 ] 127.0.0.1 /tp3/Admin/Goods/ajaxUpload.html
INFO: [ app_begin ] --START--
INFO: Run Behavior\ReadHtmlCacheBehavior [ RunTime:0.001280s ]
INFO: [ app_begin ] --END-- [ RunTime:0.001486s ]
INFO: [ action_begin ] --START--
INFO: Run Admin\Behaviors\AuthBehavior [ RunTime:0.001478s ]
INFO: [ action_begin ] --END-- [ RunTime:0.001663s ]
NOTIC: [2] call_user_func() expects parameter 1 to be a valid callback, no array or string given F:\website\demo\tp3\ThinkPHP\Library\Think\Upload.class.php 第 170 行.

[ 2017-06-08T20:23:54+08:00 ] 127.0.0.1 /tp3/Admin/Goods/ajaxUpload.html
INFO: [ app_begin ] --START--
INFO: Run Behavior\ReadHtmlCacheBehavior [ RunTime:0.000970s ]
INFO: [ app_begin ] --END-- [ RunTime:0.001132s ]
INFO: [ action_begin ] --START--
INFO: Run Admin\Behaviors\AuthBehavior [ RunTime:0.003500s ]
INFO: [ action_begin ] --END-- [ RunTime:0.003731s ]
NOTIC: [2] call_user_func() expects parameter 1 to be a valid callback, no array or string given F:\website\demo\tp3\ThinkPHP\Library\Think\Upload.class.php 第 170 行.

